[21/07/2011 17:26:43] Elaa: me ajuda to preso
[21/07/2011 17:26:44] Elaa: s
[21/07/2011 17:31:30] Elaa: aceita um poliwhil nun pikachu
[21/07/2011 17:31:31] Elaa: ?
[05/08/2011 12:12:05] Exots: alfguem?
[05/08/2011 14:10:28] Loki: TEM ALGUEM AE
[05/08/2011 14:10:28] Loki: ?
[05/08/2011 17:26:30] Krodenzin: quem mais fora eu ta jogando isso?
[05/08/2011 17:26:49] Krodenzin: aa
[05/08/2011 17:26:50] Krodenzin: gods
[05/08/2011 17:26:51] Krodenzin: safidin
[05/08/2011 17:28:14] Krodenzin: achei bug
[05/08/2011 17:28:25] Krodenzin: toda hora ta caindo e quando cai volta mo tanto 
[05/08/2011 17:28:35] Krodenzin: voltei pro lv 11 dinovo
[05/08/2011 17:28:43] Krodenzin: ja é 2 vez ja
[05/08/2011 17:29:28] Krodenzin: dos que tenho nehum tem bug
[05/08/2011 17:30:32] Krodenzin: responde n?
[05/08/2011 17:40:38] Krodenzin: to falando e vc nao responde krl
[05/08/2011 17:40:42] Krodenzin: filho da puta
[05/08/2011 17:40:46] Krodenzin: corno
[05/08/2011 17:40:48] Krodenzin: otario
[05/08/2011 17:40:50] Krodenzin: kkkkkkkkk
[05/08/2011 17:40:51] Krodenzin: babaca
[05/08/2011 17:40:56] Krodenzin: vagabundo
[05/08/2011 17:40:59] Krodenzin: babacao
[05/08/2011 17:41:02] Krodenzin: ptarrio
[05/08/2011 17:41:07] Krodenzin: noob
[05/08/2011 17:41:09] Krodenzin: noobizoa
[05/08/2011 17:41:12] Krodenzin: noobao
[05/08/2011 17:44:52] Mix Revoltz: algum gm ae
[05/08/2011 18:04:44] Arnon Ruann: gm eu sei 1 pokemon bugado
[05/08/2011 18:11:46] Arnon Ruann: gm se ta ai
[05/08/2011 18:15:50] Arnon Ruann: Gm to com 1 pokemon que ta bugado
[05/08/2011 18:17:05] Arnon Ruann: hi
[05/08/2011 20:46:33] Klimber: Adm on ?
[05/08/2011 20:47:08] Arnon Ruann: klimber lvl?
[05/08/2011 21:50:15] Klimber: perdi meu gloom :@
[05/08/2011 23:18:34] Digdin: gm?
[05/08/2011 23:18:48] New back: alguem on
[05/08/2011 23:18:49] New back: ?
[05/08/2011 23:37:18] Proolis: alguem ai?
[05/08/2011 23:39:04] Klimber: sim
[05/08/2011 23:40:20] Proolis: ^^
[06/08/2011 12:23:34] Arnon Ruann: pq ta lag assim
[06/08/2011 12:42:09] Proolis: alguem ai?
[06/08/2011 13:20:58] Rockerao: ei gm me da  um poke?
[06/08/2011 14:27:41] [Tutor] Klimber: Uou..Boa tarde (:
[06/08/2011 14:29:51] Zatul: Tutor quanto ta a porcentagem de Catch?
[06/08/2011 14:30:28] [Tutor] Klimber: Isso nao foi informado pelo adm !
[06/08/2011 14:30:40] [Tutor] Klimber: Na hora que ele entrar eu pergunto (:
[06/08/2011 14:30:43] Zatul: ele ta on?
[06/08/2011 14:30:49] Zatul: a entom ta4
[06/08/2011 14:30:51] [Tutor] Klimber: Não!
[06/08/2011 14:30:51] Zatul: vlw
[06/08/2011 14:30:59] [Tutor] Klimber: :)
[06/08/2011 14:31:05] Zatul: grats pelo cargo lembro quando vc n era ainda tutor
[06/08/2011 14:31:16] [Tutor] Klimber: Hehehe (:
[06/08/2011 14:31:33] Zatul: acho q o catch ta igual o SVKE
[06/08/2011 14:32:10] [Tutor] Klimber: Tá foda dar catch né ...ele mesmo percebeu...e falou que vai mexer depois
[06/08/2011 14:32:43] Gui mlk: utamo vita
[06/08/2011 14:32:47] Gui mlk: ops
[06/08/2011 14:32:50] Gui mlk: XD
[06/08/2011 14:32:55] Gui mlk: magia errada
[06/08/2011 14:32:58] Zatul: ontio era 3 da madruga ele falo q aumento
[06/08/2011 14:33:04] Zatul: imagina se n tivesse aumentado
[06/08/2011 14:33:36] Zatul: uhuu achei ilha psyduck
[06/08/2011 14:33:38] Zatul: kkk
[06/08/2011 14:34:01] [Tutor] Klimber: uauhuhauha
[06/08/2011 14:34:01] [Tutor] Klimber: :D
[06/08/2011 14:34:40] Gui mlk: qndo tera cliente proprio
[06/08/2011 14:35:04] Zatul: quando ele terminar os projetos do server
[06/08/2011 14:35:15] Gui mlk: ok
[06/08/2011 14:35:27] Zatul: hehe dei uma de tutor
[06/08/2011 14:35:33] Gui mlk: kk
[06/08/2011 14:35:37] Gui mlk: é mesmo
[06/08/2011 14:35:38] Gui mlk: XD
[06/08/2011 14:36:44] Zatul: pelomenos pra compenssa o catch baixo dropa stone facim tenhu 3 ja
[06/08/2011 14:36:55] Gui mlk: XD
[06/08/2011 14:37:24] Gui mlk: a maioria dos server que tem esse mapa o loot é facil
[06/08/2011 14:37:29] Gui mlk: dropa stone rapidin
[06/08/2011 14:38:12] Zatul: vom converssa dno game chat se n o tutor acha ruim
[06/08/2011 14:38:37] Gui mlk: ok
[06/08/2011 14:58:12] Joaninhaa: SELL NIDOQUEEN
[06/08/2011 14:58:59] Zatul: chat errado favor fazer vendas no Trade
[06/08/2011 14:59:01] Zatul: Obrigado
[06/08/2011 14:59:20] Joaninhaa: nao tem nego no trade
[06/08/2011 14:59:23] Joaninhaa: :/
[06/08/2011 14:59:29] Zatul: vai no chat
[06/08/2011 14:59:33] Zatul: tem gente la
[06/08/2011 15:06:04] Arnon Ruann: God se ta ai
[06/08/2011 15:19:06] Zatul: Tutor q lv usa Starmie?
[06/08/2011 15:19:31] Arnon Ruann: 45
[06/08/2011 15:19:40] Zatul: vlw
[11/08/2015 13:24:19] Darklord: tem comando de corre no jogo ??
[11/08/2015 14:52:27] Cloud: adm ta ae?
[11/08/2015 15:45:54] Cloud: hi
[11/08/2015 15:59:30] Darklord: onde tem quest ?   
[11/08/2015 16:00:11] Quade: Dark boa pergunta mais e so procura agente acha uma kk
[11/08/2015 16:00:42] Cloud: pqp adm soltou um charozard no meio de saffron quase morri
[11/08/2015 16:00:49] Darklord: kkk se tive tbm né ta foda pra pega poke
[11/08/2015 16:04:01] Cloud: 16:04 Congratulations, you won a Charizard (Macho) !
[11/08/2015 16:04:02] Cloud: 16:04 Congratulations, you won a Charizard (Macho) !
[11/08/2015 16:04:57] Quade: hi
[11/08/2015 16:06:18] Darklord: adm faz evento ou mostra onde fica as quests
[11/08/2015 16:06:55] Cloud: adm ta concertando o bug do pokemon collector
[11/08/2015 16:07:16] Quade: hi
[11/08/2015 16:07:38] King Zun: hi
[11/08/2015 17:55:27] Pixelmon: como consegue grana ake ??
[11/08/2015 18:00:12] Ongbak: sistema de lvl acabando com o server :/
[11/08/2015 18:11:43] Faker: Alguem dá staff poderia vir em saffron ?
[11/08/2015 18:19:13] Brenno: alguem da staff ae?
[11/08/2015 19:04:33] Hiago: não evolui por level?
[11/08/2015 19:12:38] Pixelmon: hi
[11/08/2015 19:16:39] Optmus Prime: como uso dex?
[11/08/2015 19:17:05] Pixelmon: ?
[11/08/2015 19:17:25] Optmus Prime: pokedex n consigo usa-la
[11/08/2015 19:18:02] Guh Santos: voce tem que ter o lvl do pokemon, selvagem exemplo: charmander selvagem é lvl 20 então voce tbm tem que ser lvl 20 ou + para dar dex
[11/08/2015 19:18:30] Optmus Prime: mas n da para usar no meu proprio poke?
[11/08/2015 19:19:07] Guh Santos: da sim, mais voce tem que ter o lvl 20+ para poder dar dex nos pokemons iniciais
[11/08/2015 19:19:21] Optmus Prime: estou em uma caverna e n consigo subir pra superficie como faço?
[11/08/2015 19:24:53] Pixelmon: nao tem quando voçe vai abrir a bag ?? do lado << tem 1 item chamado rope se clika com ele no buraco
[11/08/2015 19:26:54] Bigbear: adm achei uma quest porem ta vazia
[11/08/2015 19:27:26] Guh Santos: Bigbear reporte ^^ ctrl+o
[11/08/2015 19:28:27] Bigbear: nao da guh abre a pastinha
[11/08/2015 19:28:44] Guh Santos: Ops Ctrl+r
[11/08/2015 19:28:50] Guh Santos: desculpa ^^
[11/08/2015 20:20:24] Gah Zks: Sou iniciante como faço para pegar meus pokemon inicantes
[11/08/2015 20:48:14] Killua Zoldyck: algum adm ae ?
[11/08/2015 21:13:26] Draxtz: O server vai ter reset?
[11/08/2015 21:33:16] Sub-zero: esse serve ta em beta é 
[11/08/2015 21:33:35] Sub-zero: ?
[11/08/2015 21:35:22] Sub-zero: hi
[11/08/2015 21:46:31] Kanov Zika: pq tem vez q a pokebola nao vai? é bug?
[11/08/2015 21:55:30] Guh Santos: eita
[11/08/2015 21:55:31] Guh Santos: caiu 
[11/08/2015 22:42:00] Guh Santos: >
[11/08/2015 22:42:02] Guh Santos: da /r
[11/08/2015 23:18:34] Reload: cara não consigo dar dex no meu bulbasauro
[11/08/2015 23:18:40] Reload: pra ver o lvl de evolução
[11/08/2015 23:20:19] Guh Santos: voce só vai ter como dar dex no seu pokemon apartir do lvl 20
[11/08/2015 23:21:19] Reload: lol
[11/08/2015 23:21:25] Reload: e qual lvl ele evolui?
[11/08/2015 23:21:42] Guh Santos: 40, mis upa rapido
[11/08/2015 23:22:36] Reload: sss, to vendo u.u
[11/08/2015 23:22:47] Reload: mas onde eu vendo os pokes
[11/08/2015 23:22:52] Reload: que capturei?
[11/08/2015 23:23:45] Guh Santos: no momento esse npc n está comprando pokemons mais os adms ja estão fazendo o possivel para arrumar
[11/08/2015 23:24:40] Reload: pputs gastei todas minhas balls pra nada
[11/08/2015 23:24:55] Reload: se soubesse tinha feito algo mais produtivo kkkk vlw ae
[11/08/2015 23:25:03] Guh Santos: aguarde amanhã ainda ja estara concertado
[11/08/2015 23:26:30] Reload: como tao conseguindo dinheiro enquanto ta sem o npc?
[11/08/2015 23:26:44] Guh Santos: loot
[11/08/2015 23:27:31] Reload: tem o auto loot?
[11/08/2015 23:27:40] Guh Santos: ss
[11/08/2015 23:27:46] Guh Santos: clica no pokemon
[12/08/2015 00:13:56] Bob: chamnder com dois fire fang
[12/08/2015 09:29:05] Bob: pokemon colector
[12/08/2015 09:29:08] Bob: foi arrumado?
[12/08/2015 11:46:23] King Sul: Adm on
[12/08/2015 12:06:17] King Sul: ^^
[12/08/2015 12:44:39] King Sul: ADm Tais ae
[12/08/2015 12:53:41] Cost: qual dsownload do old client?
[12/08/2015 13:05:06] Cost: Bug detectado!
[12/08/2015 13:05:47] Guh Santos: report ctrl+r
[12/08/2015 13:31:14] Cost: só acho que vao ter que reformula essa equipe mt boa
[12/08/2015 15:36:37] King Sul: sell scyther 
[12/08/2015 15:41:06] Cost: ?mds quem foi que pesco igual um inbecil aki?
[12/08/2015 15:41:17] Yukina: Faker -.-
[12/08/2015 16:07:48] Ghost: razor leaf esta bugado
[12/08/2015 20:43:50] Vaizardx: O level dos pokemons servem para evoluir ou ficar mais forte ?
[12/08/2015 21:13:25] Katryna: agr que eu entrei?? kkk
[12/08/2015 21:27:00] Could: '-'
[12/08/2015 21:57:36] Cost: meu oddish n ta evoluindo
[12/08/2015 21:58:02] Could: ele evolui somente por lvl. em qual level ele se encontra?
[12/08/2015 21:58:16] Cost: lvl 22
[12/08/2015 21:58:55] Could: deve ser 25 ou 30 nem sei
[12/08/2015 22:31:41] Could: hi
[12/08/2015 22:39:49] Cost: pra que coloca 2 blastoise na quest inicial? lvl 89
[12/08/2015 22:40:13] Could: uhsuashas
[13/08/2015 01:13:35] Legend Omg: como sair do surf
[13/08/2015 01:15:10] Legend Omg: hi
[13/08/2015 10:57:16] Nagashika: sv bugado :D
[13/08/2015 12:22:24] Bigliu: Alguém sabe qual o comando que vê quantas balls taquei em determinado poke?
[13/08/2015 15:43:40] Angel-god: kakakakakaaa ka
[13/08/2015 15:43:57] Angel-god: mas eu to rindo a toaa essa mulher n sei oq ... musica chata "-,
[13/08/2015 16:41:24] Nagashika: pesca ta bugada?e.e
[13/08/2015 16:41:37] Estupido: nao to conseguindo pescar
[13/08/2015 16:41:40] Guh Santos: rlx ae ja vai arrumar
[13/08/2015 19:47:05] Drk Shadow: Alguem ae ? preciso de ajuda...
[13/08/2015 19:47:17] Guh Santos: em que?
[13/08/2015 19:47:40] Drk Shadow: N posso usar order :/
[13/08/2015 19:47:54] Drk Shadow: Como vou quebrar a pedra pra passar no caminho aqui ? k
[13/08/2015 19:48:10] Guh Santos: vish, só com o adm
[13/08/2015 19:48:18] Drk Shadow: tenso ein -.-
[13/08/2015 19:48:19] Drk Shadow: vlw k
[13/08/2015 19:50:22] Drk Shadow: O adm ja entrou alguma vez nesse server ? k
[13/08/2015 19:52:45] Guh Santos: sim. 
[13/08/2015 19:52:49] Guh Santos: abre o game chat
[13/08/2015 19:53:01] Guh Santos: mais acho que estão off no momento
[13/08/2015 19:53:58] Nagashika: q lv ivysauro evolui?
[13/08/2015 20:58:47] Kamiofdeath: eu mudei algumas sprites do client que baixei, tem algum problema ? eu deixei elas mais bonitas
[13/08/2015 22:26:10] Slack: alguem ae?
[14/08/2015 11:47:54] Weydermax: ou alquem
[14/08/2015 13:52:39] Crisztyan: aki tem quest inicial?
[16/08/2015 21:29:21] Junior Kstt: hi
[17/08/2015 00:28:24] Laghima: com qual lvl o charmander evolui?
[17/08/2015 11:20:40] Azuke: Algum ADM ON TO TODO BUGADO LVL -1 -1-1
[17/08/2015 11:20:42] Azuke: o que e isso ?
