[11/08/2015 15:37:45] /goto valakinhas
[11/08/2015 15:40:09] /m charizard
[11/08/2015 15:41:08] /s blastoise
[11/08/2015 15:41:16] /s blastoise
[11/08/2015 15:42:09] /r
[11/08/2015 15:44:36] /attr group 6 [PDR] Vlakinhas
[11/08/2015 15:44:50] /attr group 6 [PDR] Valakinhas
[11/08/2015 20:40:50] /goto Guh Santos
[11/08/2015 20:40:57] /ghost
[11/08/2015 20:42:55] /n Safari
[11/08/2015 20:43:36] /i Hundred Dollar
[11/08/2015 20:46:34] /goto 1049, 1492, 7
[11/08/2015 20:47:23] /r 
[11/08/2015 21:25:10] /town 7
[11/08/2015 21:25:47] /goto 1207, 1021, 6
[11/08/2015 21:26:23] /goto 1207, 1021, Z: 5
[11/08/2015 21:26:31] /goto 1207, 1021, Z: 5
[11/08/2015 21:26:43] /town 3
[11/08/2015 21:26:52] /town 4
[11/08/2015 22:28:14] /goto 1196, 1000, 7
[11/08/2015 22:29:41] /town 5
[11/08/2015 22:31:53] /b QUERO VÊ QUEM VAI FAZER AS QUESTS FODA >.<
[11/08/2015 22:41:54] /goto Guh Santos
[11/08/2015 22:53:34] /b Vou reiniciar pra quest das stones
[11/08/2015 22:55:28] /goto Guh Santos
[11/08/2015 22:55:58] /n nurse
[11/08/2015 22:56:09] /r
[11/08/2015 22:58:34] /r
[11/08/2015 22:58:37] /r
[11/08/2015 23:04:06] /i leaf stone
[11/08/2015 23:04:07] /i leaf stone
[11/08/2015 23:04:08] /i leaf stone
[11/08/2015 23:04:08] /i leaf stone
[11/08/2015 23:04:09] /i leaf stone
[11/08/2015 23:05:34] /i fire stone
[11/08/2015 23:05:38] /i leaf stone
[11/08/2015 23:07:55] /m charizard
[11/08/2015 23:07:56] /m charizard
[11/08/2015 23:07:56] /m charizard
[11/08/2015 23:07:57] /m charizard
[11/08/2015 23:07:57] /m charizard
[11/08/2015 23:07:58] /m charizard
[11/08/2015 23:07:58] /m charizard
[11/08/2015 23:07:58] /m charizard
[11/08/2015 23:07:59] /m charizard/m charizard
[11/08/2015 23:08:00] /m charizard/m charizard/m charizard
[11/08/2015 23:11:09] /i fire stone
[11/08/2015 23:11:10] /i fire stone
[11/08/2015 23:11:20] /i fire stone
[11/08/2015 23:11:21] /i fire stone
[11/08/2015 23:11:57] /m charizard
[11/08/2015 23:11:58] /m charizard
[11/08/2015 23:11:58] /m charizard
[11/08/2015 23:11:59] /m charizard
[11/08/2015 23:11:59] /m charizard
[11/08/2015 23:12:04] /m charizard
[11/08/2015 23:12:04] /m charizard
[11/08/2015 23:12:05] /m charizard
[11/08/2015 23:12:05] /m charizard
[11/08/2015 23:33:47] /i Fire Stone
[11/08/2015 23:48:45] /b server ira reiniciar para atualizar mapa e quests.
[11/08/2015 23:56:53] /town 3
[11/08/2015 23:56:58] /town 4
[12/08/2015 00:25:31] /ghost
[12/08/2015 00:25:34] /goto [PDR] Rick
[12/08/2015 02:40:56] /goto  Alyson
[12/08/2015 02:41:10] /m rattata
[12/08/2015 02:41:12] /m rattata
[12/08/2015 02:42:04] /m rattata
[12/08/2015 04:21:31] /ghost
[12/08/2015 04:21:37] /ghost
[12/08/2015 04:21:52] /goto Alyson
[12/08/2015 09:36:12] /i revive
[12/08/2015 09:40:27] /ghost
[12/08/2015 09:50:25] /b CERULEAN QUEST
[12/08/2015 09:50:45] /b QUEM QUISER IR GO CP CERULEAN
[12/08/2015 09:50:55] /town 4
[12/08/2015 09:53:16] /b mais alguem cerulean quest?
[12/08/2015 09:57:33] /r
[12/08/2015 10:11:38] /b DELICIA
[12/08/2015 10:12:30] /m oddish
[12/08/2015 10:12:31] /m oddish
[12/08/2015 10:12:35] /m oddish/m oddish
[12/08/2015 10:12:35] /m oddish
[12/08/2015 10:12:56] /town 4
[12/08/2015 10:13:01] /town 5
[12/08/2015 10:14:20] /i box3
[12/08/2015 10:14:50] /i 7866
[12/08/2015 10:15:03] /i 7886
[12/08/2015 10:47:22] /r
[12/08/2015 10:47:59] /town 6
[12/08/2015 11:57:53] /town 5
[12/08/2015 12:03:08] /b Shooping de Celadon funcionando, tem alguns npcs nos andares de cima
[12/08/2015 12:03:45] /b Pokémon collector funcionando, agr podem vender seus pokémons
[12/08/2015 12:03:57] /b ultra ball cath 20x
[12/08/2015 12:04:38] /town 4
[12/08/2015 12:07:01] /ghost
[12/08/2015 12:10:46] /goto Qwertdg
[12/08/2015 12:10:53] /goto Qwertdg
[12/08/2015 12:11:29] /m schyther
[12/08/2015 12:11:57] /m scyther
[12/08/2015 12:12:01] /m scyther
[12/08/2015 12:12:03] /m scyther
[12/08/2015 12:12:04] /m scyther
[12/08/2015 12:12:06] /m scyther
[12/08/2015 12:12:30] /m scyther
[12/08/2015 12:12:31] /m scyther
[12/08/2015 12:12:43] /m scyther
[12/08/2015 12:12:44] /m scyther
[12/08/2015 12:13:22] /m scyther
[12/08/2015 12:13:23] /m scyther
[12/08/2015 12:13:25] /m scyther
[12/08/2015 12:15:16] /town 5
[12/08/2015 13:05:45] /goto Guh Santos
[12/08/2015 13:05:59] /ghost
[12/08/2015 13:13:49] /i pokebag
[12/08/2015 13:20:02] /addskill could,lvl,76
[12/08/2015 13:20:29] /addskill could,fish,76
[12/08/2015 13:23:36] /b NPC POKEMON COLLECTOR TÁ FUNCIONANDO, VENDAM SEUS POKÉMONS, AQUI N TEM IBAMA, TRAFICO A VONTADE
[12/08/2015 13:35:30] /goto cold
[12/08/2015 13:35:32] /goto cold
[12/08/2015 13:35:38] /goto Cold
[12/08/2015 13:35:45] /goto Cold
[12/08/2015 13:35:51] /goto Could
[12/08/2015 13:45:04] /i hundread dollar
[12/08/2015 13:45:13] /i hundred dollar
[12/08/2015 13:45:15] /i hundred dollar
[12/08/2015 13:45:16] /i hundred dollar
[12/08/2015 13:46:03] /i thousand dollar
[12/08/2015 13:52:02] /m scyther
[12/08/2015 13:52:34] /m scyther
[12/08/2015 13:52:35] /m scyther
[12/08/2015 13:52:36] /m scyther
[12/08/2015 13:52:36] /m scyther
[12/08/2015 13:52:36] /m scyther
[12/08/2015 13:52:36] /m scyther
[12/08/2015 13:52:38] /m scyther
[12/08/2015 13:52:38] /m scyther
[12/08/2015 13:52:39] /m scyther
[12/08/2015 13:52:39] /m scyther
[12/08/2015 13:53:36] /goto Could
[12/08/2015 13:53:45] /m scyther
[12/08/2015 13:53:46] /m scyther
[12/08/2015 13:53:47] /m scyther
[12/08/2015 13:53:54] /m scyther
[12/08/2015 13:53:59] /m scyther
[12/08/2015 13:54:02] /m scyther
[12/08/2015 13:54:09] /m chansey
[12/08/2015 13:54:11] /m chansey
[12/08/2015 13:54:42] /a Qwertdg
[12/08/2015 14:04:40] /b shooping de celadon tem uns npcs lá que compram e vendem coisas, tem stone lá no meio
[12/08/2015 14:50:19] /goto Smowking
[12/08/2015 15:22:35] /goto Could
[12/08/2015 15:23:26] /town 8
[12/08/2015 15:23:46] /b salve
[12/08/2015 15:23:56] /goto 9
[12/08/2015 15:24:00] /town 9
[12/08/2015 15:24:04] /town 10
[12/08/2015 15:26:08] /goto Couls
[12/08/2015 15:26:14] /goto Couls
[12/08/2015 15:26:18] /goto Could
[12/08/2015 15:26:33] /r
[12/08/2015 20:34:41] /town 5
[12/08/2015 20:34:53] /town 8
[12/08/2015 20:34:58] /town 9
[12/08/2015 20:44:22] /b server vai reiniciar pra remover bugs
[12/08/2015 20:49:43] /i ultra ball
[12/08/2015 20:50:20] /m rattata
[12/08/2015 20:51:15] /town 4
[12/08/2015 21:24:58] /b server vai reiniciar pra removermos bugs
[12/08/2015 21:29:55] /town 9
[12/08/2015 21:59:54] /m rattata
[12/08/2015 22:00:07] /i ultraball
[12/08/2015 22:00:11] /i ultra ball
[12/08/2015 22:01:07] /town 2
[12/08/2015 22:01:46] /m rattata
[12/08/2015 22:02:12] /i pokeball
[12/08/2015 22:02:18] /i poke ball
[12/08/2015 22:02:29] /i great ball
[12/08/2015 22:02:34] /m rattata
[12/08/2015 22:03:40] /m pidgey
[12/08/2015 22:04:45] /m oddish
