[11/08/2015 16:06:15] /ghost
[11/08/2015 16:06:53] /b Qualquer problema eu estarei no game chat
[11/08/2015 16:08:06] /goto Neko-chan
[11/08/2015 16:08:15] /ghost
[11/08/2015 16:08:52] /ghost
[11/08/2015 16:09:01] /goto mark
[11/08/2015 16:09:05] /r 4
[11/08/2015 16:09:14] /n mark
[11/08/2015 16:09:18] /a 4
[11/08/2015 16:17:41] /t
[11/08/2015 16:21:30] /goto neko
[11/08/2015 16:21:39] /goto Neko-chan
[11/08/2015 16:27:07] /ghost
[11/08/2015 16:27:59] /goto Darklord
[11/08/2015 16:28:07] /goto Darklord
[11/08/2015 16:29:11] /goto darklord
[11/08/2015 16:29:43] /t
[11/08/2015 16:30:43] /c darklord
[11/08/2015 16:31:18] /i bag
[11/08/2015 16:31:23] /i backpack
[11/08/2015 16:31:35] /goto mark
[11/08/2015 16:31:53] /goto darklord
[11/08/2015 16:47:59] /ghost
[11/08/2015 17:03:35] /ghost
[11/08/2015 17:03:37] /ghost
[11/08/2015 17:03:43] /goto zonako
[11/08/2015 17:04:03] /goto Qwertdg
[11/08/2015 17:04:15] /goto fabio
[11/08/2015 17:04:27] /goto leff
[11/08/2015 17:04:48] /b estarei no  gamechat
[11/08/2015 17:05:16] /t
[11/08/2015 17:09:18] /ghost
[11/08/2015 17:11:44] /m clefairy
[11/08/2015 17:14:09] /goto slowpoke
[11/08/2015 17:14:25] /addskill [PDR] Valakinhas, level up, 20
[11/08/2015 17:14:34] /n nurse
[11/08/2015 17:19:57] /m clefairy
[11/08/2015 17:23:31] /goto Neko-chan
[11/08/2015 17:24:22] /i 2702
[11/08/2015 17:24:24] /i 2702
[11/08/2015 17:24:28] /i 2702
[11/08/2015 17:35:20] /goto cloud
[11/08/2015 17:37:21] /c Guh Santos
[11/08/2015 17:38:14] /addskill Guh Santos, level up, 42
[11/08/2015 17:38:57] /addskill [PDR] Valakinhas, level up, 21
[11/08/2015 17:40:05] /goto Guh Santos
[11/08/2015 17:43:01] /b os que tem dificuldade de usar a pokedex, por causa dos nivels, logo iremos resolver isso
[11/08/2015 17:48:02] /goto darklord
[11/08/2015 17:48:23] /cliport
[11/08/2015 17:49:09] /goto darklord
[11/08/2015 18:10:36] /b vou ficar afk aqui, qualquer bug me avisa no game-chat
[11/08/2015 18:10:41] /b vou ficar afk aqui, qualquer bug me avisa no game-chat
[11/08/2015 18:10:41] /b vou ficar afk aqui, qualquer bug me avisa no game-chat
[11/08/2015 18:16:52] /ghost
[11/08/2015 18:20:32] /b fiz o primeiro poke da segunda geração   :v 
[11/08/2015 18:26:48] /b em Caso de bug comentem no gamechat  precionando ctrl+O
[11/08/2015 18:26:51] /b em Caso de bug comentem no gamechat  precionando ctrl+O
[11/08/2015 18:30:48] /b todas as account tem premium account até o fim do mes
[11/08/2015 18:35:20] /n kyra
[11/08/2015 18:35:33] /ghost
[11/08/2015 18:35:39] /r
[11/08/2015 18:36:10] /n Dalk
[11/08/2015 18:36:15] /r
[11/08/2015 18:36:29] /ghost
[11/08/2015 19:01:57] /goto Guh Santos
[11/08/2015 19:02:13] /a 5
[11/08/2015 19:03:25] /a 5
[11/08/2015 19:03:32] /a 5
[11/08/2015 19:03:48] /a 5
[11/08/2015 19:13:54] /b qualquer coisa game-chat ctrl + O
[11/08/2015 19:18:36] /b até amanha fica tudo certo, malz ai para os que n evoluiram no 24 
[11/08/2015 19:20:54] /town 4
[11/08/2015 19:20:57] /town 2
[11/08/2015 19:22:05] /goto Guh Santos
[11/08/2015 19:22:50] /a 5
[11/08/2015 19:24:24] /a
[11/08/2015 19:24:38] /a 5
[11/08/2015 19:26:38] /ghost
[11/08/2015 19:26:49] /ghost
[11/08/2015 19:26:51] /ghost
[11/08/2015 19:27:02] /cliport
[11/08/2015 19:29:25] /addskill [PDR] Valakinhas, level up,50
[11/08/2015 19:29:38] /addskill [PDR] Valakinhas, level up,50
[11/08/2015 19:30:15] /town 4
[11/08/2015 19:31:26] /town 4
[11/08/2015 19:31:30] /town 5
[11/08/2015 19:37:32] /cliport
[11/08/2015 19:40:37] /a
[11/08/2015 19:45:22] /c Qwertdg
[11/08/2015 19:46:40] /c Qwertdg
[11/08/2015 19:49:12] /t 5 , Qwertdg
[11/08/2015 19:49:26] /t Qwertdg, 5
[11/08/2015 19:49:39] /t Qwertdg
[11/08/2015 19:49:48] /t
[11/08/2015 19:50:55] /i water gem
[11/08/2015 19:58:54] /ghost
[11/08/2015 19:59:09] /b Amanha as correçoes serão aplicadas 
[11/08/2015 19:59:46] /b em caso de problemas mais graves acesse a fan page no facebook ou em nosso site
[11/08/2015 20:23:06] /ghost
[11/08/2015 20:23:11] /ghost
[11/08/2015 20:23:36] /cliport
[11/08/2015 20:44:51] /ghost
[11/08/2015 21:02:12] /goto Guh Santos
[11/08/2015 21:02:38] /a 5
[11/08/2015 21:02:43] /a 5
[11/08/2015 21:02:44] /a 5
[11/08/2015 21:02:45] /a 5
[11/08/2015 21:02:52] /a 5
[11/08/2015 21:03:18] /a 5
[11/08/2015 21:03:45] /a 5
[11/08/2015 21:03:50] /a 5
[11/08/2015 21:03:54] /a 5
[11/08/2015 21:03:59] /a 5
[11/08/2015 21:04:00] /a 5
[11/08/2015 21:04:03] /a 5
[11/08/2015 21:04:03] /a 5
[11/08/2015 21:04:05] /a 5
[11/08/2015 21:04:11] /a 5
[11/08/2015 21:04:13] /a 5
[11/08/2015 21:04:25] /a 5
[11/08/2015 21:04:29] /a 5
[11/08/2015 21:04:29] /a 5
[11/08/2015 21:04:29] /a 5
[11/08/2015 21:04:31] /a 5
[11/08/2015 21:05:03] /i ice stone
[11/08/2015 21:05:13] /goto Guh Santos
[11/08/2015 21:06:34] /a
[11/08/2015 21:06:34] /a
[11/08/2015 21:06:34] /a
[11/08/2015 21:06:34] /a
[11/08/2015 21:06:34] /a
[11/08/2015 21:06:34] /a
[11/08/2015 21:06:34] /a
[11/08/2015 21:06:34] /a
[11/08/2015 21:06:35] /a
[11/08/2015 21:06:35] /a
[11/08/2015 21:06:35] /a
[11/08/2015 21:06:35] /a
[11/08/2015 21:06:35] /a
[11/08/2015 21:06:35] /a
[11/08/2015 21:06:35] /a
[11/08/2015 21:06:35] /a
[11/08/2015 21:06:35] /a
[11/08/2015 21:06:35] /a
[11/08/2015 21:06:35] /a
[11/08/2015 21:06:35] /a
[11/08/2015 21:06:35] /a
[11/08/2015 21:06:35] /a
[11/08/2015 21:06:35] /a
[11/08/2015 21:06:35] /a
[11/08/2015 21:06:35] /a
[11/08/2015 21:06:35] /a
[11/08/2015 21:06:35] /a
[11/08/2015 21:06:36] /a
[11/08/2015 21:06:37] /a
[11/08/2015 21:06:38] /a
[11/08/2015 21:06:38] /a
[11/08/2015 21:06:38] /a
[11/08/2015 21:06:38] /a
[11/08/2015 21:06:38] /a
[11/08/2015 21:06:38] /a
[11/08/2015 21:06:38] /a
[11/08/2015 21:06:38] /a
[11/08/2015 21:06:38] /a
[11/08/2015 21:06:38] /a
[11/08/2015 21:06:38] /a
[11/08/2015 21:06:38] /a
[11/08/2015 21:06:38] /a
[11/08/2015 21:06:38] /a
[11/08/2015 21:06:38] /a
[11/08/2015 21:06:38] /a
[11/08/2015 21:06:38] /a
[11/08/2015 21:06:38] /a
[11/08/2015 21:06:38] /a
[11/08/2015 21:06:38] /a
[11/08/2015 21:06:38] /a
[11/08/2015 21:06:38] /a
[11/08/2015 21:06:38] /a
[11/08/2015 21:06:38] /a
[11/08/2015 21:06:38] /a
[11/08/2015 21:06:38] /a
[11/08/2015 21:06:38] /a
[11/08/2015 21:06:38] /a
[11/08/2015 21:06:38] /a
[11/08/2015 21:06:38] /a
[11/08/2015 21:06:38] /a
[11/08/2015 21:06:38] /a
[11/08/2015 21:06:38] /a
[11/08/2015 21:06:38] /a
[11/08/2015 21:06:38] /a
[11/08/2015 21:06:38] /a
[11/08/2015 21:06:38] /a
[11/08/2015 21:06:38] /a
[11/08/2015 21:06:38] /a
[11/08/2015 21:06:40] /a
[11/08/2015 21:06:40] /a
[11/08/2015 21:06:40] /a
[11/08/2015 21:06:41] /a
[11/08/2015 21:08:15] /a
[11/08/2015 21:08:16] /a
[11/08/2015 21:08:16] /a
[11/08/2015 21:08:16] /a
[11/08/2015 21:08:16] /a
[11/08/2015 21:08:16] /a
[11/08/2015 21:08:16] /a
[11/08/2015 21:08:16] /a
[11/08/2015 21:08:16] /a
[11/08/2015 21:08:16] /a
[11/08/2015 21:08:16] /a
[11/08/2015 21:08:16] /a
[11/08/2015 21:08:16] /a
[11/08/2015 21:08:16] /a
[11/08/2015 21:08:16] /a
[11/08/2015 21:08:16] /a
[11/08/2015 21:08:16] /a
[11/08/2015 21:08:17] /a
[11/08/2015 21:08:17] /a
[11/08/2015 21:08:17] /a
[11/08/2015 21:08:17] /a
[11/08/2015 21:08:17] /a
[11/08/2015 21:08:17] /a
[11/08/2015 21:08:17] /a
[11/08/2015 21:08:17] /a
[11/08/2015 21:08:17] /a
[11/08/2015 21:08:17] /a
[11/08/2015 21:08:17] /a
[11/08/2015 21:08:17] /a
[11/08/2015 21:08:17] /a
[11/08/2015 21:08:17] /a
[11/08/2015 21:08:17] /a
[11/08/2015 21:08:17] /a
[11/08/2015 21:08:17] /a
[11/08/2015 21:08:17] /a
[11/08/2015 21:08:17] /a
[11/08/2015 21:08:17] /a
[11/08/2015 21:08:17] /a
[11/08/2015 21:08:17] /a
[11/08/2015 21:08:17] /a
[11/08/2015 21:08:17] /a
[11/08/2015 21:08:17] /a
[11/08/2015 21:08:18] /a
[11/08/2015 21:08:19] /a
[11/08/2015 21:08:19] /a
[11/08/2015 21:08:19] /a
[11/08/2015 21:08:19] /a
[11/08/2015 21:08:19] /a
[11/08/2015 21:08:19] /a
[11/08/2015 21:08:19] /a
[11/08/2015 21:08:19] /a
[11/08/2015 21:08:19] /a
[11/08/2015 21:08:19] /a
[11/08/2015 21:08:19] /a
[11/08/2015 21:08:19] /a
[11/08/2015 21:08:19] /a
[11/08/2015 21:08:19] /a
[11/08/2015 21:08:19] /a
[11/08/2015 21:08:22] /a
[11/08/2015 21:08:22] /a
[11/08/2015 21:08:23] /a
[11/08/2015 21:08:23] /a
[11/08/2015 21:08:23] /a
[11/08/2015 21:08:23] /a
[11/08/2015 21:08:23] /a
[11/08/2015 21:08:23] /a
[11/08/2015 21:08:23] /a
[11/08/2015 21:08:23] /a
[11/08/2015 21:08:24] /a
[11/08/2015 21:08:24] /a
[11/08/2015 21:08:24] /a
[11/08/2015 21:08:24] /a
[11/08/2015 21:08:24] /a
[11/08/2015 21:08:24] /a
[11/08/2015 21:08:24] /a
[11/08/2015 21:08:24] /a
[11/08/2015 21:08:24] /a
[11/08/2015 21:08:24] /a
[11/08/2015 21:08:24] /a
[11/08/2015 21:08:24] /a
[11/08/2015 21:08:24] /a
[11/08/2015 21:08:24] /a
[11/08/2015 21:08:24] /a
[11/08/2015 21:08:25] /a
[11/08/2015 21:08:26] /a
[11/08/2015 21:08:26] /a
[11/08/2015 21:08:26] /a
[11/08/2015 21:08:26] /a
[11/08/2015 21:08:26] /a
[11/08/2015 21:08:26] /a
[11/08/2015 21:08:26] /a
[11/08/2015 21:08:26] /a
[11/08/2015 21:08:26] /a
[11/08/2015 21:08:26] /a
[11/08/2015 21:08:27] /a
[11/08/2015 21:08:27] /a
[11/08/2015 21:08:27] /a
[11/08/2015 21:08:27] /a
[11/08/2015 21:08:27] /a
[11/08/2015 21:08:27] /a
[11/08/2015 21:08:27] /a
[11/08/2015 21:08:27] /a
[11/08/2015 21:08:27] /a
[11/08/2015 21:08:27] /a
[11/08/2015 21:08:27] /a
[11/08/2015 21:08:27] /a
[11/08/2015 21:08:27] /a
[11/08/2015 21:08:27] /a
[11/08/2015 21:08:27] /a
[11/08/2015 21:08:27] /a
[11/08/2015 21:08:27] /a
[11/08/2015 21:08:27] /a
[11/08/2015 21:08:29] /a
[11/08/2015 21:08:29] /a
[11/08/2015 21:08:29] /a
[11/08/2015 21:08:29] /a
[11/08/2015 21:08:29] /a
[11/08/2015 21:08:29] /a
[11/08/2015 21:08:29] /a
[11/08/2015 21:08:29] /a
[11/08/2015 21:08:29] /a
[11/08/2015 21:08:35] /t
[11/08/2015 21:12:47] /ghost
[11/08/2015 21:13:09] /b qualquer coisa  vamo ta game chat ctrl +O
[11/08/2015 21:21:42] /ghost
[11/08/2015 21:30:01] /a 50
[11/08/2015 21:30:03] /addskill [PDR] Valakinhas,fishing, 50
[11/08/2015 21:30:06] /addskill [PDR] Valakinhas,fishing, 50
[11/08/2015 21:30:07] /addskill [PDR] Valakinhas,fishing, 50
[11/08/2015 21:30:09] /addskill [PDR] Valakinhas,fishing, 50
[11/08/2015 21:30:13] /a 50
[11/08/2015 21:32:04] /b quem morrer n perde xp
[11/08/2015 21:32:11] /b morram a vontade
[11/08/2015 21:37:05] /b party divide xp ^^
[11/08/2015 21:39:24] /b vo sair rapidinho, vo comer
[11/08/2015 21:39:43] /goto Draxtz
[11/08/2015 22:04:01] /ghost
[11/08/2015 22:04:13] /r
[11/08/2015 22:04:15] /r
[11/08/2015 22:04:18] /r
[11/08/2015 22:04:19] /r
[11/08/2015 22:04:21] /r
[11/08/2015 22:04:31] /i 4645
[11/08/2015 22:04:53] /goto Qwertdg
[11/08/2015 22:05:03] /goto King Zun
[11/08/2015 22:05:21] /goto Guh Santos
[11/08/2015 22:05:54] /goto Burrise
[11/08/2015 22:07:20] /t
[11/08/2015 22:45:45] /ghost
[11/08/2015 22:45:54] /ghost
[11/08/2015 22:46:02] /goto  [PDR] MUNIZ
[11/08/2015 23:27:18] /goto [PDR] MUNIZ
[11/08/2015 23:38:24] /i 2277
[11/08/2015 23:38:46] /t
[11/08/2015 23:38:49] /ghost
[12/08/2015 00:01:11] /ghost
[12/08/2015 09:45:36] /ghost
[12/08/2015 09:50:05] /a 5
[12/08/2015 09:51:58] /t 3
[12/08/2015 09:52:03] /t 3
[12/08/2015 09:52:06] /town 3
[12/08/2015 09:53:44] /t 4
[12/08/2015 09:53:47] /town 5
[12/08/2015 09:56:12] /newtype 604
[12/08/2015 09:57:11] /newtype 229
[12/08/2015 09:58:01] /goto [PDR] MUNIZ
[12/08/2015 09:58:17] /goto [PDR] MUNIZ
[12/08/2015 10:00:19] /c  Alyson
[12/08/2015 10:00:25] /n nurse
[12/08/2015 10:00:35] /r
[12/08/2015 10:00:43] /n nurse
[12/08/2015 10:01:25] /c bob
[12/08/2015 10:01:34] /kick bob
[12/08/2015 10:01:51] /r
[12/08/2015 10:02:03] /t
[12/08/2015 10:05:47] /ghost
[12/08/2015 10:05:59] /goto [PDR] MUNI
[12/08/2015 10:06:05] /goto [PDR] MUNIZ
[12/08/2015 10:06:18] /a 5
[12/08/2015 10:06:20] /a 5
[12/08/2015 10:06:22] /a 5
[12/08/2015 10:06:38] /c
[12/08/2015 10:08:02] /goto [PDR] MUNIZ
[12/08/2015 10:08:07] /c alyson
[12/08/2015 10:08:32] /r
[12/08/2015 10:08:54] /c
[12/08/2015 10:09:15] /c
[12/08/2015 10:10:25] /a 5
[12/08/2015 10:10:34] /a 5
[12/08/2015 10:10:39] /a 5
[12/08/2015 10:10:48] /a 5
[12/08/2015 10:10:50] /a 5
[12/08/2015 10:12:22] /i pokebox 3
[12/08/2015 10:12:42] /t [PDR] MUNIZ
[12/08/2015 10:13:01] /t Bob
[12/08/2015 10:13:03] /t
[12/08/2015 10:16:15] /m gyarados
[12/08/2015 10:43:37] /i 2222
[12/08/2015 10:53:16] /n danny
[12/08/2015 10:53:28] /r
[12/08/2015 10:54:25] /n Fightman
[12/08/2015 10:54:40] /r
[12/08/2015 10:55:23] /b quem ta afim de vender stones no npc ele vai estar la no TC
[12/08/2015 10:55:34] /n Fightman
[12/08/2015 10:56:16] /n henry
[12/08/2015 10:56:28] /r
[12/08/2015 10:56:30] /i 2160
[12/08/2015 10:56:38] /i 2157
[12/08/2015 10:56:40] /i 2157
[12/08/2015 10:56:42] /i 2157
[12/08/2015 10:57:05] /clean
[12/08/2015 10:57:06] /t
[12/08/2015 10:57:26] /i crystal stone
[12/08/2015 10:57:38] /clean
[12/08/2015 11:27:39] /goto Trollden
[12/08/2015 11:28:20] /t
[12/08/2015 11:28:41] /goto Trollden
[12/08/2015 11:29:03] /ghost
[12/08/2015 11:31:50] /t
[12/08/2015 11:41:44] /ghost
[12/08/2015 11:51:57] /goto King Sul
[12/08/2015 11:52:33] /r
[12/08/2015 11:53:17] /t
[12/08/2015 11:53:21] /town 3
[12/08/2015 11:57:08] /goto mark
[12/08/2015 12:17:23] /goto Qwertdg
[12/08/2015 12:17:50] /goto t 6
[12/08/2015 12:17:52] /t 6
[12/08/2015 12:17:57] /town 6
[12/08/2015 12:18:01] /town 7
[12/08/2015 12:18:04] /town 8
[12/08/2015 12:18:07] /town 9
[12/08/2015 12:18:54] /i poke ball
[12/08/2015 12:19:22] /a 4
[12/08/2015 12:19:35] /t
[12/08/2015 13:00:47] /b upando o novo otc com dx9 
[12/08/2015 13:12:15] /ghost
[12/08/2015 13:37:20] /ghost
[12/08/2015 14:42:34] /i saffari ball
[12/08/2015 14:57:30] /t
[12/08/2015 15:11:26] /goto [PDR] MUNIZ
[12/08/2015 15:11:33] /t
[12/08/2015 16:14:35] /b Cheguei yeah! 
[12/08/2015 16:14:37] /ghost
[12/08/2015 16:16:59] /b GALERA FAZ UM FAVOR ACESSE --> http://www.otservlist.me/servers/view/1411 E  de um like la por favor para ajudar o serve, compartilhe também
[12/08/2015 16:17:00] /b GALERA FAZ UM FAVOR ACESSE --> http://www.otservlist.me/servers/view/1411 E  de um like la por favor para ajudar o serve, compartilhe também
[12/08/2015 16:17:01] /b GALERA FAZ UM FAVOR ACESSE --> http://www.otservlist.me/servers/view/1411 E  de um like la por favor para ajudar o serve, compartilhe também
[12/08/2015 16:17:01] /b GALERA FAZ UM FAVOR ACESSE --> http://www.otservlist.me/servers/view/1411 E  de um like la por favor para ajudar o serve, compartilhe também
[12/08/2015 16:17:02] /b GALERA FAZ UM FAVOR ACESSE --> http://www.otservlist.me/servers/view/1411 E  de um like la por favor para ajudar o serve, compartilhe também
[12/08/2015 16:17:02] /b GALERA FAZ UM FAVOR ACESSE --> http://www.otservlist.me/servers/view/1411 E  de um like la por favor para ajudar o serve, compartilhe também
[12/08/2015 16:17:03] /b GALERA FAZ UM FAVOR ACESSE --> http://www.otservlist.me/servers/view/1411 E  de um like la por favor para ajudar o serve, compartilhe também
[12/08/2015 16:26:25] /ghost
[12/08/2015 16:27:03] /ghost
[12/08/2015 16:30:32] /b morrer n porde xp
[12/08/2015 16:33:13] /b  estarei no game-Chat  pressione ctrl+O
[12/08/2015 16:33:21] /ghost
[12/08/2015 16:44:20] /ghost
[12/08/2015 16:56:44] /b http://www.otservlist.me/servers/view/1411  CURTAM! xD
[12/08/2015 16:57:10] /goto Draxtz
[12/08/2015 22:03:15] /ghost
[12/08/2015 22:03:32] /goto [PDR] MUNIZ
[12/08/2015 22:05:39] /i ultra ball
[12/08/2015 22:09:01] /goto Could
[12/08/2015 22:18:26] /goto Muniz
[12/08/2015 22:19:25] /town 5
[12/08/2015 22:19:38] /goto bob
[12/08/2015 22:20:02] /goto cost
[12/08/2015 22:20:36] /t
[12/08/2015 22:21:03] /goto Drk Shadow
[13/08/2015 10:17:50] /goto bob
[13/08/2015 10:17:59] /goto alyson
[13/08/2015 10:18:17] /t
[13/08/2015 12:43:45] /ghost
[13/08/2015 12:44:08] /ghost
[13/08/2015 12:44:17] /goto madarazin
[13/08/2015 14:36:33] /t
[13/08/2015 14:36:43] /goto nino
[13/08/2015 14:36:48] /goto faker
[13/08/2015 14:36:58] /goto madarazin
[13/08/2015 14:37:32] /goto fora dilma
[13/08/2015 14:37:42] /goto alyson
[13/08/2015 14:37:50] /goto draxtz
[13/08/2015 14:38:14] /b ola gente qualquer coisa eu estarei no game-chat ctrl+O
[13/08/2015 14:38:32] /t
[13/08/2015 14:42:18] /ghost
[13/08/2015 14:45:50] /addskill Madarazinn, level up, 70
[13/08/2015 14:45:59] /town 5
[13/08/2015 14:46:02] /town 6
[13/08/2015 14:46:06] /town 7
[13/08/2015 14:46:09] /c Madarazinn
[13/08/2015 14:46:56] /b se daqui para frente alguem buga no order, avise
[13/08/2015 14:47:23] /ghost
[13/08/2015 14:47:26] /goto Alyson
[13/08/2015 14:47:40] /ghost
[13/08/2015 14:49:02] /town 5
[13/08/2015 14:58:07] /addskill Madarazinn,fishing,40
[13/08/2015 14:58:22] /addskill Madarazinn,fishing,40
[13/08/2015 14:58:22] /addskill Madarazinn,fishing,40
[13/08/2015 15:01:01] /goto faker
[13/08/2015 15:01:22] /n nurse
[13/08/2015 15:01:39] /r
[13/08/2015 15:02:17] /a 4
[13/08/2015 15:02:35] /a
[13/08/2015 15:02:40] /i 6591
[13/08/2015 15:02:43] /i 6591
[13/08/2015 15:02:58] /a
[13/08/2015 15:03:02] /i 6591
[13/08/2015 15:03:20] /r
[13/08/2015 15:03:22] /r
[13/08/2015 15:06:12] /m dewgong
[13/08/2015 17:49:08] /t
[13/08/2015 17:49:38] /goto muniz
[13/08/2015 18:37:02] /t
[13/08/2015 18:39:05] /ghost
[13/08/2015 18:40:06] /goto fora dilma
[13/08/2015 18:40:22] /ghost
[13/08/2015 18:48:48] /a
[13/08/2015 18:48:51] /a
[13/08/2015 18:48:53] /t
[13/08/2015 18:49:06] /i 1111
[13/08/2015 18:49:12] /i 1111
[13/08/2015 18:49:58] /m squirtle
[13/08/2015 18:50:02] /m wartortle
[13/08/2015 18:50:04] /m blastoise
[13/08/2015 18:51:33] /m charmander
[13/08/2015 18:51:44] /n nurse
[13/08/2015 18:52:03] /m charmeleon
[13/08/2015 18:52:06] /m charizard
[13/08/2015 18:52:49] /m bulbasaur
[13/08/2015 18:52:53] /m ivysaur
[13/08/2015 18:53:39] /m venusaur
[13/08/2015 18:54:54] /m Caterpie
[13/08/2015 18:54:57] /m metapod
[13/08/2015 18:55:02] /m butterfree
[13/08/2015 18:55:43] /clean
[13/08/2015 18:55:55] /m weedle
[13/08/2015 18:55:58] /m beedrill
[13/08/2015 18:56:03] /m kakuna
[13/08/2015 18:56:31] /m pidgey
[13/08/2015 18:56:34] /m pidgeotto
[13/08/2015 18:56:37] /m pidgeot
[13/08/2015 18:57:07] /m rattata
[13/08/2015 18:57:09] /m spearow
[13/08/2015 18:57:13] /m fearow
[13/08/2015 18:58:06] /m ekans
[13/08/2015 18:58:08] /m arbok
[13/08/2015 18:58:33] /m raichu
[13/08/2015 18:58:35] /m pikachu
[13/08/2015 18:59:17] /m sandshrew
[13/08/2015 18:59:21] /m sandslash
[13/08/2015 18:59:49] /m nidoran male
[13/08/2015 18:59:54] /m nidoran female
[13/08/2015 19:00:13] /m nidorino
[13/08/2015 19:00:16] /m nidorina
[13/08/2015 19:00:38] /m nidoqueen
[13/08/2015 19:01:04] /m nidoqueen
[13/08/2015 19:01:41] /m nidoqueen
[13/08/2015 19:01:55] /i pizza
[13/08/2015 19:02:08] /m nidoking
[13/08/2015 19:02:33] /m nidoking
[13/08/2015 19:03:26] /m nidoking
[13/08/2015 19:03:45] /m clefairy
[13/08/2015 19:04:04] /m clefable
[13/08/2015 19:04:22] /m vulpix
[13/08/2015 19:04:44] /m ninetales
[13/08/2015 19:05:08] /m Jigglypuff
[13/08/2015 19:05:34] /m Wigglytuff
[13/08/2015 19:05:51] /m zubat
[13/08/2015 19:05:53] /m golbat
[13/08/2015 19:06:18] /m oddish
[13/08/2015 19:06:27] /m gloom
[13/08/2015 19:06:39] /m vileplume
[13/08/2015 19:07:06] /m paras
[13/08/2015 19:07:09] /m parasect
[13/08/2015 19:07:29] /m venonat
[13/08/2015 19:07:32] /m venomoth
[13/08/2015 19:07:50] /m venonat
[13/08/2015 19:08:10] /m diglett
[13/08/2015 19:08:13] /m dugtrio
[13/08/2015 19:08:36] /m meowth
[13/08/2015 19:08:43] /m persian
[13/08/2015 19:09:05] /m psyduck
[13/08/2015 19:09:07] /m golduck
[13/08/2015 19:09:36] /m mankey
[13/08/2015 19:09:38] /m primeape
[13/08/2015 19:10:06] /m arcanine
[13/08/2015 19:10:17] /m gruwlithe
[13/08/2015 19:10:30] /m growlithe
[13/08/2015 19:10:42] /m poliwag
[13/08/2015 19:10:47] /m poliwrhil
[13/08/2015 19:10:55] /m poliwrath
[13/08/2015 19:11:19] /m Poliwhirl
[13/08/2015 19:11:26] /m abra
[13/08/2015 19:11:28] /m kadabra
[13/08/2015 19:11:30] /m alakazam
[13/08/2015 19:12:24] /m machop
[13/08/2015 19:12:26] /m machoke
[13/08/2015 19:12:44] /m machoke
[13/08/2015 19:12:59] /m machoke
[13/08/2015 19:13:03] /m machamp
[13/08/2015 19:13:51] /m Weepinbell
[13/08/2015 19:13:55] /m bellsprout
[13/08/2015 19:14:00] /m victreebell
[13/08/2015 19:14:11] /m Victreebel
[13/08/2015 19:14:41] /m teltacool
[13/08/2015 19:14:46] /m tentacool
[13/08/2015 19:14:50] /m tentacruel
[13/08/2015 19:16:14] /clean
[13/08/2015 19:16:20] /m geodude
[13/08/2015 19:16:25] /m golem
[13/08/2015 19:16:42] /m graveler
[13/08/2015 20:03:45] /m golem
[13/08/2015 20:05:16] /goto Drk Shadow
[13/08/2015 20:05:51] /goto Drk Shadow
[13/08/2015 20:06:02] /t
[13/08/2015 20:06:30] /a 5
[13/08/2015 20:08:07] /clean
[13/08/2015 20:08:09] /r
[13/08/2015 20:08:11] /r
[13/08/2015 20:08:14] /r
[13/08/2015 20:08:45] /n nurse
[13/08/2015 20:08:52] /m ponyta
[13/08/2015 20:08:55] /m rapidash
[13/08/2015 20:09:46] /m ponyta
[13/08/2015 20:09:50] /m rapidash
[13/08/2015 20:10:05] /goto darkshadow
[13/08/2015 20:10:22] /goto Drk Shadow
[13/08/2015 20:10:27] /r
[13/08/2015 20:10:28] /r
[13/08/2015 20:11:08] /t
[13/08/2015 20:11:53] /m magneton
[13/08/2015 20:11:57] /m magneton
[13/08/2015 20:12:05] /m magnemite
[13/08/2015 20:12:33] /m magnemite
[13/08/2015 20:25:53] /m Farfetchd
[13/08/2015 20:26:18] /m farfetchd
[13/08/2015 20:26:32] /m doduo
[13/08/2015 20:26:36] /m dodrio
[13/08/2015 20:26:56] /m seel
[13/08/2015 20:27:05] /m dewgong
[13/08/2015 20:27:26] /m grimer
[13/08/2015 20:27:27] /m muk
[13/08/2015 20:27:48] /m shellder
[13/08/2015 20:27:50] /m cloyster
[13/08/2015 20:28:37] /clean
[13/08/2015 20:28:40] /m gastly
[13/08/2015 20:28:49] /m haunter
[13/08/2015 20:29:10] /m gengar
[13/08/2015 20:29:39] /m onix
[13/08/2015 20:30:13] /m drowzee
[13/08/2015 20:30:15] /m hypno
[13/08/2015 20:30:39] /m krabby
[13/08/2015 20:30:44] /m kingler
[13/08/2015 20:31:29] /m Exeggcute
[13/08/2015 20:31:51] /m Exeggutor
[13/08/2015 20:32:07] /m cubone
[13/08/2015 20:32:11] /m marowak
[13/08/2015 20:32:43] /i ultra ball
[13/08/2015 20:32:54] /m hitmonlee
[13/08/2015 20:33:15] /m hitmonchan
[13/08/2015 20:33:57] /m lickitung
[13/08/2015 20:34:21] /m koffing
[13/08/2015 20:34:23] /m weezing
[13/08/2015 20:34:59] /m Rhyhorn
[13/08/2015 20:35:02] /m rhydon
[13/08/2015 20:35:57] /m chansey
[13/08/2015 20:35:59] /m tanglea
[13/08/2015 20:36:03] /m tangela
[13/08/2015 20:37:30] /m Kangaskhan
[13/08/2015 20:37:51] /m horsea
[13/08/2015 20:38:02] /m seaking
[13/08/2015 20:38:15] /m goldeen
[13/08/2015 20:38:35] /m seadra
[13/08/2015 20:38:38] /m staryu
[13/08/2015 20:38:40] /m starmie
[13/08/2015 20:39:18] /m mrmime
[13/08/2015 20:39:53] /r
[13/08/2015 20:40:35] /m scyther
[13/08/2015 20:40:51] /m jynx
[13/08/2015 20:41:18] /m magmar
[13/08/2015 20:41:21] /m electabuzz
[13/08/2015 20:42:05] /m magikarp
[13/08/2015 20:42:07] /m tauros
[13/08/2015 20:42:09] /m pinsir
[13/08/2015 20:42:51] /m magikarp
[13/08/2015 20:43:39] /m gyarados
[13/08/2015 20:44:32] /m lapras
[13/08/2015 20:44:58] /m eevee
[13/08/2015 20:45:09] /m vaporeon
[13/08/2015 20:45:31] /m flareon
[13/08/2015 20:45:33] /m jolteon
[13/08/2015 20:45:57] /m porygon
[13/08/2015 20:46:10] /m omanyte
[13/08/2015 20:46:12] /m omastar
[13/08/2015 20:46:47] /m kabuto
[13/08/2015 20:46:50] /m kabutops
[13/08/2015 20:47:59] /m aerodactyl
[13/08/2015 20:49:08] /m snorlax
[13/08/2015 20:49:46] /m dratini
[13/08/2015 20:49:57] /m dragonair
[13/08/2015 20:50:18] /m dragonite
[13/08/2015 20:51:13] /clean
[13/08/2015 20:52:54] /clean
[13/08/2015 20:52:57] /r
[13/08/2015 20:52:59] /r
[13/08/2015 20:53:02] /t
[13/08/2015 20:53:14] /r
[13/08/2015 20:54:05] /b novas correçoes em breve, se alguem tiver bug para falar é agora, estarei no gamechat
[13/08/2015 21:01:45] /a
[13/08/2015 22:58:53] /b fora dilma :v
[13/08/2015 22:59:01] /goto fora dilma
[13/08/2015 23:03:12] /t Fora Dilma
[13/08/2015 23:03:14] /t
[13/08/2015 23:31:07] /ghost
[13/08/2015 23:31:18] /goto fora dilma
[13/08/2015 23:31:40] /goto Flyxizt
[13/08/2015 23:31:51] /b Batistareginaldosofrencio
[13/08/2015 23:31:57] /b seu noob XD
[13/08/2015 23:32:13] /goto Batistareginaldosofrencio
[13/08/2015 23:32:25] /ghost
[13/08/2015 23:36:56] /b go  game-chat ctrl+O
[13/08/2015 23:37:37] /m oddish
[13/08/2015 23:37:47] /m lapras
[13/08/2015 23:38:32] /goto fora dilma
[13/08/2015 23:38:56] /town 7
[13/08/2015 23:38:59] /c Batistareginaldosofrencio
[13/08/2015 23:39:05] /t
[13/08/2015 23:39:07] /c Batistareginaldosofrencio
[13/08/2015 23:39:11] /town 7
[13/08/2015 23:39:18] /b to atrapalhado hj
[13/08/2015 23:39:24] /c fora dilma
[13/08/2015 23:44:26] /goto fora dilma
[13/08/2015 23:46:23] /t
[13/08/2015 23:46:54] /town 7
[13/08/2015 23:46:59] /c Fora Dilma
[13/08/2015 23:47:44] /goto Alyson
[13/08/2015 23:49:54] /goto madarazinn
[13/08/2015 23:50:12] /goto  Madaraziin
[13/08/2015 23:50:27] /goto ffora dilma
[13/08/2015 23:50:31] /goto fora dilma
[13/08/2015 23:51:59] /newtype 734
[13/08/2015 23:52:19] /goto fora dilma
[13/08/2015 23:53:18] /goto Fçyxizt
[13/08/2015 23:53:26] /goto Flyxizt
[13/08/2015 23:53:36] /i water stone
[13/08/2015 23:53:54] /goto neko-chan
[13/08/2015 23:54:00] /i water stone
[13/08/2015 23:54:06] /t
[13/08/2015 23:54:13] /goto fora dilma
[13/08/2015 23:55:08] /t
[13/08/2015 23:55:41] /storage
[13/08/2015 23:55:48] /storage 500
[13/08/2015 23:56:07] /storage Madaraziin
[14/08/2015 00:11:20] /goto fora dilma
[14/08/2015 00:11:29] /goto fora dilma
[14/08/2015 00:24:15] /ghost
[14/08/2015 00:27:00] /b testem seus order por favor, se aparecer de novo o bug me avisem
[14/08/2015 00:27:59] /b nenhum probllema então suaves menos um bug  chato
[14/08/2015 00:29:10] /t
[14/08/2015 09:33:10] /goto muniz
[14/08/2015 09:33:25] /t
[14/08/2015 09:33:29] /ghost
[14/08/2015 09:33:34] /b bom dia 
[14/08/2015 09:41:14] /b tiveram probleemas com o order? 
[14/08/2015 09:41:33] /goto Crazy Stone
[14/08/2015 09:45:03] /ghost
[14/08/2015 09:46:18] /goto muniz
[14/08/2015 09:46:22] /t
[14/08/2015 13:44:50] /ghost
[14/08/2015 13:45:04] /b boa tarde. galera
[14/08/2015 13:48:58] /ghost
[14/08/2015 15:51:37] /r
[14/08/2015 15:51:38] /r
[14/08/2015 15:51:42] /r
[14/08/2015 15:51:51] /goto fabio
[14/08/2015 16:38:36] /t
[14/08/2015 16:38:41] /goto fabio
[14/08/2015 16:38:47] /goto hiago
[14/08/2015 16:39:02] /goto cristyan
[14/08/2015 16:39:13] /goto Crisztyan
[14/08/2015 16:39:17] /t
[16/08/2015 20:21:38] /i water stone
[16/08/2015 20:22:11] /ghost
[16/08/2015 20:30:29] /i pokebox 4
[16/08/2015 20:45:21] /clean
[16/08/2015 20:45:58] /c fora dilma
[16/08/2015 20:46:03] /n nurse
[16/08/2015 20:46:23] /attr maxhealth 999999999
[16/08/2015 20:46:27] /attr health 999999999
[16/08/2015 20:46:36] /m abra
[16/08/2015 20:46:40] /m kadabra
[16/08/2015 20:46:43] /m alakazam
[16/08/2015 20:47:07] /r
[16/08/2015 20:47:09] /r
[16/08/2015 20:47:11] /r
[16/08/2015 20:47:16] /r
[16/08/2015 20:47:28] /m machop
[16/08/2015 20:47:30] /m machoke
[16/08/2015 20:47:33] /m machamp
[16/08/2015 20:47:46] /m bellsprout
[16/08/2015 20:47:53] /m weepinbell
[16/08/2015 20:48:07] /m victrebell
[16/08/2015 20:48:11] /r
[16/08/2015 20:48:14] /r
[16/08/2015 20:48:17] /r
[16/08/2015 20:48:23] /m Victreebel
[16/08/2015 20:48:29] /m Tentacool
[16/08/2015 20:48:41] /m Tentacruel
[16/08/2015 20:49:03] /r
[16/08/2015 20:49:10] /r
[16/08/2015 20:49:12] /r
[16/08/2015 20:49:20] /r
[16/08/2015 20:49:24] /r
[16/08/2015 20:49:29] /m tentacruel
[16/08/2015 20:49:37] /m graveler
[16/08/2015 20:49:40] /m golem
[16/08/2015 20:49:43] /m geodude
[16/08/2015 20:50:09] /r
[16/08/2015 20:50:12] /r
[16/08/2015 20:50:13] /r
[16/08/2015 20:50:16] /r
[16/08/2015 20:50:19] /r
[16/08/2015 20:50:23] /m ponyta
[16/08/2015 20:50:25] /m rapidash
[16/08/2015 20:50:35] /m slowpoke
[16/08/2015 20:50:41] /m slobro
[16/08/2015 20:50:46] /m slobro
[16/08/2015 20:50:50] /m slowbro
[16/08/2015 20:50:54] /r
[16/08/2015 20:50:56] /r
[16/08/2015 20:51:05] /m magnemite
[16/08/2015 20:51:07] /m magneton
[16/08/2015 20:51:24] /m doduo
[16/08/2015 20:51:26] /m dodrio
[16/08/2015 20:51:36] /m seel
[16/08/2015 20:52:26] /r
[16/08/2015 20:52:33] /r
[16/08/2015 20:52:36] /r
[16/08/2015 20:52:38] /r
[16/08/2015 20:52:39] /r
[16/08/2015 20:52:41] /r
[16/08/2015 20:52:43] /r
[16/08/2015 20:52:49] /r
[16/08/2015 20:52:53] /m dewgong
[16/08/2015 20:52:58] /m cloyster
[16/08/2015 20:53:02] /m shellder
[16/08/2015 20:53:11] /m grimer
[16/08/2015 20:53:13] /m muk
[16/08/2015 20:53:27] /m gastly
[16/08/2015 20:53:39] /r
[16/08/2015 20:53:43] /r
[16/08/2015 20:53:47] /r
[16/08/2015 20:53:50] /r
[16/08/2015 20:53:53] /r
[16/08/2015 20:54:04] /r
[16/08/2015 20:54:07] /r
[16/08/2015 20:54:09] /r
[16/08/2015 20:54:14] /m haunter
[16/08/2015 20:54:17] /m gengar
[16/08/2015 20:54:24] /m onix
[16/08/2015 20:54:37] /m drowze
[16/08/2015 20:54:41] /m hypno
[16/08/2015 20:54:58] /r
[16/08/2015 20:55:03] /r
[16/08/2015 20:55:04] /r
[16/08/2015 20:55:07] /r
[16/08/2015 20:55:10] /r
[16/08/2015 20:55:34] /m gengar
[16/08/2015 20:55:35] /m gengar
[16/08/2015 20:55:35] /m gengar
[16/08/2015 20:55:35] /m gengar
[16/08/2015 20:55:36] /m gengar
[16/08/2015 20:55:36] /m gengar
[16/08/2015 20:55:36] /m gengar
[16/08/2015 20:55:36] /m gengar
[16/08/2015 20:56:39] /r
[16/08/2015 20:56:42] /r
[16/08/2015 20:56:44] /r
[16/08/2015 20:56:45] /r
[16/08/2015 20:56:47] /r
[16/08/2015 20:56:48] /r
[16/08/2015 20:56:50] /r
[16/08/2015 20:56:52] /r
[16/08/2015 20:56:54] /r
[16/08/2015 20:56:55] /r
[16/08/2015 20:57:05] /r
[16/08/2015 20:57:07] /r
[16/08/2015 20:57:10] /r
[16/08/2015 20:57:12] /r
[16/08/2015 20:57:24] /m krabby
[16/08/2015 20:57:26] /m kingler
[16/08/2015 20:57:33] /m voltorb
[16/08/2015 20:57:35] /m electrode
[16/08/2015 20:57:47] /m Exeggcute
[16/08/2015 20:58:11] /r
[16/08/2015 20:58:12] /r
[16/08/2015 20:58:14] /r
[16/08/2015 20:58:15] /r
[16/08/2015 20:58:17] /r
[16/08/2015 20:58:52] /ghost
[16/08/2015 20:59:01] /b estarei no gamechat
[16/08/2015 20:59:26] /ghost
[16/08/2015 20:59:49] /m Exeggutor
[16/08/2015 20:59:54] /m cubone
[16/08/2015 20:59:58] /m marowak
[16/08/2015 21:00:08] /m hitmonlee
[16/08/2015 21:00:12] /m hitmonchan
[16/08/2015 21:00:22] /m Lickitung
[16/08/2015 21:00:54] /r
[16/08/2015 21:00:55] /r
[16/08/2015 21:00:59] /r
[16/08/2015 21:01:00] /r
[16/08/2015 21:01:02] /r
[16/08/2015 21:01:04] /r
[16/08/2015 21:01:06] /r
[16/08/2015 21:01:07] /r
[16/08/2015 21:01:16] /m koffing
[16/08/2015 21:01:20] /m weezing
[16/08/2015 21:01:24] /m shiny rhyhorn
[16/08/2015 21:01:41] /r
[16/08/2015 21:01:45] /r
[16/08/2015 21:01:50] /m rhyhorn
[16/08/2015 21:01:53] /m rhydon
[16/08/2015 21:02:03] /m chansey
[16/08/2015 21:02:06] /m tangela
[16/08/2015 21:02:09] /m shiny tangela
[16/08/2015 21:02:15] /r
[16/08/2015 21:02:23] /r
[16/08/2015 21:02:28] /r
[16/08/2015 21:02:30] /r
[16/08/2015 21:02:39] /m Kangaskhan
[16/08/2015 21:02:59] /r
[16/08/2015 21:03:08] /r
[16/08/2015 21:03:15] /r
[16/08/2015 21:03:17] /r
[16/08/2015 21:03:20] /r
[16/08/2015 21:03:23] /r
[16/08/2015 21:03:25] /r
[16/08/2015 21:03:40] /m horsea
[16/08/2015 21:03:44] /m shiny horsea
[16/08/2015 21:03:50] /m seaking
[16/08/2015 21:03:59] /m seadra
[16/08/2015 21:04:03] /m goldeen
[16/08/2015 21:04:11] /r
[16/08/2015 21:04:12] /r
[16/08/2015 21:04:15] /r
[16/08/2015 21:04:17] /r
[16/08/2015 21:04:19] /r
[16/08/2015 21:04:23] /r
[16/08/2015 21:04:24] /r
[16/08/2015 21:04:26] /r
[16/08/2015 21:04:27] /r
[16/08/2015 21:04:28] /r
[16/08/2015 21:04:30] /r
[16/08/2015 21:04:34] /r
[16/08/2015 21:04:36] /r
[16/08/2015 21:04:38] /r
[16/08/2015 21:04:49] /m scyther
[16/08/2015 21:04:53] /m staryu
[16/08/2015 21:04:56] /m starmie
[16/08/2015 21:05:05] /m jynx
[16/08/2015 21:05:21] /r
[16/08/2015 21:05:23] /r
[16/08/2015 21:05:26] /r
[16/08/2015 21:05:30] /r
[16/08/2015 21:05:33] /r
[16/08/2015 21:05:43] /m electabuzz
[16/08/2015 21:05:47] /m magmar
[16/08/2015 21:05:55] /m pinsir
[16/08/2015 21:05:58] /m tauros
[16/08/2015 21:06:35] /r
[16/08/2015 21:06:36] /r
[16/08/2015 21:06:38] /r
[16/08/2015 21:06:40] /r
[16/08/2015 21:06:42] /r
[16/08/2015 21:07:08] /m magikarp
[16/08/2015 21:07:12] /m shiny magikarp
[16/08/2015 21:07:19] /m Red Gyarados
[16/08/2015 21:07:23] /m gyarados
[16/08/2015 21:08:07] /r
[16/08/2015 21:08:09] /r
[16/08/2015 21:08:45] /i saffari ball
[16/08/2015 21:09:39] /m Vaporeon
[16/08/2015 21:09:42] /m eevee
[16/08/2015 21:09:47] /m jolteon
[16/08/2015 21:09:50] /m porygon
[16/08/2015 21:10:04] /m flareon
[16/08/2015 21:10:06] /r
[16/08/2015 21:10:09] /r
[16/08/2015 21:10:11] /r
[16/08/2015 21:10:12] /r
[16/08/2015 21:10:15] /r
[16/08/2015 21:10:33] /m omanyte
[16/08/2015 21:10:36] /m omastar
[16/08/2015 21:10:39] /m kabuto
[16/08/2015 21:10:42] /m kabutops
[16/08/2015 21:10:54] /m aerodactyl
[16/08/2015 21:11:31] /r
[16/08/2015 21:11:33] /r
[16/08/2015 21:11:34] /r
[16/08/2015 21:11:36] /r
[16/08/2015 21:11:38] /r
[16/08/2015 21:11:42] /m dragonair
[16/08/2015 21:11:45] /m dratini
[16/08/2015 21:11:49] /m dragonite
[16/08/2015 21:12:19] /r
[16/08/2015 21:12:25] /r
[16/08/2015 21:12:29] /r
[16/08/2015 21:12:31] /r
[16/08/2015 21:12:47] /attr maxhealth 99999999
[16/08/2015 21:12:57] /attr health -99999999
[16/08/2015 21:13:15] /attr health -9999
[16/08/2015 21:18:13] /ghost
[16/08/2015 21:18:18] /goto draxtz
[16/08/2015 21:19:08] /save
[16/08/2015 21:19:23] /goto junior kstt
[16/08/2015 21:20:33] /goto Fabio
[16/08/2015 21:20:38] /i squirtle
[16/08/2015 21:27:17] /n namer
[16/08/2015 21:28:17] /newtype 606
[16/08/2015 21:28:23] /newtype 605
[16/08/2015 21:35:43] /i button
[16/08/2015 21:35:50] /t
[16/08/2015 21:36:07] /a 50
[16/08/2015 21:36:10] /a 5
[16/08/2015 21:36:11] /a 5
[16/08/2015 21:36:12] /a 5
[16/08/2015 21:36:17] /a 5
[16/08/2015 21:36:20] /a 5
[16/08/2015 21:36:21] /a 5
[16/08/2015 21:36:37] /a 5
[16/08/2015 21:36:39] /a 5
[16/08/2015 21:38:13] /i 11408
[16/08/2015 21:38:28] /i 11410
[16/08/2015 21:38:36] /i 1149
[16/08/2015 21:38:39] /r
[16/08/2015 21:38:42] /i 11409
[16/08/2015 21:38:59] /i fire stone
[16/08/2015 21:39:00] /i fire stone
[16/08/2015 21:47:55] /t
[16/08/2015 21:52:50] /i Bike
[16/08/2015 21:53:14] /ghost
[16/08/2015 22:12:47] /ghost
[16/08/2015 22:17:08] /m shiny rhyhorn
[16/08/2015 22:20:17] /b  pequena invasao em saffron Go. começa em 1 min
[16/08/2015 22:20:23] /b  pequena invasao em saffron Go. começa em 1 min
[16/08/2015 22:20:32] /b  pequena invasao em saffron Go. começa em 1 min
[16/08/2015 22:20:33] /b  pequena invasao em saffron Go. começa em 1 min
[16/08/2015 22:20:33] /b  pequena invasao em saffron Go. começa em 1 min
[16/08/2015 22:20:58] /goto Madaraziin
[16/08/2015 22:21:18] /b gogo invasao em saffron
[16/08/2015 22:21:22] /b que ja vo durmi xD
[16/08/2015 22:21:34] /town 5
[16/08/2015 22:22:45] /m elder charizard
[16/08/2015 22:22:46] /m elder charizard
[16/08/2015 22:22:47] /m elder charizard
[16/08/2015 22:22:52] /m charizard
[16/08/2015 22:22:54] /m charizard
[16/08/2015 22:22:59] /m blastoise
[16/08/2015 22:23:01] /m blastoise
[16/08/2015 22:23:06] /m rhyhorn
[16/08/2015 22:23:07] /m rhyhorn
[16/08/2015 22:23:07] /m rhyhorn
[16/08/2015 22:23:10] /m lapras
[16/08/2015 22:23:11] /m lapras
[16/08/2015 22:23:13] /m snorlax
[16/08/2015 22:23:13] /m snorlax
[16/08/2015 22:23:14] /m snorlax
[16/08/2015 22:24:01] /m gengar
[16/08/2015 22:24:03] /m gengar
[16/08/2015 22:29:38] /b vo parar de brincadeira preciso trampar, e arumar esses bugs que ainda estão no servidor
[16/08/2015 22:29:47] /b fui
[16/08/2015 22:29:53] /ghost
[16/08/2015 22:29:56] /ghost
[16/08/2015 22:47:52] /goto Laghima
[16/08/2015 22:48:10] /i ultra ball
[16/08/2015 22:48:27] /i 2160
[16/08/2015 22:48:38] /i revive
[16/08/2015 22:54:13] /i 2160
[16/08/2015 22:54:19] /i 2157
[17/08/2015 11:55:38] /ghost
[17/08/2015 11:59:20] /newtype 608
[17/08/2015 12:00:35] /i super ball
[17/08/2015 12:03:14] /goto neko-chan
[17/08/2015 12:04:07] /t
[17/08/2015 12:07:21] /ghost
[17/08/2015 12:09:48] /i 4295
[17/08/2015 12:13:09] /i 60005
[17/08/2015 12:13:54] /i dragonair 6002
[17/08/2015 12:13:58] /i dragonair 6005
[17/08/2015 12:14:25] /i 6338
[17/08/2015 12:14:41] /i 6016
[17/08/2015 12:29:57] /m shiny magikarp
[17/08/2015 12:30:02] /m shiny rattata
[17/08/2015 12:30:06] /m shiny zubat
[17/08/2015 12:30:12] /i saffari ball
[17/08/2015 12:47:10] /m oddish
[17/08/2015 12:47:22] /m oddish
[17/08/2015 12:47:30] /m oddish
[17/08/2015 12:48:06] /shutdown 10
