[10/08/2015 18:05:12] /i fire stone
[10/08/2015 18:05:13] /i fire stone
[10/08/2015 22:34:54] /town 4
[10/08/2015 22:35:46] /town 1
[10/08/2015 22:35:53] /town 2
[10/08/2015 22:36:19] /town 3
[10/08/2015 23:26:33] /town 2
[11/08/2015 00:57:07] /ghost
[11/08/2015 00:57:17] /town 3
[11/08/2015 01:00:49] /i ultra ball
[11/08/2015 01:01:07] /s fearow
[11/08/2015 01:01:40] /s fearow
[11/08/2015 01:02:17] /goto 
[11/08/2015 01:03:17] /goto 465 770 7
[11/08/2015 01:03:35] /goto x 465 y 770 z 7
[11/08/2015 01:23:35] /goto 561, 1043, 7
[11/08/2015 01:57:51] /goto Aberos
[11/08/2015 01:58:24] /ghost
[11/08/2015 01:58:30] /ghost
[11/08/2015 02:04:18] /ghost
[11/08/2015 02:13:10] /ghost
[11/08/2015 02:33:50] /goto rick
[11/08/2015 08:06:30] /town 1
[11/08/2015 08:06:42] /town 7
