[01/02/2015 15:50:19] /m Arcanine
[01/02/2015 16:39:51] /m Blastoise
[01/02/2015 22:38:42] /i 2271
[01/02/2015 22:41:31] /i 2272
[01/02/2015 22:41:39] /i 2273
[01/02/2015 22:41:51] /i 2274
[01/02/2015 22:41:55] /i 2275
[05/02/2015 20:52:11] /goto brock
[05/02/2015 20:52:15] /n brock
[05/02/2015 20:55:11] /n brock
[05/02/2015 21:00:34] /n brock
[05/02/2015 21:02:47] /n brock
[06/02/2015 20:37:34] /n Brock
[06/02/2015 20:40:38] /r
[07/02/2015 22:16:29] /n Brock
[07/02/2015 22:17:06] /r
[07/02/2015 22:17:22] /n misty
[07/02/2015 22:17:26] /n Misty
[07/02/2015 22:17:42] /n Misty.
[08/02/2015 17:18:46] /m Bulbasaur
[08/02/2015 17:20:14] /m bulbasaur
[10/02/2015 22:40:18] /m Arbok
[10/02/2015 22:43:58] /m Arbook
[10/02/2015 22:44:03] /m Arbok
[10/02/2015 22:45:19] /m Arbok
[10/02/2015 22:49:27] /m Bulbasaur
[10/02/2015 22:52:48] /m Bulbasaur
[10/02/2015 22:54:28] /m Arbok
[10/02/2015 23:15:25] /m charizARD
[15/02/2015 00:24:08] /m Margikarp
[15/02/2015 00:24:18] /m Margikarp
[15/02/2015 00:24:23] /m Magikarp
[15/02/2015 09:09:16] /m magikarp
[15/02/2015 23:50:56] /m Ivysaur
[17/02/2015 19:30:16] /m Bulbasaur
[18/02/2015 10:20:31] /i 11405
[18/02/2015 10:22:46] /i 11405
[18/02/2015 10:24:18] /i 11405
[18/02/2015 10:29:07] /i 11405
[18/02/2015 10:30:01] /i 11405
[18/02/2015 10:55:10] /m bulbasaur
[01/03/2015 15:07:32] /i boost stone
[01/03/2015 15:24:34] /m Nindoran Male
[01/03/2015 15:24:43] /m Nidoran Male
[01/03/2015 15:25:34] /i Nidoran Female
[01/03/2015 15:25:42] /m Nidoran Female
[01/03/2015 15:25:46] /m Nidoran Female
[01/03/2015 15:26:32] /m Nidoran Male
[01/03/2015 15:26:42] /i Nidoran Male
[01/03/2015 15:26:47] /m Nidoran Male
[01/03/2015 15:26:50] /m Nidoran Male
[01/03/2015 15:26:51] /m Nidoran Male
[01/03/2015 15:26:52] /m Nidoran Male
[01/03/2015 15:26:52] /m Nidoran Male
[01/03/2015 15:26:53] /m Nidoran Male
[01/03/2015 15:28:23] /m Nidoran Male
[01/03/2015 15:28:23] /m Nidoran Male
[01/03/2015 15:28:24] /m Nidoran Male
[01/03/2015 15:28:25] /m Nidoran Male
[01/03/2015 15:28:26] /m Nidoran Male
[01/03/2015 15:28:26] /m Nidoran Male
[01/03/2015 15:28:27] /m Nidoran Male
[01/03/2015 15:28:27] /m Nidoran Male
[01/03/2015 15:28:28] /m Nidoran Male
[01/03/2015 15:28:28] /m Nidoran Male
[01/03/2015 15:28:28] /m Nidoran Male
[01/03/2015 15:29:10] /m Dragonite
[01/03/2015 15:29:23] /m Dragonite
[01/03/2015 15:29:24] /m Dragonite
[01/03/2015 15:29:29] /m Magneton
[02/03/2015 23:04:33] /i 8847
[02/03/2015 23:05:53] /i 2362
[02/03/2015 23:07:21] /i 8845
[04/03/2015 07:33:30] /i 2222
[04/03/2015 07:33:48] /i 2146
[04/03/2015 07:33:54] /save
[06/03/2015 00:09:04] /i 2146
[06/03/2015 00:09:18] /s Charizard
[06/03/2015 00:09:27] /s Charizard
[06/03/2015 00:09:35] /s Bulbasaur
[06/03/2015 00:10:45] /s Pikachu
[06/03/2015 00:10:50] /s Abra
[06/03/2015 00:10:56] /s abra
[06/03/2015 00:11:42] /i 5969
[06/03/2015 00:12:31] /addskill Aberos,lvl,100
[06/03/2015 07:25:36] /m Nidoran Male
[06/03/2015 07:25:43] /m Nidoran Male
[06/03/2015 07:25:44] /m Nidoran Male
[06/03/2015 07:25:45] /m Nidoran Male
[06/03/2015 07:25:45] /m Nidoran Male
[06/03/2015 07:25:46] /m Nidoran Male
[06/03/2015 07:25:46] /m Nidoran Male
[06/03/2015 07:28:31] /m Dragonite
[10/03/2015 19:58:09] /m Bulbasaur
[10/03/2015 20:02:02] /i 7884
[10/03/2015 20:08:02] /i 7884
[10/03/2015 20:08:46] /i 7885
[16/03/2015 00:45:22] /i 7884
[16/03/2015 07:47:01] /i 7884
[16/03/2015 07:50:52] /i 7884
[16/03/2015 07:51:07] /i 7884
[16/03/2015 07:51:43] /i 7884
[16/03/2015 07:51:57] /i 7884
[16/03/2015 07:52:08] /i 7884
[16/03/2015 07:52:37] /i 7884
[19/03/2015 10:46:37] /m geodude
[19/03/2015 10:48:59] /m Charmeleon
[19/03/2015 10:49:29] /m ivysaur
[19/03/2015 10:51:30] /m Blastoise
[19/03/2015 10:58:13] /m Ivysaur
[19/03/2015 11:26:14] /n Nurse
[22/03/2015 16:22:23] /m Charizard
[22/03/2015 17:05:16] /n Nurse
[22/03/2015 17:08:11] /n nurse
[22/03/2015 23:45:05] /i 2277
[22/03/2015 23:51:25] /i 2280
[22/03/2015 23:51:38] /i 2285
[23/03/2015 21:37:48] /i 2284
[23/03/2015 21:37:54] /i 2284
[24/03/2015 07:34:39] /m rattata
[24/03/2015 07:34:49] /m Ivysaur
[24/03/2015 07:45:08] /m Gastly
[24/03/2015 07:47:04] /m Nidoram male
[24/03/2015 07:47:14] /m Pikachu
[27/03/2015 19:33:14] /t
[27/03/2015 20:05:01] /m Blastoise
[27/03/2015 22:09:31] /m Blastoise
[27/03/2015 22:40:26] /m Charizard
[27/03/2015 22:41:36] /m Charizard
[28/03/2015 23:44:00] /m Geodude
[28/03/2015 23:44:34] /m Blastoise
[28/03/2015 23:46:51] /m Blastoise
[29/03/2015 13:05:27] /m Charizard
[29/03/2015 16:48:48] /i leaf stone
[29/03/2015 16:48:50] /i leaf stone
[29/03/2015 16:48:50] /i leaf stone
[29/03/2015 16:48:50] /i leaf stone
[29/03/2015 16:48:51] /i leaf stone
[29/03/2015 16:48:51] /i leaf stone
[29/03/2015 16:57:50] /i leaf stone
[29/03/2015 16:57:51] /i leaf stone
[29/03/2015 16:57:51] /i leaf stone
[29/03/2015 16:57:51] /i leaf stone
[29/03/2015 16:57:52] /i leaf stone
[29/03/2015 16:57:52] /i leaf stone
[29/03/2015 17:00:39] /i leaf stone
[29/03/2015 17:00:39] /i leaf stone
[29/03/2015 17:00:40] /i leaf stone
[29/03/2015 17:00:40] /i leaf stone
[29/03/2015 17:00:40] /i leaf stone
[29/03/2015 17:00:41] /i leaf stone
[29/03/2015 17:00:41] /i leaf stone
[29/03/2015 17:02:45] /i leaf stone
[29/03/2015 22:20:19] /i revive
[29/03/2015 22:20:33] /i leaf stone
[29/03/2015 22:20:33] /i leaf stone
[29/03/2015 22:20:34] /i leaf stone
[29/03/2015 22:20:34] /i leaf stone
[29/03/2015 22:21:42] /i water stone
[29/03/2015 22:21:42] /i water stone
[29/03/2015 22:21:42] /i water stone
[29/03/2015 22:21:43] /i water stone
[29/03/2015 22:24:45] /i Leaf stone
[29/03/2015 22:24:46] /i Leaf stone
[29/03/2015 22:24:47] /i Leaf stone
[29/03/2015 22:25:39] /i leaf stone
[29/03/2015 22:27:12] /i leaf stone
[29/03/2015 22:28:21] /i leaf stone
[29/03/2015 22:29:59] /i leaf stone
[29/03/2015 22:36:31] /i leaf stone
[30/03/2015 18:54:02] /i 11409
[30/03/2015 18:54:13] /i 11410
[30/03/2015 18:54:24] /i 11408
[30/03/2015 18:54:40] /i leaf stone
[30/03/2015 18:57:08] /i 11409
[30/03/2015 18:57:14] /i 11410
[30/03/2015 18:57:20] /i 11408
[30/03/2015 18:57:29] /i leaf stone
[30/03/2015 20:01:29] /i 11409
[30/03/2015 20:01:36] /i 11410
[30/03/2015 20:01:44] /i 11408
[30/03/2015 20:02:29] /i leaf stone
[30/03/2015 20:07:29] /i 11409
[30/03/2015 20:07:34] /i 11410
[30/03/2015 20:07:40] /i 11408
[30/03/2015 20:09:12] /i fire stone
[30/03/2015 20:11:07] /i leaf stone
[31/03/2015 18:52:11] /i 11406
[31/03/2015 18:52:16] /r
[31/03/2015 18:52:22] /i 11405
[31/03/2015 18:52:27] /r
[31/03/2015 18:52:32] /i 11404
[31/03/2015 18:52:58] /i 11405
[31/03/2015 18:53:15] /r
[31/03/2015 18:53:25] /i 11409
[31/03/2015 18:53:32] /i 11410
[31/03/2015 18:53:37] /i 11408
[31/03/2015 18:55:15] /i fire stone
[31/03/2015 18:55:21] /i fire stone
[31/03/2015 18:55:21] /i fire stone
[31/03/2015 18:55:21] /i fire stone
[31/03/2015 18:55:22] /i fire stone
[31/03/2015 18:55:27] /i fire stone
[31/03/2015 18:55:27] /i fire stone
[31/03/2015 18:55:28] /i fire stone
[31/03/2015 18:55:28] /i fire stone
[31/03/2015 18:55:28] /i fire stone
[31/03/2015 20:27:14] /m Venusaur
[02/04/2015 07:48:43] /m Tauro
[02/04/2015 07:49:01] /m TAUROS
[02/04/2015 19:08:48] /m Charizard
[02/04/2015 19:35:29] /i 2362
[15/08/2015 14:46:50] /i revive
[16/08/2015 18:21:46] /addskill Aberos,lvl,50
[16/08/2015 18:21:52] /addskill Aberos,lvl,50
[16/08/2015 18:22:21] /i leaf stone
