[15/05/2016 03:40:03] /i ultraball
[15/05/2016 03:40:06] /i ultra ball
[15/05/2016 03:40:17] /i fire stone
[15/05/2016 03:44:19] /addskill giminaz
[15/05/2016 03:44:26] /addskill giminaz 150
[15/05/2016 03:44:30] /addskill giminaz 150
[15/05/2016 03:44:43] /addskill giminaz, 150
[15/05/2016 03:44:51] /addskill giminaz, 150
[15/05/2016 03:44:54] /addskill giminaz, 150
[15/05/2016 03:44:55] /addskill giminaz, 150
[15/05/2016 03:44:56] /addskill giminaz, 15
[15/05/2016 03:44:59] /addskill giminaz
[15/05/2016 03:45:03] /addskill giminaz, 2
[15/05/2016 03:46:54] /r
[15/05/2016 03:50:18] /addskill giminaz
[15/05/2016 03:50:23] /addskill giminaz, 10
[15/05/2016 03:50:37] /addskill Giminaz, 10
[15/05/2016 03:50:38] /addskill Giminaz, 10
[15/05/2016 03:50:40] /addskill Giminaz
[15/05/2016 03:50:45] /addskill Giminaz
[15/05/2016 03:51:12] /addskill Giminaz, 2, 3
[15/05/2016 03:52:09] /addskill Giminaz, 6
[15/05/2016 03:59:19] /r
[15/05/2016 03:59:41] /r
[15/05/2016 04:03:44] /m shiny magmar
[15/05/2016 04:03:57] /m shiny pdgey
[15/05/2016 04:04:05] /m shiny kakuna
[15/05/2016 04:04:14] /m magmar
[15/05/2016 04:05:42] /m pichu
[15/05/2016 04:05:49] /m hitmonlee
[15/05/2016 04:06:34] /m shiny scyther
[15/05/2016 04:07:36] /r
[15/05/2016 12:27:13] /i hyper potion
[15/05/2016 12:32:15] /i revive
[15/05/2016 12:33:29] /i 2152
[15/05/2016 12:33:39] /i 2160
[15/05/2016 13:54:17] /town 2
[15/05/2016 13:54:19] /town 1
[15/05/2016 14:31:00] /town 4
[15/05/2016 15:32:14] /s Squirtle
[15/05/2016 15:32:32] /s Ivysaur
[16/05/2016 00:51:10] /town 1
[16/05/2016 00:51:16] /town 5
[16/05/2016 23:22:12] /i box 4
[16/05/2016 23:22:52] /goto 1041, 875, 5
[16/05/2016 23:23:31] /goto 1747
[16/05/2016 23:23:42] /goto id 1747
[16/05/2016 23:24:42] /goto 1274, 1074, 8
[16/05/2016 23:28:16] /goto 913, 940, 9
[16/05/2016 23:28:22] /goto 913, 940, 13
[16/05/2016 23:30:34] /i pokebox 4
[16/05/2016 23:30:38] /i pokebox 5
[16/05/2016 23:30:41] /i pokebox 5
[16/05/2016 23:30:45] /i pokebox 4
[16/05/2016 23:30:59] /i pokebox 1
[16/05/2016 23:31:05] /i pokebox 1
[16/05/2016 23:31:11] /i pokebox 2
[16/05/2016 23:31:17] /i pokebox 3
[16/05/2016 23:32:53] /i 7884
[16/05/2016 23:40:35] /m shiny oddish
[16/05/2016 23:40:42] /m oddish
[16/05/2016 23:40:44] /m oddish
[16/05/2016 23:40:55] /m ratata
[16/05/2016 23:40:59] /m rattata
[16/05/2016 23:41:04] /m shiny rattata
[16/05/2016 23:41:47] /m shiny rattata
[16/05/2016 23:44:31] /r
[16/05/2016 23:44:34] /r
[16/05/2016 23:45:26] /b olá
[16/05/2016 23:46:32] /i boost stone
[16/05/2016 23:46:58] /r
[16/05/2016 23:47:26] /i boost
[16/05/2016 23:47:33] /i boost stone
[16/05/2016 23:47:34] /i boost stone
[16/05/2016 23:47:55] /i 11406
[16/05/2016 23:48:06] /i 11404
[16/05/2016 23:48:20] /r
[16/05/2016 23:48:25] /r
[16/05/2016 23:48:39] /r
[16/05/2016 23:53:56] /goto 970, 307, 7
[16/05/2016 23:55:54] /goto 1188, 792, 9
[17/05/2016 00:06:17] /goto {x = 667, y = 1436, z = 11}
[17/05/2016 00:06:32] /goto 667, 1436, 11
[17/05/2016 00:07:37] /goto mew
[17/05/2016 00:07:43] /goto mewtwo
[17/05/2016 00:07:49] /goto dragonite
[17/05/2016 00:07:54] /goto Dragonite
[17/05/2016 00:07:59] /goto Dragonair
[17/05/2016 00:08:04] /goto Dratini
[17/05/2016 00:08:09] /goto moltres
[17/05/2016 00:08:32] /goto snorlax
[17/05/2016 00:08:37] /goto snorlax s
[17/05/2016 00:08:51] /goto mew[100]
[17/05/2016 00:08:58] /c mew
[17/05/2016 00:10:00] /goto 749, 981, 7
[17/05/2016 00:13:05] /a 3
[17/05/2016 00:13:59] /town 5
[17/05/2016 00:17:40] /goto 999, 927, 8
[17/05/2016 00:19:21] /m shiny dragonite
[17/05/2016 00:19:30] /m shiny oddish
[17/05/2016 12:25:49] /m venussaur
[17/05/2016 12:25:54] /m venusaur
[17/05/2016 12:25:55] /m venusaur
[17/05/2016 12:25:56] /m venusaur
[20/05/2016 14:46:09] /town 3
[20/05/2016 14:46:12] /town 5
[20/05/2016 14:46:53] /i poke box 1
[20/05/2016 14:46:57] /i pokebox 1
[20/05/2016 14:46:58] /i pokebox 2
[20/05/2016 14:47:00] /i pokebox 3
[20/05/2016 14:47:01] /i pokebox 4
