[03/04/2015 16:50:02] /t
[03/04/2015 16:51:47] /addskill Mario,lvl,100
[03/04/2015 16:52:03] /m Grevaller
[03/04/2015 16:52:09] /m Grevaler
[03/04/2015 16:52:21] /m Graveler
[03/04/2015 16:55:58] /m Gyarados
[03/04/2015 17:02:43] /m Ivysaur
[03/04/2015 17:05:21] /i revive
[03/04/2015 17:08:51] /m Goolden
[03/04/2015 17:09:09] /m geodude
[03/04/2015 17:15:57] /m GRAVELLER
[03/04/2015 17:16:06] /m geodude
[03/04/2015 17:21:08] /m Geodude
[03/04/2015 17:22:57] /m geodude
[03/04/2015 17:27:45] /m geodude
[03/04/2015 17:28:50] /m Geodude
[03/04/2015 17:30:24] /m geodude
[03/04/2015 17:32:21] /m geodude
[03/04/2015 17:47:47] /m oddish
[03/04/2015 17:50:18] /m oddish
[03/04/2015 17:55:43] /m geodude
[03/04/2015 17:57:26] /m GEODUDE
[03/04/2015 18:15:45] /m Geodude
[03/04/2015 18:22:34] /m geodude
[03/04/2015 18:32:20] /m geodude
[03/04/2015 18:33:36] /m geodude
[03/04/2015 18:34:46] /m geodude
[03/04/2015 18:35:58] /m geodude
[03/04/2015 18:41:37] /m geodude
[03/04/2015 18:42:49] /m geodude
[03/04/2015 18:49:12] /m wartortle
[03/04/2015 18:50:02] /m wartortle
[03/04/2015 18:51:44] /m wartortle
[03/04/2015 18:53:49] /m wartortle
[03/04/2015 19:11:18] /m Wartortle
[03/04/2015 19:18:08] /m wartortle
[03/04/2015 19:21:26] /m squirtle
[03/04/2015 19:36:36] /m ivysaur
[03/04/2015 19:38:05] /m ivysaur
[03/04/2015 19:42:33] /m ivysaur
[03/04/2015 19:43:18] /m ivysayr
[03/04/2015 19:43:22] /m ivysayr
[03/04/2015 19:43:25] /m ivysaur
[03/04/2015 19:43:50] /m venusaur
[03/04/2015 19:45:49] /m Venusaur
[03/04/2015 19:56:22] /m charizard
[03/04/2015 20:02:45] /m venusaur
[03/04/2015 20:04:44] /m Venusaur
[03/04/2015 20:05:19] /m Venusaur
[03/04/2015 20:18:34] /m venusaur
[03/04/2015 20:29:49] /m margikarp
[03/04/2015 20:29:54] /m magikarp
[03/04/2015 20:30:47] /m margikarp
[03/04/2015 20:30:51] /m magikarp
[03/04/2015 20:31:37] /m magikarp
[03/04/2015 20:33:06] /m magikarp
[03/04/2015 20:35:07] /m margikarp
[03/04/2015 20:35:15] /m magikarp
[03/04/2015 20:36:27] /m magikarp
[03/04/2015 22:59:50] /m Blastoise
[04/04/2015 21:16:48] /m Wartortle
[04/04/2015 21:18:43] /m Wartortle
[04/04/2015 21:20:49] /m wartortle
[04/04/2015 21:23:03] /m wartortle
[04/04/2015 21:24:08] /m wartortle
[04/04/2015 21:25:51] /m wartortle
[04/04/2015 21:27:27] /m wartortle
[04/04/2015 21:34:19] /m rattata
[04/04/2015 22:30:14] /m rattata
[04/04/2015 23:03:03] /m rattata
[05/04/2015 11:31:53] /m raticate
[05/04/2015 11:37:56] /m raticate
[06/04/2015 21:03:47] /m Charizard
[06/04/2015 21:16:51] /m Vaporeon
[06/04/2015 21:46:41] /i 11409
[06/04/2015 21:46:45] /i 11410
[06/04/2015 21:46:53] /i 11408
[06/04/2015 21:47:11] /i coccon stone
[06/04/2015 21:50:15] /m Raticate
[06/04/2015 21:55:53] /m Charizard
[07/04/2015 07:07:18] /i 2666
[07/04/2015 07:08:15] /i 7372
[07/04/2015 07:08:29] /i 7158
[07/04/2015 07:08:51] /i 2670
[07/04/2015 07:09:08] /i 2695
[07/04/2015 07:09:34] /i 6545
[07/04/2015 07:09:48] /i 6541
[07/04/2015 07:10:28] /i 20014
[07/04/2015 07:11:05] /i 2678
[07/04/2015 07:14:16] /i 2676
[07/04/2015 07:19:18] /m Scyzor
[07/04/2015 07:19:52] /m Lapras
[07/04/2015 07:21:05] /i 2160
[07/04/2015 07:21:13] /i 2157
[07/04/2015 07:26:14] /m scissor
[07/04/2015 07:26:19] /m scizor
[07/04/2015 22:32:14] /i 7372
[07/04/2015 22:33:00] /i 7159
[07/04/2015 22:33:56] /m Joelton
[07/04/2015 22:34:00] /m jolteon
[10/04/2015 22:24:01] /m raticate
[10/04/2015 22:38:59] /m rattata
[10/04/2015 22:43:16] /r
[10/04/2015 22:44:53] /m rattata
[10/04/2015 22:45:36] /r
[10/04/2015 22:47:54] /m rattata
[10/04/2015 23:53:52] /m rattata
[10/04/2015 23:59:25] /m rattata
[12/04/2015 16:18:28] /m raticate
[12/04/2015 16:21:21] /m raticate
[12/04/2015 16:28:57] /m raticate
[12/04/2015 16:31:05] /m raticate
[12/04/2015 16:32:26] /r
[12/04/2015 16:43:37] /m raticate
[12/04/2015 16:50:05] /m raticate
[12/04/2015 16:54:44] /m raticate
[12/04/2015 16:57:26] /m raticate
[12/04/2015 17:04:11] /m raticate
[12/04/2015 17:08:32] /m raticate
[12/04/2015 17:10:33] /m raticate
[12/04/2015 22:36:56] /m raticate
[12/04/2015 22:41:41] /m raticate
[12/04/2015 22:46:06] /m raticate
[12/04/2015 23:34:59] /m raticate
[13/04/2015 21:57:33] /m raticate
[13/04/2015 21:59:16] /m raticate
[13/04/2015 22:00:50] /m raticate
[15/04/2015 20:17:43] /t
[15/04/2015 20:18:00] /town 2
[15/04/2015 20:18:05] /town 1
[15/04/2015 20:18:07] /town 3
[15/04/2015 20:18:10] /town 4
[15/04/2015 21:07:29] /town 7
[15/04/2015 21:08:19] /town 8
[24/04/2015 19:08:06] /r
[24/04/2015 19:08:12] /r
[24/04/2015 22:20:32] /m Magmar
[24/04/2015 22:31:50] /m magmar
[24/04/2015 22:33:11] /m charizard
[24/04/2015 23:18:16] /m lapras
[25/04/2015 19:22:29] /r
[25/04/2015 19:23:49] /m Magmar
[25/04/2015 19:25:56] /r
[26/04/2015 00:47:57] /r
[26/04/2015 00:48:36] /m Charmeleon
[26/04/2015 13:57:56] /r
[26/04/2015 14:17:50] /r
[26/04/2015 14:19:06] /m Charmeleon
[27/04/2015 19:47:25] /m Charmeleon
[27/04/2015 19:55:13] /m Charmeleon
[01/05/2015 21:34:13] /m Ivysaur
[01/05/2015 21:37:58] /m Ivysaur
[02/05/2015 19:05:56] /m bulbasaur
[03/05/2015 12:16:20] /m Bulbasaur
[03/05/2015 12:21:00] /m CHarizard
[05/05/2015 07:50:27] /m Charizard
[05/05/2015 07:51:11] /i potion
[05/05/2015 07:51:31] /i 2274
[05/05/2015 18:25:39] /m Charizard
[05/05/2015 19:22:37] /m Lapras
[06/05/2015 19:47:16] /m Lapras
[06/05/2015 20:06:57] /m Lapras
[07/05/2015 00:03:26] /m lapras
[07/05/2015 00:08:40] /r
[07/05/2015 00:08:46] /m lapras
[07/05/2015 00:15:23] /r
[07/05/2015 00:15:27] /m lapras
[07/05/2015 07:14:44] /m lapras
[07/05/2015 07:30:32] /r
[07/05/2015 07:31:18] /m lapras
[07/05/2015 21:48:16] /m Lapras
[07/05/2015 22:03:42] /r
[07/05/2015 22:03:46] /m Lapras
[07/05/2015 22:04:51] /r
[07/05/2015 22:04:54] /m lapras
[09/05/2015 00:24:17] /m lapras
[09/05/2015 14:05:28] /m lapras
[09/05/2015 14:05:33] /m lapras
[09/05/2015 14:16:42] /r
[09/05/2015 14:16:47] /m lapras
[09/05/2015 14:17:13] /r
[09/05/2015 14:18:52] /r
[09/05/2015 14:18:58] /r
[09/05/2015 14:19:05] /m lapras
[09/05/2015 14:21:09] /m lapras
[09/05/2015 14:22:39] /m charizard
[09/05/2015 14:29:49] /m lapras
[09/05/2015 14:31:38] /m lapras
[11/05/2015 00:22:58] /m Bulbasaur
[12/05/2015 20:46:34] /m lapras
[12/05/2015 20:50:37] /m lapras
[22/05/2015 08:12:30] /m gengar
[22/05/2015 08:14:47] /r
[22/05/2015 08:14:49] /m gengar
[22/05/2015 19:57:16] /m gengar
[22/05/2015 20:55:39] /m gengar
[23/05/2015 20:09:08] /c Koressa
[24/05/2015 17:13:35] /m magikarp
[24/05/2015 17:14:02] /m squirtle
[24/05/2015 17:29:47] /n oak
[24/05/2015 17:34:37] /n oak
[24/05/2015 17:52:25] /m gengar
[24/05/2015 17:56:18] /m gengar
[24/05/2015 23:03:52] /m gengar
[25/05/2015 20:10:04] /m gengar
[25/05/2015 20:14:12] /m gengar
[25/05/2015 20:15:25] /m gengar
[25/05/2015 22:31:05] /m gengar
[25/05/2015 22:33:40] /m gengar
[25/05/2015 22:39:29] /m gengar
[25/05/2015 22:41:27] /m gengar
[25/05/2015 22:44:15] /m gengar
[25/05/2015 22:46:45] /m gengar
[25/05/2015 22:48:46] /m gengar
[16/06/2015 11:51:27] /n Oak
[16/06/2015 11:52:57] /n oak
[16/06/2015 11:53:42] /n
[16/06/2015 11:53:44] /r
[16/06/2015 12:24:52] /n oak
[16/06/2015 12:27:21] /n oak
[16/06/2015 12:29:41] /n oak
[16/06/2015 12:33:18] /n oak
[16/06/2015 12:44:03] /n oak
[16/06/2015 12:46:27] /n oak
[16/06/2015 12:56:39] /n oak
[16/06/2015 13:01:38] /n oak
[16/06/2015 13:04:38] /n oak
[16/06/2015 13:08:11] /n oak
[17/06/2015 11:33:59] /n oak
[17/06/2015 11:36:15] /n aok
[17/06/2015 11:36:30] /n oak
[17/06/2015 11:47:15] /n oak
[17/06/2015 11:56:35] /n Oak
[17/06/2015 12:00:35] /n Oak
[17/06/2015 12:05:05] /n oak
[17/06/2015 12:12:03] /n oak
[17/06/2015 12:13:42] /n oak
[17/06/2015 12:14:56] /n oak
[17/06/2015 12:21:53] /n oak
[17/06/2015 12:23:33] /n oak
[17/06/2015 12:28:28] /n oak
[17/06/2015 16:42:56] /n oak
[17/06/2015 16:44:49] /n oak
[18/06/2015 10:27:32] /n oak
[18/06/2015 10:29:42] /n oak
[18/06/2015 10:36:31] /n oak
[18/06/2015 10:37:30] /n oak
[18/06/2015 11:05:29] /town 5
[18/06/2015 11:05:35] /n oak
[18/06/2015 11:10:26] /n oak
[18/06/2015 11:15:55] /town 4
[18/06/2015 11:16:02] /n oak
[19/06/2015 10:25:08] /n oak
[19/06/2015 12:16:30] /town 5
[19/06/2015 12:16:37] /n oak
[27/06/2015 12:43:44] /m Charmander
[27/06/2015 12:45:20] /r
[27/06/2015 12:45:28] /m Bulbasaur
[27/06/2015 14:41:58] /m Ivysaur
[29/06/2015 14:41:46] /m Bulbasaur
[29/06/2015 14:43:41] /i ultra ball
[29/06/2015 14:43:47] /m Charmander
[29/06/2015 14:45:47] /m Charmander
[29/06/2015 19:42:32] /i 2279
[29/06/2015 19:46:11] /i leaf stone
[29/06/2015 19:48:07] /i leaf stone
[11/07/2015 13:23:35] /m gloom
[11/07/2015 22:54:31] /m magikarp
[11/07/2015 23:01:36] /m Bulbasaur
[11/07/2015 23:07:02] /m Pikachu
[12/07/2015 20:35:14] /m Gloom
[12/07/2015 20:36:31] /m Squirtle
[12/07/2015 20:36:53] /m Magikarp
[12/07/2015 20:49:22] /m Charizard
[12/07/2015 20:54:16] /m Bulbasaur
[12/07/2015 20:54:29] /m Charizard
[12/07/2015 21:02:27] /m Electabuzz
[12/07/2015 21:03:44] /m Bulbasaur
[12/07/2015 21:09:18] /m Bulbasaur
[12/07/2015 21:10:00] /m Bulbasaur
[12/07/2015 21:13:34] /m Bulbasaur
[12/07/2015 21:21:39] /m Bulbasaur
[12/07/2015 21:29:59] /m Bulbasaur
[12/07/2015 21:30:16] /m Bulbasaur
[12/07/2015 21:30:33] /m Gloom
[12/07/2015 21:35:20] /m gloom
[12/07/2015 21:38:33] /m gloom
[12/07/2015 21:41:25] /m bulbasaur
[12/07/2015 21:41:37] /m Ivysaur
[12/07/2015 21:43:40] /r
[12/07/2015 21:43:49] /m Ivysaur
[12/07/2015 21:45:02] /r
[12/07/2015 21:45:07] /m Ivysaur
[12/07/2015 21:49:18] /r
[15/07/2015 19:16:25] /n valakinhas
[16/07/2015 21:13:21] /n Valakinhas
[16/07/2015 21:14:28] /r
[16/07/2015 22:24:47] /goto Mario 934 316 7
[16/07/2015 22:24:59] /goto 934 316 7
[16/07/2015 22:25:52] /attr position 934 316 7
[16/07/2015 22:26:07] /attr pos 934 316 7
[28/07/2015 20:11:16] /m Lapras
[28/07/2015 20:37:21] /r
[28/07/2015 20:44:00] /r
[28/07/2015 20:45:45] /r
[28/07/2015 20:47:50] /r
[28/07/2015 20:49:38] /r
[28/07/2015 20:51:14] /r
[31/07/2015 12:34:54] /i ultra ball
[02/08/2015 16:47:03] /s Ivysaur
[02/08/2015 16:47:12] /s Ivysaur
[02/08/2015 16:47:36] /s Ivysaur
[02/08/2015 17:44:51] /i revive
[18/08/2015 10:01:41] /clean
[18/08/2015 10:01:57] /m red gyarados
[18/08/2015 10:02:13] /i saffari ball
[18/08/2015 10:02:52] /m Red gyarados
[18/08/2015 10:04:24] /r
[18/08/2015 10:04:44] /reload monsters
[18/08/2015 10:04:47] /m red gyarados
[18/08/2015 10:05:47] /r
[18/08/2015 10:08:16] /reload monsters
[18/08/2015 10:08:20] /m red gyarados
[18/08/2015 10:10:03] /m red gyarados
[18/08/2015 10:12:29] /i 144
[18/08/2015 10:14:44] /m red gyarados
[18/08/2015 10:15:37] /m oddish
[18/08/2015 10:16:00] /m odish
[18/08/2015 10:16:04] /m oddish
[18/08/2015 10:18:14] /reload monsters
[18/08/2015 10:18:18] /m shiny zubat
[18/08/2015 10:20:47] /m elder charizard
[18/08/2015 10:21:21] /i 6004
[18/08/2015 10:21:23] /i 6005
[18/08/2015 10:25:48] /reload monsters
[18/08/2015 10:25:59] /m elder charizard
[18/08/2015 10:30:47] /m elder charizard
[18/08/2015 10:35:08] /m elder charizard
[18/08/2015 10:38:02] /m shiny zubat
[18/08/2015 10:43:50] /m red gyarados
[18/08/2015 10:45:27] /i 144
[18/08/2015 10:49:34] /m shiny magikarp
[18/08/2015 10:52:13] /m elder charizard
[22/08/2015 11:55:59] /m elder charizard
[22/08/2015 12:01:04] /r
[22/08/2015 13:20:53] /i 110
[22/08/2015 13:21:01] /m shiny rattata
[22/08/2015 13:25:05] /m shiny rattata
[22/08/2015 13:30:01] /m shiny rattata
[22/08/2015 13:35:56] /m elder charizard
[22/08/2015 13:37:27] /m elder charizard
[22/08/2015 13:41:02] /m crystal onix
[22/08/2015 13:43:15] /m oddish
[22/08/2015 13:43:26] /m shiny magikarp
[22/08/2015 13:44:07] /reload creaturescript
[22/08/2015 13:44:16] /m crystal onix
[22/08/2015 13:45:43] /reload creatureevent
[22/08/2015 13:45:56] /m crystal onix
[22/08/2015 14:11:10] /i 2990
[22/08/2015 14:11:40] /i 2020
[22/08/2015 14:12:42] /m shiny magikarp
[22/08/2015 14:14:16] /m shiny magikarp
[22/08/2015 14:14:33] /m shiny rattata
[22/08/2015 14:14:47] /m shiny zubat
[22/08/2015 14:15:00] /m shiny oddish
[22/08/2015 14:15:13] /m shiny para
[22/08/2015 14:15:14] /m shiny paras
[22/08/2015 14:15:33] /m Shiny Growlithe
[22/08/2015 14:16:59] /m Shiny Dratini
[22/08/2015 14:17:32] /m shiny growlithe
[22/08/2015 14:18:03] /m Charizard
[22/08/2015 14:18:06] /r
[22/08/2015 14:18:24] /m Shiny Arcanine
[22/08/2015 14:26:05] /m shiny arcanine
[22/08/2015 14:28:30] /m Shiny Muk
[22/08/2015 14:28:43] /m shiny tentacool
[22/08/2015 14:29:07] /m shiny tentacruel
[22/08/2015 14:29:18] /m shiny tentacruel
[22/08/2015 14:29:34] /m Shiny Grimer
[22/08/2015 14:30:12] /m Shiny Voltorb
[22/08/2015 14:30:42] /m shiny electrode
[22/08/2015 14:31:16] /m Shiny Krabby
[22/08/2015 14:31:44] /m shiny krabby
[22/08/2015 14:35:14] /m shiny magikarp
[22/08/2015 14:36:57] /m /m shiny rattata
[22/08/2015 14:37:03] /m shiny Rattata
[22/08/2015 14:37:33] /m shiny zubat
[22/08/2015 14:37:37] /m shiny oddish
[22/08/2015 14:38:29] /m shiny growlithe
[22/08/2015 14:39:03] /m shiny paras
[22/08/2015 14:39:06] /m shiny dratini
[22/08/2015 14:40:26] /m shiny arcanine
[22/08/2015 14:40:30] /m shiny muk
[22/08/2015 14:41:38] /m shiny grimer
[22/08/2015 14:41:46] /clean
[22/08/2015 14:42:08] /m shiny parasect
[22/08/2015 14:42:50] /m Shiny Jynx
[22/08/2015 14:43:43] /m shiny seadra
[22/08/2015 14:43:44] /m Shiny Venonat
[22/08/2015 14:44:42] /m Shiny Venomoth
[22/08/2015 14:45:10] /m venomoth
[22/08/2015 14:45:59] /m Shiny Butterfree
[22/08/2015 14:46:54] /m Shiny Blastoise
[22/08/2015 14:47:28] /m shiny venusaur
[22/08/2015 14:48:09] /m Shiny Raticate
[22/08/2015 14:48:15] /m shiny beedrill
[22/08/2015 14:49:01] /m shiny horsea
[22/08/2015 14:49:02] /m Shiny Kingler
[22/08/2015 14:49:50] /m Shiny Raichu
[22/08/2015 14:50:31] /m dark abra
[22/08/2015 14:50:57] /m shiny scyther
[22/08/2015 14:51:30] /m Shiny Electabuzz
[22/08/2015 14:51:58] /m Red gyarados
[22/08/2015 14:53:41] /m dark alakazam
[22/08/2015 14:54:19] /r
[22/08/2015 14:54:52] /m crystal onix
[22/08/2015 14:55:32] /m elder charizard
[22/08/2015 14:58:23] /i 124
[22/08/2015 14:59:38] /i 131
[22/08/2015 15:00:12] /i 131
[22/08/2015 15:02:45] /i 132
[22/08/2015 15:03:39] /i 137
[22/08/2015 15:04:16] /i 138
[22/08/2015 15:05:49] /i 141
[22/08/2015 15:06:37] /i 144
[22/08/2015 15:07:40] /i 144
[22/08/2015 15:08:27] /i 8755
[22/08/2015 15:09:08] /i 126
[22/08/2015 15:09:19] /i 8755
[22/08/2015 15:10:12] /i 6039
[22/08/2015 15:10:21] /i 126
[22/08/2015 15:11:48] /i 8747
[22/08/2015 15:11:59] /i 121
[22/08/2015 15:12:01] /i 121
[22/08/2015 15:20:03] /m Shiny voltorb
[22/08/2015 15:20:08] /m shiny electrode
[22/08/2015 15:21:24] /i 124
[22/08/2015 15:21:42] /i 125
[22/08/2015 15:22:37] /m shiny voltorb
[22/08/2015 15:22:55] /m shiny electrode
[22/08/2015 15:23:32] /i 125
[22/08/2015 15:23:35] /i 124
[22/08/2015 15:23:59] /i 125
[22/08/2015 15:25:11] /m shiny voltorb
[22/08/2015 15:25:34] /m shiny electrode
[22/08/2015 15:26:09] /m shiny seadra
[22/08/2015 15:26:47] /m shiny venomoth
[22/08/2015 15:27:18] /m shiny beedrill
[22/08/2015 15:27:36] /m Shiny kingler
[22/08/2015 15:28:18] /m dark abra
[22/08/2015 15:28:48] /m Red Gyarados
[22/08/2015 15:30:45] /m shiny krabby
[22/08/2015 15:31:23] /m Shiny muk
[22/08/2015 15:31:42] /m muk
[22/08/2015 15:33:47] /i 6057
[22/08/2015 15:33:51] /r
[22/08/2015 15:34:21] /m shiny butterfree
[22/08/2015 15:36:18] /m shiny beedrill
[22/08/2015 15:37:14] /i 137
[22/08/2015 15:38:50] /m shiny beedrill
[22/08/2015 15:42:14] /m shiny butterfree
[22/08/2015 15:42:46] /m dark alakazam
[22/08/2015 15:42:49] /r
[22/08/2015 21:12:05] /m oddish
[22/08/2015 21:12:07] /m oddish
[22/08/2015 21:12:08] /m oddish
[22/08/2015 21:12:09] /m oddish
[22/08/2015 21:12:09] /m oddish
[22/08/2015 21:12:10] /m oddish
[22/08/2015 21:12:10] /m oddish
[22/08/2015 21:12:10] /m oddish
[22/08/2015 21:12:11] /m oddish
[22/08/2015 21:12:13] /a 5
[22/08/2015 21:12:19] /m oddish
[22/08/2015 21:12:20] /m oddish
[22/08/2015 21:12:20] /m oddish
[22/08/2015 21:12:20] /m oddish
[22/08/2015 21:12:21] /m oddish
[22/08/2015 21:12:21] /m oddish
[22/08/2015 21:12:23] /m oddish
[22/08/2015 21:12:24] /m oddish
[22/08/2015 21:12:25] /m oddish
[22/08/2015 21:12:26] /m oddish
[22/08/2015 21:12:27] /m oddish
[22/08/2015 21:12:28] /m oddish
[22/08/2015 21:12:29] /m oddish
[22/08/2015 21:12:30] /m oddish
[22/08/2015 21:12:31] /m oddish
[22/08/2015 21:12:31] /m oddish
[22/08/2015 21:12:32] /m oddish
[22/08/2015 21:12:33] /m oddish
[22/08/2015 21:12:33] /m oddish
[22/08/2015 21:12:34] /m oddish
[22/08/2015 21:12:35] /m oddish
[22/08/2015 21:12:36] /m oddish
[22/08/2015 21:12:36] /m oddish
[22/08/2015 21:12:37] /m oddish
[22/08/2015 21:12:37] /m oddish
[22/08/2015 21:12:38] /m oddish
[22/08/2015 21:12:38] /m oddish
[22/08/2015 21:12:38] /m oddish
[22/08/2015 21:12:40] /a 5
[22/08/2015 21:12:42] /m oddish
[22/08/2015 21:12:43] /m oddish
[22/08/2015 21:12:44] /m oddish
[22/08/2015 21:12:44] /m oddish
[22/08/2015 21:12:47] /m oddish
[22/08/2015 21:12:49] /m oddish
[22/08/2015 21:12:51] /m oddish
[22/08/2015 21:12:52] /m oddish
[22/08/2015 21:12:52] /m oddish
[22/08/2015 21:12:52] /m oddish
[22/08/2015 21:12:54] /m oddish
[22/08/2015 21:12:54] /m oddish
[22/08/2015 21:12:54] /m oddish
[22/08/2015 21:12:55] /m oddish
[22/08/2015 21:12:56] /m oddish
[22/08/2015 21:12:57] /m oddish
[22/08/2015 21:15:44] /m oddish
[15/05/2016 03:08:48] /goto mew
[15/05/2016 03:08:59] /goto snorlax
[15/05/2016 03:09:05] /goto magmar
[15/05/2016 03:09:32] /goto gloom
[15/05/2016 03:10:07] /goto Pidgey [3]
[15/05/2016 03:12:24] /m mew
[15/05/2016 03:12:40] /m mew s
[29/11/2022 11:31:14] /goto pidgeot
[29/11/2022 11:31:19] /goto Pidgeot
[29/11/2022 11:31:21] /goto Spearow
[29/11/2022 11:31:23] /goto golem
[29/11/2022 11:31:28] /m golem
[29/11/2022 11:32:17] /i revive 1
[29/11/2022 11:32:21] /i revive, 10
[29/11/2022 11:33:44] /t
[29/11/2022 12:17:06] /t
[29/11/2022 12:17:07] /town 21
[29/11/2022 12:17:08] /town 2
[29/11/2022 13:34:53] /goto brock
[29/11/2022 13:34:57] /n brock
[29/11/2022 13:39:45] /r
[29/11/2022 13:40:03] /r
[29/11/2022 13:40:03] /r
[29/11/2022 13:40:12] /r all
[29/11/2022 13:40:15] /r
[29/11/2022 13:40:19] /r
[29/11/2022 13:40:30] /r all
[29/11/2022 13:40:46] /r
[29/11/2022 13:40:48] /town 2
[29/11/2022 13:40:49] /town 3
[29/11/2022 13:40:51] /town saffron
[29/11/2022 13:40:54] /town 5
[29/11/2022 13:42:08] /r
[29/11/2022 13:56:57] /n nick
[29/11/2022 13:58:26] /town 5
[29/11/2022 14:05:45] /i boost stone, 10
[29/11/2022 14:05:54] /r
[29/11/2022 14:09:52] /i boost stone
[29/11/2022 14:10:55] /m shiny kraby
[29/11/2022 14:10:59] /m shiny krabby
[29/11/2022 14:24:10] /n nick
[29/11/2022 14:24:13] /n Nick
[29/11/2022 14:25:41] /n Nick
[29/11/2022 14:26:09] /i 2160, 100
[29/11/2022 14:26:44] /m shiny oddish
[29/11/2022 14:31:05] /m charmander
[29/11/2022 14:32:44] /i fire stone, 1
[29/11/2022 14:32:49] /i fire stone, 1
[29/11/2022 14:32:49] /i fire stone, 1
[29/11/2022 14:33:03] /n Nick
[29/11/2022 14:39:33] /i ultra ball, 100
[29/11/2022 14:40:01] /t
[29/11/2022 14:40:03] /town 5
[30/11/2022 09:12:18] /n 
[30/11/2022 09:12:20] /goto brock
[30/11/2022 09:12:31] /n brockpda
[30/11/2022 09:19:56] /n brockpda
[30/11/2022 09:22:58] /n brockpda
[30/11/2022 11:58:58] /n brockpda
[30/11/2022 11:59:58] /r
[30/11/2022 12:00:08] /n sabrina
[30/11/2022 12:01:11] /r
[30/11/2022 12:17:58] /n brockpda
[30/11/2022 12:18:24] /r
[30/11/2022 12:19:24] /n brockpda
[30/11/2022 12:19:26] /r
[30/11/2022 12:23:01] /r
[30/11/2022 12:23:07] /n erika
[30/11/2022 12:24:20] /m Scizor
[30/11/2022 12:24:22] /m Scyther
[30/11/2022 12:24:27] /m Scyzor
[30/11/2022 12:25:29] /save
[30/11/2022 12:26:41] /m meganium
[30/11/2022 12:26:43] /m Bayleef
[30/11/2022 12:27:18] /m 
[30/11/2022 12:27:20] /m psyduck
[30/11/2022 12:27:22] /r
[30/11/2022 12:27:25] /m golduck
[30/11/2022 12:28:01] /r
[30/11/2022 12:29:14] /r
[30/11/2022 12:30:46] /save
[30/11/2022 12:32:44] /r
[30/11/2022 12:33:55] /n erika
[30/11/2022 12:34:06] /r
[30/11/2022 12:34:07] /n brock
[30/11/2022 12:37:12] /n erika
[30/11/2022 12:37:17] /r
[30/11/2022 12:37:19] /r
[30/11/2022 12:37:21] /r
[30/11/2022 12:37:23] /r
[30/11/2022 13:12:10] /n brockpda
[30/11/2022 13:18:14] /town 2
[30/11/2022 13:18:17] /town 3
[30/11/2022 13:18:21] /town 5
[30/11/2022 13:18:31] /n brock
[30/11/2022 13:18:33] /r
[30/11/2022 13:18:34] /r
[30/11/2022 13:18:36] /n brockpda
[30/11/2022 13:23:41] /n brockpda
[30/11/2022 13:24:22] /r
[30/11/2022 13:28:51] /r
[30/11/2022 13:28:53] /r
[30/11/2022 13:28:56] /r
[30/11/2022 13:32:10] /r
[30/11/2022 13:32:32] /n brockpda
[30/11/2022 13:32:41] /r
[30/11/2022 13:35:33] /n brocvkpda
[30/11/2022 13:35:36] /n brockpda
[30/11/2022 13:36:35] /m shiny onix
[30/11/2022 13:40:50] /m 
[30/11/2022 13:44:08] /reload npcs
[30/11/2022 13:44:54] /reload npcs
[30/11/2022 13:44:55] /save
[30/11/2022 13:45:54] /reload npcs
[30/11/2022 13:45:55] /save
[30/11/2022 13:47:00] /save
[30/11/2022 13:47:03] /reload npcs
[30/11/2022 13:47:18] /save
[30/11/2022 13:47:52] /reload npcs
[30/11/2022 13:48:31] /reload npcs
[30/11/2022 13:49:35] /reload npcs
[30/11/2022 13:50:21] /reload npcs
[30/11/2022 13:51:18] /save
[30/11/2022 13:51:21] /reload npcs
[30/11/2022 13:52:02] /save
[30/11/2022 13:52:05] /reload npcs
[30/11/2022 13:52:38] /save
[30/11/2022 13:52:41] /reload npcs
[30/11/2022 13:54:36] /reload npc
[30/11/2022 13:54:52] /reload npc
[30/11/2022 13:55:28] /reload npc
[30/11/2022 13:55:41] /reload npc
[30/11/2022 13:55:43] /save
[30/11/2022 13:56:11] /reload npc
[30/11/2022 13:56:21] /save
[30/11/2022 13:57:10] /reload npcs
[30/11/2022 13:58:01] /reload npc
[30/11/2022 13:59:48] /reload npc
[30/11/2022 13:59:58] /m golem
[30/11/2022 14:02:32] /r
[30/11/2022 14:02:34] /r
[30/11/2022 14:02:36] /r
[30/11/2022 14:02:39] /town 5
[30/11/2022 14:03:01] /town 5
[30/11/2022 14:21:41] /town pewter
[30/11/2022 14:21:44] /town pewter
[30/11/2022 14:21:48] /n brock
[30/11/2022 14:24:49] /goto charizard
[30/11/2022 14:24:55] /n nick
[30/11/2022 14:25:14] /r
[30/11/2022 14:26:30] /r
[30/11/2022 14:26:32] /goto venusaur
[30/11/2022 14:29:21] /r
[30/11/2022 14:31:38] /reload action
[30/11/2022 14:34:33] /reload actions
[30/11/2022 14:34:51] /save
[30/11/2022 14:34:53] /reload actions
[30/11/2022 14:36:24] /reload actions
[30/11/2022 14:44:35] /reload actions
[30/11/2022 14:46:36] /reload actions
[30/11/2022 14:57:33] /t
[30/11/2022 14:57:38] /town 5
[30/11/2022 14:57:40] /a 2
[30/11/2022 14:58:27] /r
[30/11/2022 15:31:57] /m charmander
[30/11/2022 15:32:13] /m charmander
[30/11/2022 15:32:29] /r
[30/11/2022 15:32:32] /i poke ball
[30/11/2022 15:32:35] /i charmander
[30/11/2022 15:32:37] /m charmander
[30/11/2022 15:32:38] /m charmander
[30/11/2022 15:32:39] /m charmander
[30/11/2022 15:33:34] /reload action
[30/11/2022 15:33:36] /m charmander
[30/11/2022 15:34:25] /reload actions
[30/11/2022 15:34:27] /m oddish, 5
[30/11/2022 15:34:31] /m oddish, 5
[30/11/2022 15:34:34] /m oddish, Mario
[30/11/2022 15:34:41] /m oddish, Mario
[30/11/2022 15:34:42] /m oddish, Mario
[30/11/2022 15:34:42] /m oddish, Mario
[30/11/2022 15:34:43] /m oddish, Mario
[30/11/2022 15:34:43] /m oddish, Mario
[30/11/2022 15:34:44] /m oddish, Mario
[30/11/2022 15:34:44] /m oddish, Mario
[30/11/2022 15:34:45] /m oddish, Mario
[30/11/2022 15:34:45] /m oddish, Mario
[30/11/2022 15:34:45] /m oddish, Mario
[30/11/2022 15:34:46] /m oddish, Mario
[30/11/2022 15:34:46] /m oddish, Mario
[30/11/2022 15:35:21] /reload actions
[30/11/2022 15:35:28] /i great ball
[30/11/2022 15:35:29] /i super ball
[30/11/2022 15:35:49] /m charizard
[30/11/2022 15:35:57] /r
[30/11/2022 15:35:59] /r 
[30/11/2022 15:36:01] /m oddish
[30/11/2022 15:36:02] /m oddish
[30/11/2022 15:36:03] /m oddish
[30/11/2022 15:36:04] /m oddish
[30/11/2022 15:36:05] /m oddish
[30/11/2022 15:36:05] /m oddish
[30/11/2022 15:36:06] /m oddish
[30/11/2022 15:36:07] /m oddish
[30/11/2022 15:36:51] /reload actions
[30/11/2022 15:37:08] /m charmander
