[12/08/2015 23:02:59] /town 9
[12/08/2015 23:05:14] /goto 1053, 1487, 7
[12/08/2015 23:05:21] /n Rick
[12/08/2015 23:05:35] /n Safari
[12/08/2015 23:05:39] /n Saffari
[12/08/2015 23:08:45] /n Rick
[12/08/2015 23:09:27] /n safari
[12/08/2015 23:09:35] /n Rick
[12/08/2015 23:10:01] /town 2
[12/08/2015 23:21:03] /town 5
[13/08/2015 15:37:52] /goto Fernanda Lima
[13/08/2015 15:38:12] /i box 3
[13/08/2015 15:38:20] /i box3
[13/08/2015 15:39:49] /i 2160
[13/08/2015 15:40:09] /i 2146 
[13/08/2015 15:40:18] /i 2645 
[13/08/2015 15:40:39] /i 7886
[13/08/2015 15:40:54] /i 7886
[13/08/2015 15:41:27] /n nurse
[13/08/2015 15:42:24] /town 5
[13/08/2015 15:42:58] /send (Fernanda Lima), 1052 1053 7
[13/08/2015 15:43:09] /send (Fernanda Lima), 1052 ,1053, 7
[13/08/2015 15:44:14] /t Fernanda Lima
[13/08/2015 15:47:11] /b QUEM TIVER COM ORDER BUGADO FALA COMIGO
[13/08/2015 15:47:52] /b OS BUGS Q FORAM REPORTADOS PRO VALAKINHAS VÃO SER CONCERTADOS
[13/08/2015 15:48:58] /b MADARAZINN DANDO POKÉMON DE GRAÇA PM PRA ELE
[13/08/2015 16:01:00] /addskill fish, Madaraziin = +47
[13/08/2015 16:01:23] /addskill fish, Madaraziin = +47
[13/08/2015 16:01:39] /addskill fish, Madaraziin = +47
[13/08/2015 16:03:25] /addskill (Madaraziin),fish 47
[13/08/2015 16:04:55] /addskill Madarazin,fish,40
[13/08/2015 16:05:07] /addskill Madaraziin,fish,40
[13/08/2015 16:05:31] /addskill Madaraziin,fish,27
[13/08/2015 16:05:49] /addskill Madaraziin,fish,27
[13/08/2015 16:06:04] /addskill Madaraziin,fish,7
[13/08/2015 16:06:10] /addskill Madaraziin,fish,7
[13/08/2015 16:06:10] /addskill Madaraziin,fish,7
[13/08/2015 16:06:11] /addskill Madaraziin,fish,7
[13/08/2015 16:06:11] /addskill Madaraziin,fish,7
[13/08/2015 16:14:00] /addskill Guh Santos,fish,71
[13/08/2015 16:41:15] /b alguem com pesca 60 ++ tenta tescar ai
[13/08/2015 16:43:17] /b testem agora
[13/08/2015 16:43:48] /b é negin agr prepara que os gyaradus é foda
[13/08/2015 16:46:34] /a 1
[13/08/2015 16:46:37] /a 1
[13/08/2015 17:01:23] /b QUERO VER O MACHO QUE VAI FAZER GENGAR QUEST, DÁ BOX 4
[13/08/2015 17:02:44] /b Guh Santos vai fazer a gengar quest, quem quiser ir manda pm pra ele!
[13/08/2015 17:19:09] /goto Madaraziin
[13/08/2015 17:24:34] /m snorlax
[13/08/2015 17:25:14] /goto Guh Santos
[13/08/2015 17:25:24] /goto Guh Santos
[13/08/2015 17:25:32] /goto Guh Santos
[13/08/2015 17:26:48] /n nurse
[13/08/2015 17:27:01] /r
[13/08/2015 17:27:14] /i poke bal
[13/08/2015 17:27:24] /i poke ball
[13/08/2015 17:53:58] /town 5
[13/08/2015 17:54:10] /ghost
[13/08/2015 17:54:16] /goto Madaraziin
[14/08/2015 01:46:57] /goto Madaraziin
[14/08/2015 01:47:18] /n Nurse
[14/08/2015 01:47:26] /r
[14/08/2015 01:52:38] /goto Madaraziin
[14/08/2015 01:52:48] /ghost
[14/08/2015 01:57:53] /town 5
[14/08/2015 01:59:53] /goto Madaraziin
[14/08/2015 02:00:39] /town 5
[14/08/2015 02:08:08] /addskill Muniz,fish,100
[14/08/2015 02:08:10] /addskill Muniz,fish,100
[14/08/2015 02:15:50] /b servidor vai reiniciar em 1 minuto, vá pra algum local seguro, ou morra quando logar.
[14/08/2015 02:23:50] /r
[14/08/2015 02:23:52] /r
[14/08/2015 02:23:54] /r
[14/08/2015 02:25:10] /b server vai reiniciar em 1 minuto vão pra local seguro estou balanceado algumas passivas
[14/08/2015 02:35:34] /i Enigma Stone
[14/08/2015 02:35:36] /i Enigma Stone
[14/08/2015 02:35:56] /i Enigma Stone
[14/08/2015 02:37:04] /i Enigma Stone
[14/08/2015 02:37:05] /i Enigma Stone
[14/08/2015 02:39:41] /b vou dormir pessoal, qualquer bug avisem na pagina do facebook, bom jogo a todos.
[14/08/2015 09:06:02] /ghost
[14/08/2015 09:06:10] /goto Alyson
[14/08/2015 09:06:23] /n Nurse
[14/08/2015 09:06:28] /ghost
[14/08/2015 09:07:28] /r
[14/08/2015 09:07:48] /town 5
[14/08/2015 09:21:51] /town 9
[14/08/2015 09:21:55] /town 8
[14/08/2015 09:22:01] /town 7
[16/08/2015 20:26:34] /town 5
[16/08/2015 21:30:26] /ghost
[16/08/2015 21:30:31] /ghost
[16/08/2015 21:31:53] /ghost
[16/08/2015 21:34:17] /m tentacool
[16/08/2015 21:34:20] /m tentacool
[16/08/2015 21:34:21] /m tentacool
[16/08/2015 21:35:07] /ghost
[16/08/2015 21:36:51] /goto  [PDR] Valakinhas
[16/08/2015 21:37:54] /i fire stone
[16/08/2015 21:37:54] /i fire stone
[16/08/2015 21:38:44] /i saffari ball
[16/08/2015 21:38:51] /m shiny magiark
[16/08/2015 21:39:08] /m shiny magikarp
[16/08/2015 21:39:38] /m shiny rattata
[16/08/2015 21:41:11] /i pokeball, charizard
[16/08/2015 21:42:39] /ghost
[16/08/2015 21:42:56] /goto Draxtz
[16/08/2015 21:43:42] /m shiny Charizard
[16/08/2015 21:43:55] /m shiny tentacruel
[16/08/2015 21:44:20] /m shiny tentacruel
[16/08/2015 21:45:00] /ghost
[16/08/2015 21:47:20] /m shiny tentacruel
[16/08/2015 21:48:08] /m shiny tentacruel/m shiny tentacruel
[16/08/2015 21:48:09] /m shiny tentacruel
[16/08/2015 21:48:09] /m shiny tentacruel
[16/08/2015 21:48:10] /m shiny tentacruel
[16/08/2015 21:48:10] /m shiny tentacruel
[16/08/2015 21:48:10] /m shiny tentacruel
[16/08/2015 21:48:11] /m shiny tentacruel
[16/08/2015 21:48:11] /m shiny tentacruel
[16/08/2015 21:48:11] /m shiny tentacruel
[16/08/2015 21:48:11] /m shiny tentacruel
[16/08/2015 21:48:12] /m shiny tentacruel
[16/08/2015 21:48:13] /m shiny tentacruel/m shiny tentacruel/m shiny tentacruel/m shiny tentacruel/m shiny tentacruel
[16/08/2015 21:48:14] /m shiny tentacruel
[16/08/2015 21:48:14] /m shiny tentacruel
[16/08/2015 21:48:14] /m shiny tentacruel
[16/08/2015 21:48:14] /m shiny tentacruel
[16/08/2015 21:48:15] /m shiny tentacruel
[16/08/2015 21:48:15] /m shiny tentacruel
[16/08/2015 21:48:15] /m shiny tentacruel
[16/08/2015 21:48:16] /m shiny tentacruel
[16/08/2015 21:48:16] /m shiny tentacruel
[16/08/2015 21:48:16] /m shiny tentacruel
[16/08/2015 21:48:17] /m shiny tentacruel
[16/08/2015 21:48:17] /m shiny tentacruel
[16/08/2015 21:48:17] /m shiny tentacruel
[16/08/2015 21:48:17] /m shiny tentacruel
[16/08/2015 21:48:18] /m shiny tentacruel
[16/08/2015 21:48:18] /m shiny tentacruel
[16/08/2015 21:48:18] /m shiny tentacruel
[16/08/2015 21:48:19] /m shiny tentacruel
[16/08/2015 21:48:19] /m shiny tentacruel
[16/08/2015 21:48:19] /m shiny tentacruel
[16/08/2015 21:48:20] /m shiny tentacruel
[16/08/2015 21:48:20] /m shiny tentacruel
[16/08/2015 21:48:20] /m shiny tentacruel
[16/08/2015 21:48:21] /m shiny tentacruel
[16/08/2015 21:48:21] /m shiny tentacruel
[16/08/2015 21:48:21] /m shiny tentacruel
[16/08/2015 21:48:22] /m shiny tentacruel
[16/08/2015 21:48:22] /m shiny tentacruel
[16/08/2015 21:48:22] /m shiny tentacruel
[16/08/2015 21:48:23] /m shiny tentacruel
[16/08/2015 21:48:23] /m shiny tentacruel
[16/08/2015 21:48:23] /m shiny tentacruel
[16/08/2015 21:48:24] /m shiny tentacruel
[16/08/2015 21:48:24] /m shiny tentacruel
[16/08/2015 21:48:24] /m shiny tentacruel
[16/08/2015 21:48:25] /m shiny tentacruel
[16/08/2015 21:48:25] /m shiny tentacruel
[16/08/2015 21:48:25] /m shiny tentacruel
[16/08/2015 21:48:26] /m shiny tentacruel
[16/08/2015 21:48:26] /m shiny tentacruel
[16/08/2015 21:48:26] /m shiny tentacruel
[16/08/2015 21:48:27] /m shiny tentacruel
[16/08/2015 21:48:27] /m shiny tentacruel
[16/08/2015 21:48:27] /m shiny tentacruel
[16/08/2015 21:48:28] /m shiny tentacruel
[16/08/2015 21:48:28] /m shiny tentacruel
[16/08/2015 21:48:28] /m shiny tentacruel
[16/08/2015 21:48:29] /m shiny tentacruel
[16/08/2015 21:48:29] /m shiny tentacruel
[16/08/2015 21:48:29] /m shiny tentacruel
[16/08/2015 21:48:30] /m shiny tentacruel
[16/08/2015 21:48:30] /m shiny tentacruel
[16/08/2015 21:48:31] /m shiny tentacruel
[16/08/2015 21:48:31] /m shiny tentacruel
[16/08/2015 21:48:31] /m shiny tentacruel
[16/08/2015 21:48:32] /m shiny tentacruel
[16/08/2015 21:49:05] /town 5
[16/08/2015 21:50:17] /town 5
[16/08/2015 21:51:45] /t Junior Kstt
[16/08/2015 21:53:52] /goto  Junior Kstt
[16/08/2015 21:54:24] /m shiny rattata
[16/08/2015 21:54:25] /m shiny rattata
[16/08/2015 21:54:26] /m shiny rattata
[16/08/2015 21:54:27] /m shiny rattata
[16/08/2015 21:54:27] /m shiny rattata
[16/08/2015 21:54:28] /m shiny rattata
[16/08/2015 21:54:28] /m shiny rattata
[16/08/2015 21:54:28] /m shiny rattata
[16/08/2015 21:54:29] /m shiny rattata
[16/08/2015 21:54:29] /m shiny rattata
[16/08/2015 21:54:29] /m shiny rattata
[16/08/2015 21:54:29] /m shiny rattata
[16/08/2015 21:54:30] /m shiny rattata
[16/08/2015 21:54:30] /m shiny rattata
[16/08/2015 21:54:30] /m shiny rattata
[16/08/2015 21:54:31] /m shiny rattata
[16/08/2015 21:54:31] /m shiny rattata
[16/08/2015 21:54:31] /m shiny rattata
[16/08/2015 21:54:32] /m shiny rattata
[16/08/2015 21:54:32] /m shiny rattata
[16/08/2015 21:54:32] /m shiny rattata
[16/08/2015 21:54:33] /m shiny rattata
[16/08/2015 21:54:33] /m shiny rattata
[16/08/2015 21:54:33] /m shiny rattata
[16/08/2015 21:54:34] /m shiny rattata
[16/08/2015 21:54:34] /m shiny rattata
[16/08/2015 21:54:36] /m shiny rattata
[16/08/2015 21:54:36] /m shiny rattata
[16/08/2015 21:54:36] /m shiny rattata
[16/08/2015 21:54:37] /m shiny rattata
[16/08/2015 21:54:37] /m shiny rattata
[16/08/2015 21:54:37] /m shiny rattata
[16/08/2015 21:54:37] /m shiny rattata
[16/08/2015 21:54:38] /m shiny rattata
[16/08/2015 21:54:45] /town 5
[16/08/2015 21:58:39] /m elder charizard
[16/08/2015 21:59:16] /i bike
[16/08/2015 22:03:20] /m Zapdos
[16/08/2015 22:04:02] /r
[16/08/2015 22:04:44] /i bag
[16/08/2015 22:04:45] /i bag
[16/08/2015 22:04:57] /i bag
[16/08/2015 22:05:03] /i bag
[16/08/2015 22:05:12] /i bag
[16/08/2015 22:05:16] /i bag
[16/08/2015 22:05:48] /i bag
[16/08/2015 22:06:48] /i poke bag
[16/08/2015 22:06:51] /i poke bag
[16/08/2015 22:06:55] /i poke bag
[16/08/2015 22:07:00] /i poke bag
[16/08/2015 22:07:04] /i poke bag
[16/08/2015 22:07:08] /i poke bag
