[07/09/2011 07:54:12] /i 128
[07/09/2011 07:54:12] /i 128
[07/09/2011 07:55:20] /m venusaur s
[07/09/2011 07:55:21] /m venusaur s
[07/09/2011 07:55:21] /m venusaur s
[07/09/2011 07:56:58] /s shiny charizard s
[07/09/2011 07:57:26] /m shiny tantacruel s
[07/09/2011 07:57:36] /m shyni tantacruel s
[07/09/2011 07:57:46] /m shyni tentacruel s
[07/09/2011 07:57:58] /m shiny tentacruel s
[07/09/2011 08:01:24] /a 9
[07/09/2011 08:01:25] /a 9
[07/09/2011 08:01:26] /a 9
[07/09/2011 08:01:27] /a 9
[07/09/2011 08:08:31] /i hyperpotion
[07/09/2011 08:08:36] /i hyper potion
[07/09/2011 08:13:49] /i potion
[07/09/2011 08:17:18] /m golem s
[07/09/2011 08:19:03] /i 2270
[07/09/2011 08:26:38] /i 2270
[07/09/2011 08:26:57] /i 2271
[07/09/2011 08:27:57] /a 7
[07/09/2011 08:27:58] /a 7
[07/09/2011 08:27:59] /a 7
[07/09/2011 08:27:59] /a 7
[07/09/2011 08:28:01] /a 7
[07/09/2011 08:53:04] /s golem
[07/09/2011 08:54:05] /s golem
[07/09/2011 08:54:06] /s golem
[07/09/2011 08:54:08] /s golem
[07/09/2011 08:54:09] /s golem
[07/09/2011 08:54:09] /s golem
[07/09/2011 08:54:10] /s golem
[07/09/2011 08:54:10] /s golem
[07/09/2011 08:54:11] /s golem
[07/09/2011 08:54:11] /s golem
[07/09/2011 08:54:12] /s golem
[07/09/2011 08:54:12] /s golem
[07/09/2011 08:54:49] /s golem
[07/09/2011 08:54:49] /s golem
[07/09/2011 08:54:49] /s golem
[07/09/2011 08:54:49] /s golem
[07/09/2011 08:54:49] /s golem
[07/09/2011 08:54:49] /s golem
[07/09/2011 08:54:49] /s golem
[07/09/2011 08:54:49] /s golem
[07/09/2011 08:54:49] /s golem
[07/09/2011 08:54:49] /s golem
[07/09/2011 08:54:49] /s golem
[07/09/2011 08:54:49] /s golem
[07/09/2011 08:54:49] /s golem
[07/09/2011 08:54:49] /s golem
[07/09/2011 08:54:49] /s golem
[07/09/2011 08:54:49] /s golem
[07/09/2011 08:54:49] /s golem
[07/09/2011 08:54:50] /s golem
[07/09/2011 08:54:50] /s golem
[07/09/2011 08:54:50] /s golem
[07/09/2011 08:54:50] /s golem
[07/09/2011 08:54:50] /s golem
[07/09/2011 08:54:50] /s golem
[07/09/2011 08:54:50] /s golem
[07/09/2011 08:54:50] /s golem
[07/09/2011 08:54:50] /s golem
[07/09/2011 08:54:50] /s golem
[07/09/2011 08:54:50] /s golem
[07/09/2011 08:54:50] /s golem
[07/09/2011 08:54:50] /s golem
[07/09/2011 08:54:50] /s golem
[07/09/2011 08:54:50] /s golem
[07/09/2011 08:54:50] /s golem
[07/09/2011 08:54:50] /s golem
[07/09/2011 08:54:50] /s golem
[07/09/2011 08:54:50] /s golem
[07/09/2011 08:54:50] /s golem
[07/09/2011 08:54:50] /s golem
[07/09/2011 08:54:50] /s golem
[07/09/2011 08:54:50] /s golem
[07/09/2011 08:54:50] /s golem
[07/09/2011 08:54:50] /s golem
[07/09/2011 08:54:50] /s golem
[07/09/2011 08:54:50] /s golem
[07/09/2011 08:54:51] /s golem
[07/09/2011 08:54:51] /s golem
[07/09/2011 08:54:51] /s golem
[07/09/2011 08:54:51] /s golem
[07/09/2011 08:54:51] /s golem
[07/09/2011 08:54:51] /s golem
[07/09/2011 08:54:51] /s golem
[07/09/2011 08:54:51] /s golem
[07/09/2011 08:54:51] /s golem
[07/09/2011 08:54:51] /s golem
[07/09/2011 08:54:51] /s golem
[07/09/2011 08:54:51] /s golem
[07/09/2011 08:54:51] /s golem
[07/09/2011 08:54:51] /s golem
[07/09/2011 08:54:51] /s golem
[07/09/2011 08:54:51] /s golem
[07/09/2011 08:54:51] /s golem
[07/09/2011 08:54:51] /s golem
[07/09/2011 08:54:51] /s golem
[07/09/2011 08:54:51] /s golem
[07/09/2011 08:54:51] /s golem
[07/09/2011 08:54:51] /s golem
[07/09/2011 08:54:51] /s golem
[07/09/2011 08:54:51] /s golem
[07/09/2011 08:54:51] /s golem
[07/09/2011 08:54:52] /s golem
[07/09/2011 08:54:52] /s golem
[07/09/2011 08:54:52] /s golem
[07/09/2011 08:54:52] /s golem
[07/09/2011 08:54:52] /s golem
[07/09/2011 08:54:52] /s golem
[07/09/2011 08:54:52] /s golem
[07/09/2011 08:54:52] /s golem
[07/09/2011 08:54:52] /s golem
[07/09/2011 08:54:52] /s golem
[07/09/2011 08:54:52] /s golem
[07/09/2011 08:54:52] /s golem
[07/09/2011 08:54:52] /s golem
[07/09/2011 08:54:52] /s golem
[07/09/2011 08:54:52] /s golem
[07/09/2011 08:54:52] /s golem
[07/09/2011 08:54:52] /s golem
[07/09/2011 08:54:52] /s golem
[07/09/2011 08:54:52] /s golem
[07/09/2011 08:54:52] /s golem
[07/09/2011 08:54:52] /s golem
[07/09/2011 08:54:52] /s golem
[07/09/2011 08:54:52] /s golem
[07/09/2011 08:54:52] /s golem
[07/09/2011 08:54:52] /s golem
[07/09/2011 08:54:52] /s golem
[07/09/2011 08:54:53] /s golem
[07/09/2011 08:54:53] /s golem
[07/09/2011 08:54:53] /s golem
[07/09/2011 08:54:53] /s golem
[07/09/2011 08:54:53] /s golem
[07/09/2011 08:54:53] /s golem
[07/09/2011 08:54:53] /s golem
[07/09/2011 08:54:53] /s golem
[07/09/2011 08:54:53] /s golem
[07/09/2011 08:54:53] /s golem
[07/09/2011 08:54:53] /s golem
[07/09/2011 08:54:53] /s golem
[07/09/2011 08:54:53] /s golem
[07/09/2011 08:54:53] /s golem
[07/09/2011 08:54:53] /s golem
[07/09/2011 08:54:53] /s golem
[07/09/2011 08:54:53] /s golem
[07/09/2011 08:54:53] /s golem
[07/09/2011 08:55:14] /s golem
[07/09/2011 08:55:14] /s golem
[07/09/2011 08:55:14] /s golem
[07/09/2011 08:55:14] /s golem
[07/09/2011 08:55:14] /s golem
[07/09/2011 08:55:14] /s golem
[07/09/2011 08:55:14] /s golem
[07/09/2011 08:55:14] /s golem
[07/09/2011 08:55:14] /s golem
[07/09/2011 08:55:14] /s golem
[07/09/2011 08:55:14] /s golem
[07/09/2011 08:55:14] /s golem
[07/09/2011 08:55:14] /s golem
[07/09/2011 08:55:15] /s golem
[07/09/2011 08:55:15] /s golem
[07/09/2011 08:55:15] /s golem
[07/09/2011 08:55:15] /s golem
[07/09/2011 08:55:15] /s golem
[07/09/2011 08:55:15] /s golem
[07/09/2011 08:55:15] /s golem
[07/09/2011 08:55:15] /s golem
[07/09/2011 08:55:15] /s golem
[07/09/2011 08:55:15] /s golem
[07/09/2011 08:55:15] /s golem
[07/09/2011 08:55:15] /s golem
[07/09/2011 08:55:15] /s golem
[07/09/2011 08:55:15] /s golem
[07/09/2011 08:55:15] /s golem
[07/09/2011 08:55:15] /s golem
[07/09/2011 08:55:15] /s golem
[07/09/2011 08:55:15] /s golem
[07/09/2011 08:55:15] /s golem
[07/09/2011 08:55:15] /s golem
[07/09/2011 08:55:15] /s golem
[07/09/2011 08:55:15] /s golem
[07/09/2011 08:55:35] /clean
[07/09/2011 09:01:07] /s dragonine
[07/09/2011 09:01:28] /s dragonite
[07/09/2011 09:02:23] /s venusaur
[07/09/2011 09:03:47] /s blaitoise
[07/09/2011 09:03:58] /s blastoise
[07/09/2011 19:35:07] /i Hitmonlee
[07/09/2011 19:35:12] /s Hitmonlee
[07/09/2011 19:35:49] /s Hitmonlee
[07/09/2011 19:36:41] /i Punch Stones
[07/09/2011 19:36:41] /i Punch Stones
[07/09/2011 19:36:42] /i Punch Stones
[07/09/2011 19:36:44] /i Punch Stone
[07/09/2011 19:36:45] /i Punch Stone
[07/09/2011 19:36:45] /i Punch Stone
[07/09/2011 19:36:46] /i Punch Stone
[07/09/2011 19:36:46] /i Punch Stone
[07/09/2011 19:36:47] /i Punch Stone
[07/09/2011 19:36:47] /i Punch Stone
[07/09/2011 19:36:48] /i Punch Stone
[07/09/2011 19:36:48] /i Punch Stone
[07/09/2011 19:36:49] /i Punch Stone
[07/09/2011 19:36:50] /i Punch Stone
[07/09/2011 19:36:50] /i Punch Stone
[07/09/2011 19:36:53] /i Punch Stone
[07/09/2011 19:36:53] /i Punch Stone
[07/09/2011 19:36:54] /i Punch Stone
[07/09/2011 19:36:54] /i Punch Stone
[07/09/2011 19:36:55] /i Punch Stone
[07/09/2011 19:36:55] /i Punch Stone
[07/09/2011 19:36:56] /i Punch Stone
[07/09/2011 19:37:04] /i Punch Stone
[07/09/2011 19:39:10] /t
[07/09/2011 19:40:14] /i Punch Stone
[07/09/2011 19:40:14] /i Punch Stone
[07/09/2011 19:40:15] /i Punch Stone
[07/09/2011 19:40:15] /i Punch Stone
[07/09/2011 19:40:16] /i Punch Stone
[07/09/2011 19:40:16] /i Punch Stone
[07/09/2011 19:40:17] /i Punch Stone
[07/09/2011 19:40:17] /i Punch Stone
[07/09/2011 19:40:18] /i Punch Stone
[07/09/2011 19:40:18] /i Punch Stone
[07/09/2011 19:40:19] /i Punch Stone
[07/09/2011 19:40:19] /i Punch Stone
[07/09/2011 19:40:19] /i Punch Stone
[07/09/2011 19:41:14] /m golem s
[07/09/2011 19:41:14] /m golem s
[07/09/2011 19:41:15] /m golem s
[07/09/2011 19:41:15] /m golem s
[07/09/2011 19:41:15] /m golem s
[07/09/2011 19:41:16] /m golem s
[07/09/2011 19:41:16] /m golem s
[07/09/2011 19:41:16] /m golem s
[07/09/2011 19:43:24] /m Hitmonchan
[07/09/2011 19:43:48] /m Hitmonchan s
[07/09/2011 19:44:39] /m Hitmonchan s
[07/09/2011 19:45:36] /clean
[07/09/2011 19:46:15] /m golem s
[07/09/2011 19:46:15] /m golem s
[07/09/2011 19:46:16] /m golem s
[07/09/2011 19:46:16] /m golem s
[07/09/2011 19:46:17] /m golem s
[07/09/2011 22:25:28] /s ditto
[07/09/2011 23:31:54] /s charizard
[08/09/2011 01:32:57] /i 7856
[08/09/2011 03:04:24] /m Charmander s
[08/09/2011 03:04:57] /i fire stone
[08/09/2011 03:04:58] /i fire stone
[08/09/2011 03:08:52] /i 2283
[08/09/2011 03:08:53] /i 2283
[08/09/2011 03:08:54] /i 2283
[08/09/2011 16:55:19] /m charmander
[08/09/2011 16:55:50] /i fire stone
[08/09/2011 17:17:11] /i fire stone
[08/09/2011 17:17:13] /i fire stone
[08/09/2011 17:17:46] /i fire stone
[08/09/2011 17:17:46] /i fire stone
[08/09/2011 17:17:47] /i fire stone
[08/09/2011 17:17:47] /i fire stone
[08/09/2011 17:17:48] /i fire stone
[08/09/2011 17:17:48] /i fire stone
[08/09/2011 17:17:49] /i fire stone
[08/09/2011 17:19:02] /i fire stone
[08/09/2011 17:19:03] /i fire stone
[08/09/2011 17:19:03] /i fire stone
[08/09/2011 17:19:04] /i fire stone
[08/09/2011 17:21:13] /m charmander
[08/09/2011 18:08:19] /m Arcanine
[08/09/2011 18:08:54] /m Arcanine
[08/09/2011 18:09:19] /m Arcanine s
[08/09/2011 18:09:47] /m Arcanine s
[08/09/2011 18:43:00] /m Arcanine s
[08/09/2011 18:43:29] /m Arcanine s
[08/09/2011 18:43:38] /m Arcanine s
[08/09/2011 18:44:24] /m Arcanine s
[08/09/2011 18:44:59] /i fire stone
[08/09/2011 18:45:00] /i fire stone
[08/09/2011 18:45:25] /m Arcanine s
[08/09/2011 18:45:38] /m Arcanine s
[08/09/2011 18:45:52] /m Arcanine s
[08/09/2011 19:32:08] /t
[08/09/2011 19:33:01] /m charizard s
[08/09/2011 21:24:50] /i potion
[08/09/2011 21:29:03] /i 2273
[08/09/2011 21:33:35] /r
[08/09/2011 21:33:57] /i 2160
[08/09/2011 21:34:46] /clean
[08/09/2011 21:36:09] /clean
[08/09/2011 21:37:56] /i greatpotion
[08/09/2011 21:37:59] /i great potion
[08/09/2011 21:38:09] /i 2274
[08/09/2011 21:38:16] /i 2275
[08/09/2011 21:38:28] /i 2276
[08/09/2011 21:38:32] /i 2270
[08/09/2011 21:39:00] /i super potion
[08/09/2011 21:45:10] /i 2160
[08/09/2011 21:46:01] /clean
[08/09/2011 21:46:10] /i 2160
[08/09/2011 23:24:24] /newtype 259
[08/09/2011 23:24:32] /newtype 259
[08/09/2011 23:24:40] /newtype 259
[08/09/2011 23:24:56] /newtype 259
[08/09/2011 23:25:21] /newtype 259
[08/09/2011 23:25:41] /newtype 259
[08/09/2011 23:25:49] /newtype 259
[08/09/2011 23:26:16] /s gengar
[08/09/2011 23:42:04] /m arcanine
[08/09/2011 23:42:19] /i 2146
[08/09/2011 23:43:11] /i fire stone
[08/09/2011 23:43:12] /i fire stone
[08/09/2011 23:43:12] /i fire stone
[08/09/2011 23:43:13] /i fire stone
[08/09/2011 23:45:17] /s charizard
[08/09/2011 23:47:48] /m Arcanine s
[08/09/2011 23:48:35] /m Arcanine s
[08/09/2011 23:48:58] /m Arcanine s
[08/09/2011 23:48:59] /m Arcanine s
[08/09/2011 23:49:44] /i hyper potion
[08/09/2011 23:58:09] /m Arcanine
[09/09/2011 00:08:07] /m arcanine s
[09/09/2011 00:08:26] /m arcanine s
[09/09/2011 00:08:27] /m arcanine s
[09/09/2011 00:08:27] /m arcanine s
[09/09/2011 00:08:28] /m arcanine s
[09/09/2011 00:08:28] /m arcanine s
[09/09/2011 00:08:28] /m arcanine s
[09/09/2011 00:08:29] /m arcanine s
[09/09/2011 00:08:29] /m arcanine s
[09/09/2011 00:08:30] /m arcanine s
[09/09/2011 00:10:47] /m arcanine s
[09/09/2011 00:17:38] /m Arcanine s
[09/09/2011 00:17:54] /m Arcanine s
[09/09/2011 00:18:17] /m Arcanine s
[09/09/2011 00:23:28] /m Arcanine
[09/09/2011 00:23:53] /m Arcanine
[09/09/2011 00:34:40] /m Arcanine s
[09/09/2011 00:34:51] /m Arcanine s
[09/09/2011 00:40:37] /m Arcanine s
[09/09/2011 01:54:03] /m Arcanine s
[09/09/2011 01:54:24] /m Arcanine s
[09/09/2011 02:05:49] /m Arcanine s
[09/09/2011 02:08:41] /m Arcanine s
[09/09/2011 02:28:44] /m Arcanine
[09/09/2011 02:29:10] /m Arcanine s
[09/09/2011 02:29:49] /r
[09/09/2011 02:29:52] /r
[09/09/2011 02:33:33] /m Arcanine s
[09/09/2011 02:33:58] /m Arcanine s
[09/09/2011 02:34:37] /m Arcanine s
[09/09/2011 02:47:42] /s Arcanine
[09/09/2011 02:47:49] /m Arcanine s
[09/09/2011 02:48:00] /r
[09/09/2011 02:48:02] /r
[09/09/2011 02:48:04] /r
[09/09/2011 02:48:17] /m Arcanine s
[09/09/2011 02:48:34] /m Arcanine s
[09/09/2011 02:49:12] /m Arcanine s
[09/09/2011 02:49:26] /m Arcanine
[09/09/2011 02:51:06] /m Arcanine s
[09/09/2011 02:53:31] /m Arcanine s
[09/09/2011 02:53:43] /m Arcanine s
[09/09/2011 02:54:21] /m Arcanine s
[09/09/2011 02:57:34] /m Arcanine s
[09/09/2011 02:58:17] /m Arcanine s
[09/09/2011 03:01:13] /m Arcanine s
[09/09/2011 03:02:44] /m Arcanine s
[09/09/2011 03:07:24] /m Arcanine s
[09/09/2011 03:08:39] /m Arcanine s
[09/09/2011 03:25:41] /m Arcanine s
[09/09/2011 03:32:56] /m Arcanine s
[09/09/2011 03:40:49] /m Arcanine s
[09/09/2011 03:43:33] /m Arcanine s
[09/09/2011 03:43:48] /m Arcanine s
[09/09/2011 03:44:22] /m Arcanine s
[09/09/2011 03:50:01] /m Arcanine
[09/09/2011 03:50:16] /m Arcanine
[09/09/2011 03:50:46] /m Arcanine s
[09/09/2011 03:51:07] /m Arcanine s
[09/09/2011 03:51:12] /s Arcanine
[09/09/2011 03:51:27] /s Arcanine
[09/09/2011 03:51:36] /r
[09/09/2011 03:51:41] /m Arcanine s
[09/09/2011 03:52:01] /m Arcanine s
[09/09/2011 03:53:03] /r
[09/09/2011 03:53:04] /r
[09/09/2011 03:53:04] /r
[09/09/2011 04:04:38] /s charizard
[09/09/2011 04:10:16] /s charizard
[09/09/2011 05:20:20] /i Arcanine
[09/09/2011 05:20:26] /m Arcanine s
[09/09/2011 05:29:07] /i 2283
[09/09/2011 05:29:13] /i 2283
[09/09/2011 05:29:14] /i 2283
[09/09/2011 05:31:55] /m Arcanine s
[09/09/2011 05:32:24] /m Arcanine s
[09/09/2011 05:32:35] /m Arcanine s
[09/09/2011 05:45:51] /m Arcanine s
[09/09/2011 05:46:05] /m Arcanine s
[09/09/2011 05:47:56] /i rock stone
[09/09/2011 05:47:57] /i rock stone
[09/09/2011 05:47:58] /i rock stone
[09/09/2011 05:47:58] /i rock stone
[09/09/2011 05:47:59] /i rock stone
[09/09/2011 06:54:32] /s charizard
[09/09/2011 06:54:45] /m Arcanine s
[09/09/2011 06:55:06] /m Arcanine s
[09/09/2011 06:55:33] /m Arcanine s
[09/09/2011 06:57:08] /s golem
[09/09/2011 06:57:59] /m golem s
[09/09/2011 06:58:28] /m baitoise  s
[09/09/2011 06:58:32] /m blaitoise  s
[09/09/2011 06:58:40] /m blastoise  s
[09/09/2011 06:58:47] /m blastose  s
[09/09/2011 06:58:53] /m blastoise  s
[09/09/2011 06:59:21] /m blastoise  s
[09/09/2011 06:59:26] /m blastoise s
[09/09/2011 06:59:57] /m golem s
[09/09/2011 07:00:07] /m blastoise  s
[09/09/2011 07:00:13] /m blastoise s
[09/09/2011 07:00:21] /r
[09/09/2011 07:00:28] /s golem
[09/09/2011 07:58:30] /m local boost = { [0] = {0}, [1] = {2}, [2] = {3}, [3] = {4}, [4] = {5}, [5] = {6}, [6] = {7}, [7] = {8}, [8] = {9}, [9] = {10}, [10] = {11}, [11] = {12}, [12] = {13}, [13] = {14}, [14] = {15}, [15] = {16}, [16] = {17}, [17] = {18}, [18] = {19}, [19] = {
[09/09/2011 07:58:45] /m local boost = { [0] = {0}, [1
[09/09/2011 07:58:48] /m local boost = { [0] = {0}, [1] = {2}, [2] = {3}, [3] = {4}, [4] = {5}, [5] = {6}, [6] = {7}, [7] = {8}, [8] = {9}, [9] = {10}, [10] = {11}, [11] = {12}, [12] = {13}, [13] = {14}, [14] = {15}, [15] = {16}, [16] = {17}, [17] = {18}, [18] = {19}, [19] = {
[09/09/2011 07:58:54] /b local boost = { [0] = {0}, [1] = {2}, [2] = {3}, [3] = {4}, [4] = {5}, [5] = {6}, [6] = {7}, [7] = {8}, [8] = {9}, [9] = {10}, [10] = {11}, [11] = {12}, [12] = {13}, [13] = {14}, [14] = {15}, [15] = {16}, [16] = {17}, [17] = {18}, [18] = {19}, [19] = {
[09/09/2011 07:59:07] /m Arcanine s
[09/09/2011 07:59:30] /m Arcanine s
[09/09/2011 08:00:20] /m Arcanine
[09/09/2011 08:00:34] /m Arcanine
[09/09/2011 08:01:08] /s charizard
[09/09/2011 08:01:13] /m charizard
[09/09/2011 08:01:27] /m charizard
[09/09/2011 08:02:57] /m charizard
[09/09/2011 08:04:05] /attr charozard
[09/09/2011 08:04:16] /attr charizard
[09/09/2011 08:04:26] /attr Charizard
[09/09/2011 08:04:45] /m charmander
[09/09/2011 08:04:47] /m charmander
[09/09/2011 08:04:48] /m charmander
[09/09/2011 08:05:12] /clean
[09/09/2011 08:05:34] /i 5986
[09/09/2011 08:05:38] /i 5983
[09/09/2011 08:05:46] /i 2146
[09/09/2011 08:06:18] /i fire stone
[09/09/2011 08:06:19] /i fire stone
[09/09/2011 08:06:19] /i fire stone
[09/09/2011 08:06:20] /i fire stone
[09/09/2011 08:06:21] /i fire stone
[09/09/2011 08:06:21] /i fire stone
[09/09/2011 08:06:22] /i fire stone
[09/09/2011 08:06:22] /i fire stone
[09/09/2011 08:06:23] /i fire stone
[09/09/2011 08:08:22] /i 5983
[09/09/2011 08:09:05] /i rock stone
[09/09/2011 08:09:07] /i rock stone
[09/09/2011 08:09:34] /i fire stone
[09/09/2011 08:09:34] /i fire stone
[09/09/2011 08:09:35] /i fire stone
[09/09/2011 08:10:40] /i fire stone
[09/09/2011 08:10:41] /i fire stone
[09/09/2011 08:10:41] /i fire stone
[09/09/2011 08:10:42] /i fire stone
[09/09/2011 08:10:43] /i fire stone
[09/09/2011 08:10:51] /i fire stone
[09/09/2011 08:10:52] /i fire stone
[09/09/2011 08:10:55] /i fire stone
[09/09/2011 08:11:25] /m charmander
[09/09/2011 08:11:43] /m Charizard 
[09/09/2011 08:12:02] /i fire stone
[09/09/2011 08:12:03] /i fire stone
[09/09/2011 08:12:03] /i fire stone
[09/09/2011 08:12:04] /i fire stone
[09/09/2011 08:12:04] /i fire stone
[09/09/2011 08:12:29] /m charmander
[09/09/2011 08:12:44] /m Charizard 
[09/09/2011 08:12:59] /m Charizard 
[09/09/2011 08:13:55] /clean
[09/09/2011 08:17:41] /i magno stone
[09/09/2011 08:18:05] /i magma stone
[09/09/2011 08:19:58] /i Enigma Stone
[09/09/2011 08:19:59] /i Enigma Stone
[09/09/2011 08:19:59] /i Enigma Stone
[09/09/2011 08:19:59] /i Enigma Stone
[09/09/2011 08:26:01] /m Charizard 
[09/09/2011 08:26:18] /m Charizard 
[09/09/2011 08:26:31] /i Enigma Stone
[09/09/2011 08:26:32] /i Enigma Stone
[09/09/2011 08:26:32] /i Enigma Stone
[09/09/2011 08:26:33] /i Enigma Stone
[09/09/2011 08:26:33] /i Enigma Stone
[09/09/2011 08:26:34] /i Enigma Stone
[09/09/2011 08:27:22] /m Charizard 
[09/09/2011 08:27:31] /m Charizard 
[09/09/2011 08:27:49] /m Charizard 
[09/09/2011 08:28:58] /m Charizard 
[09/09/2011 08:29:31] /s Alakazam
[09/09/2011 08:30:51] /m Charizard 
[09/09/2011 08:31:25] /s Charizard
[09/09/2011 08:31:31] /r
[09/09/2011 08:31:36] /m Charizard
[09/09/2011 08:32:51] /m Charizard
[09/09/2011 08:33:22] /i 2160
[09/09/2011 08:33:29] /i 2157
