[07/09/2011 01:21:38] /s shiny tentacruel
[07/09/2011 01:35:41] /m shiny tentacool
[07/09/2011 01:35:42] /m shiny tentacool
[07/09/2011 01:37:59] /m shiny tentacool s
[07/09/2011 01:38:13] /m shiny tentacool
[07/09/2011 01:38:13] /m shiny tentacool
[07/09/2011 01:38:13] /m shiny tentacool
[07/09/2011 01:38:13] /m shiny tentacool
[07/09/2011 01:38:14] /m shiny tentacool
[07/09/2011 01:38:14] /m shiny tentacool
[07/09/2011 01:38:14] /m shiny tentacool
[07/09/2011 01:38:14] /m shiny tentacool
[07/09/2011 01:38:14] /m shiny tentacool
[07/09/2011 01:38:14] /m shiny tentacool
[07/09/2011 01:38:14] /m shiny tentacool
[07/09/2011 01:38:14] /m shiny tentacool
[07/09/2011 01:38:14] /m shiny tentacool
[07/09/2011 01:38:14] /m shiny tentacool
[07/09/2011 01:40:41] /m shiny tentacool
[07/09/2011 02:05:35] /m shiny tentacool s
[07/09/2011 02:05:38] /m shiny tentacool s
[07/09/2011 02:05:38] /m shiny tentacool s
[07/09/2011 02:05:39] /m shiny tentacool s
[07/09/2011 02:05:39] /m shiny tentacool s
[07/09/2011 02:05:39] /m shiny tentacool s
[07/09/2011 02:05:39] /m shiny tentacool s
[07/09/2011 02:05:39] /m shiny tentacool s
[07/09/2011 02:05:39] /m shiny tentacool s
[07/09/2011 02:05:39] /m shiny tentacool s
[07/09/2011 02:05:39] /m shiny tentacool s
[07/09/2011 02:05:39] /m shiny tentacool s
[07/09/2011 02:05:39] /m shiny tentacool s
[07/09/2011 02:05:39] /m shiny tentacool s
[07/09/2011 02:05:39] /m shiny tentacool s
[07/09/2011 02:06:36] /m shiny tentacool s
[07/09/2011 02:06:36] /m shiny tentacool s
[07/09/2011 02:06:36] /m shiny tentacool s
[07/09/2011 02:06:36] /m shiny tentacool s
[07/09/2011 02:06:36] /m shiny tentacool s
[07/09/2011 02:06:36] /m shiny tentacool s
[07/09/2011 02:06:36] /m shiny tentacool s
[07/09/2011 02:06:36] /m shiny tentacool s
[07/09/2011 02:06:36] /m shiny tentacool s
[07/09/2011 02:06:36] /m shiny tentacool s
[07/09/2011 02:06:36] /m shiny tentacool s
[07/09/2011 02:06:59] /i 2160
[07/09/2011 02:07:04] /i 2146
[07/09/2011 02:07:06] /i 2148
[07/09/2011 02:07:08] /i 2149
[07/09/2011 02:16:10] /m shiny tentacool s
[07/09/2011 02:16:11] /m shiny tentacool s
[07/09/2011 02:16:11] /m shiny tentacool s
[07/09/2011 02:16:11] /m shiny tentacool s
[07/09/2011 02:16:11] /m shiny tentacool s
[07/09/2011 02:16:11] /m shiny tentacool s
[07/09/2011 02:16:11] /m shiny tentacool s
[07/09/2011 02:16:11] /m shiny tentacool s
[07/09/2011 02:16:11] /m shiny tentacool s
[07/09/2011 02:16:11] /m shiny tentacool s
[07/09/2011 02:16:11] /m shiny tentacool s
[07/09/2011 02:16:11] /m shiny tentacool s
[07/09/2011 02:16:20] /m shiny tentacool s
[07/09/2011 02:16:21] /m shiny tentacool s
[07/09/2011 02:16:21] /m shiny tentacool s
[07/09/2011 02:16:21] /m shiny tentacool s
[07/09/2011 02:16:21] /m shiny tentacool s
[07/09/2011 02:17:16] /m shiny tentacool s
[07/09/2011 02:17:18] /m shiny tentacool s
[07/09/2011 02:17:22] /m shiny tentacool
[07/09/2011 02:19:31] /clean
[07/09/2011 02:20:15] /t
[07/09/2011 02:22:19] /m shiny tentacool s
[07/09/2011 02:22:19] /m shiny tentacool s
[07/09/2011 02:22:19] /m shiny tentacool s
[07/09/2011 02:22:19] /m shiny tentacool s
[07/09/2011 02:28:47] /m shiny tentacool s
[07/09/2011 02:28:48] /m shiny tentacool s
[07/09/2011 02:28:48] /m shiny tentacool s
[07/09/2011 02:28:48] /m shiny tentacool s
[07/09/2011 02:28:48] /m shiny tentacool s
[07/09/2011 02:28:48] /m shiny tentacool s
[07/09/2011 02:32:52] /m shiny tentacool s
[07/09/2011 02:38:02] /m shiny tentacool s
[07/09/2011 02:38:02] /m shiny tentacool s
[07/09/2011 02:38:02] /m shiny tentacool s
[07/09/2011 02:38:02] /m shiny tentacool s
[07/09/2011 02:38:02] /m shiny tentacool s
[07/09/2011 02:38:02] /m shiny tentacool s
[07/09/2011 02:38:02] /m shiny tentacool s
[07/09/2011 02:38:32] /m shiny tentacool
[07/09/2011 02:44:19] /m shiny tentacool s
[07/09/2011 02:44:19] /m shiny tentacool s
[07/09/2011 02:44:19] /m shiny tentacool s
[07/09/2011 02:44:19] /m shiny tentacool s
[07/09/2011 02:44:19] /m shiny tentacool s
[07/09/2011 02:48:56] /m shiny tentacool s
[07/09/2011 02:48:57] /m shiny tentacool s
[07/09/2011 02:48:57] /m shiny tentacool s
[07/09/2011 02:48:57] /m shiny tentacool s
[07/09/2011 02:48:57] /m shiny tentacool s
[07/09/2011 02:52:05] /m shiny tentacool s
[07/09/2011 02:53:22] /m shiny tentacool s
[07/09/2011 03:08:51] /m shiny tentacruel s
[07/09/2011 03:09:21] /r
[07/09/2011 03:13:10] /m shiny tentacruel
[07/09/2011 03:13:17] /r
[07/09/2011 03:13:20] /m shiny tentacruel s
[07/09/2011 03:14:50] /m shiny tentacruel
[07/09/2011 03:15:17] /m shiny tentacruel s
[07/09/2011 03:16:30] /m shiny tentacool s
[07/09/2011 03:16:30] /m shiny tentacool s
[07/09/2011 03:17:52] /m shiny tentacruel s
[07/09/2011 03:18:26] /i 128
[07/09/2011 03:18:35] /i 128
[07/09/2011 03:18:36] /i 128
[07/09/2011 03:18:36] /i 128
[07/09/2011 03:18:36] /i 128
[07/09/2011 03:18:36] /i 128
[07/09/2011 03:18:36] /i 128
[07/09/2011 03:18:36] /i 128
[07/09/2011 03:18:36] /i 128
[07/09/2011 03:18:36] /i 128
[07/09/2011 03:18:36] /i 128
[07/09/2011 03:18:36] /i 128
[07/09/2011 03:18:36] /i 128
[07/09/2011 03:18:36] /i 128
[07/09/2011 03:18:36] /i 128
[07/09/2011 03:18:36] /i 128
[07/09/2011 03:18:36] /i 128
[07/09/2011 03:18:36] /i 128
[07/09/2011 03:18:36] /i 128
[07/09/2011 03:18:36] /i 128
[07/09/2011 03:18:36] /i 128
[07/09/2011 03:18:36] /i 128
[07/09/2011 03:18:36] /i 128
[07/09/2011 03:18:37] /i 128
[07/09/2011 03:18:37] /i 128
[07/09/2011 03:18:37] /i 128
[07/09/2011 03:18:37] /i 128
[07/09/2011 03:18:37] /i 128
[07/09/2011 03:18:37] /i 128
[07/09/2011 03:18:37] /i 128
[07/09/2011 03:18:37] /i 128
[07/09/2011 03:18:37] /i 128
[07/09/2011 03:18:37] /i 128
[07/09/2011 03:18:37] /i 128
[07/09/2011 03:18:37] /i 128
[07/09/2011 03:18:37] /i 128
[07/09/2011 03:18:37] /i 128
[07/09/2011 03:18:37] /i 128
[07/09/2011 03:18:37] /i 128
[07/09/2011 03:18:37] /i 128
[07/09/2011 03:18:37] /i 128
[07/09/2011 03:18:37] /i 128
[07/09/2011 03:18:37] /i 128
[07/09/2011 03:18:37] /i 128
[07/09/2011 03:18:37] /i 128
[07/09/2011 03:18:37] /i 128
[07/09/2011 03:18:37] /i 128
[07/09/2011 03:18:38] /i 128
[07/09/2011 03:20:10] /m charizard s
[07/09/2011 03:20:11] /m charizard s
[07/09/2011 03:20:12] /m charizard s
[07/09/2011 03:20:16] /i 128
[07/09/2011 03:21:52] /t
[07/09/2011 03:21:57] /a 50
[07/09/2011 03:21:58] /a 50
[07/09/2011 03:21:59] /a 50
[07/09/2011 03:22:00] /a 50
[07/09/2011 03:22:00] /a 50
[07/09/2011 03:22:02] /a 50
[07/09/2011 03:22:02] /a 50
[07/09/2011 03:22:04] /a 50
[07/09/2011 03:22:06] /a 50
[07/09/2011 03:22:09] /a 50
[07/09/2011 03:22:11] /a 50
[07/09/2011 03:22:36] /r
[07/09/2011 03:22:38] /r
[07/09/2011 03:22:39] /r
[07/09/2011 03:22:40] /r
[07/09/2011 03:22:41] /r
[07/09/2011 03:22:44] /a
[07/09/2011 03:22:47] /a
[07/09/2011 03:22:47] /a
[07/09/2011 03:22:48] /a
[07/09/2011 03:22:53] /a
[07/09/2011 03:22:53] /a
[07/09/2011 03:22:54] /a
[07/09/2011 03:22:56] /a
[07/09/2011 03:22:57] /a
[07/09/2011 03:23:08] /a
[07/09/2011 03:23:08] /a
[07/09/2011 03:23:08] /a
[07/09/2011 03:23:08] /a
[07/09/2011 03:23:08] /a
[07/09/2011 03:23:08] /a
[07/09/2011 03:23:08] /a
[07/09/2011 03:23:08] /a
[07/09/2011 03:23:08] /a
[07/09/2011 03:23:08] /a
[07/09/2011 03:23:08] /a
[07/09/2011 03:23:08] /a
[07/09/2011 03:23:08] /a
[07/09/2011 03:23:08] /a
[07/09/2011 03:23:08] /a
[07/09/2011 03:23:09] /a
[07/09/2011 03:23:09] /a
[07/09/2011 03:23:09] /a
[07/09/2011 03:23:09] /a
[07/09/2011 03:23:09] /a
[07/09/2011 03:23:09] /a
[07/09/2011 03:23:09] /a
[07/09/2011 03:23:09] /a
[07/09/2011 03:23:09] /a
[07/09/2011 03:23:09] /a
[07/09/2011 03:23:09] /a
[07/09/2011 03:23:09] /a
[07/09/2011 03:23:09] /a
[07/09/2011 03:23:09] /a
[07/09/2011 03:23:09] /a
[07/09/2011 03:23:09] /a
[07/09/2011 03:23:09] /a
[07/09/2011 03:23:09] /a
[07/09/2011 03:23:09] /a
[07/09/2011 03:23:09] /a
[07/09/2011 03:23:09] /a
[07/09/2011 03:23:10] /a
[07/09/2011 03:23:10] /a
[07/09/2011 03:23:10] /a
[07/09/2011 03:23:10] /a
[07/09/2011 03:23:10] /a
[07/09/2011 03:23:10] /a
[07/09/2011 03:23:10] /a
[07/09/2011 03:23:10] /a
[07/09/2011 03:23:10] /a
[07/09/2011 03:23:10] /a
[07/09/2011 03:23:10] /a
[07/09/2011 03:23:10] /a
[07/09/2011 03:23:10] /a
[07/09/2011 03:23:10] /a
[07/09/2011 03:23:10] /a
[07/09/2011 03:23:10] /a
[07/09/2011 03:23:10] /a
[07/09/2011 03:23:10] /a
[07/09/2011 03:23:10] /a
[07/09/2011 03:23:10] /a
[07/09/2011 03:23:10] /a
[07/09/2011 03:23:10] /a
[07/09/2011 03:23:10] /a
[07/09/2011 03:23:10] /a
[07/09/2011 03:23:10] /a
[07/09/2011 03:23:10] /a
[07/09/2011 03:23:10] /a
[07/09/2011 03:23:11] /a
[07/09/2011 03:23:11] /a
[07/09/2011 03:23:11] /a
[07/09/2011 03:23:11] /a
[07/09/2011 03:23:11] /a
[07/09/2011 03:23:11] /a
[07/09/2011 03:23:11] /a
[07/09/2011 03:23:11] /a
[07/09/2011 03:23:11] /a
[07/09/2011 03:23:11] /a
[07/09/2011 03:23:11] /a
[07/09/2011 03:23:11] /a
[07/09/2011 03:23:11] /a
[07/09/2011 03:23:11] /a
[07/09/2011 03:23:11] /a
[07/09/2011 03:23:11] /a
[07/09/2011 03:23:11] /a
[07/09/2011 03:23:11] /a
[07/09/2011 03:23:11] /a
[07/09/2011 03:23:11] /a
[07/09/2011 03:23:11] /a
[07/09/2011 03:23:11] /a
[07/09/2011 03:23:11] /a
[07/09/2011 03:23:11] /a
[07/09/2011 03:23:11] /a
[07/09/2011 03:23:11] /a
[07/09/2011 03:23:11] /a
[07/09/2011 03:23:11] /a
[07/09/2011 03:23:12] /a
[07/09/2011 03:23:12] /a
[07/09/2011 03:23:12] /a
[07/09/2011 03:23:12] /a
[07/09/2011 03:23:12] /a
[07/09/2011 03:23:12] /a
[07/09/2011 03:23:12] /a
[07/09/2011 03:23:12] /a
[07/09/2011 03:23:12] /a
[07/09/2011 03:23:12] /a
[07/09/2011 03:23:12] /a
[07/09/2011 03:23:12] /a
[07/09/2011 03:23:12] /a
[07/09/2011 03:23:12] /a
[07/09/2011 03:23:12] /a
[07/09/2011 03:23:12] /a
[07/09/2011 03:23:12] /a
[07/09/2011 03:23:12] /a
[07/09/2011 03:23:12] /a
[07/09/2011 03:23:12] /a
[07/09/2011 03:23:12] /a
[07/09/2011 03:23:12] /a
[07/09/2011 03:23:12] /a
[07/09/2011 03:23:12] /a
[07/09/2011 03:23:13] /a
[07/09/2011 03:23:13] /a
[07/09/2011 03:23:13] /a
[07/09/2011 03:23:13] /a
[07/09/2011 03:23:13] /a
[07/09/2011 03:23:13] /a
[07/09/2011 03:23:13] /a
[07/09/2011 03:23:13] /a
[07/09/2011 03:23:13] /a
[07/09/2011 03:23:13] /a
[07/09/2011 03:23:13] /a
[07/09/2011 03:23:13] /a
[07/09/2011 03:23:13] /a
[07/09/2011 03:23:13] /a
[07/09/2011 03:23:13] /a
[07/09/2011 03:23:13] /a
[07/09/2011 03:23:13] /a
[07/09/2011 03:23:13] /a
[07/09/2011 03:23:13] /a
[07/09/2011 03:23:13] /a
[07/09/2011 03:23:14] /a
[07/09/2011 03:23:14] /a
[07/09/2011 03:23:14] /a
[07/09/2011 03:23:14] /a
[07/09/2011 03:23:14] /a
[07/09/2011 03:23:14] /a
[07/09/2011 03:23:14] /a
[07/09/2011 03:23:14] /a
[07/09/2011 03:23:14] /a
[07/09/2011 03:23:14] /a
[07/09/2011 03:23:14] /a
[07/09/2011 03:23:14] /a
[07/09/2011 03:23:14] /a
[07/09/2011 03:23:14] /a
[07/09/2011 03:23:14] /a
[07/09/2011 03:23:14] /a
[07/09/2011 03:23:14] /a
[07/09/2011 03:23:14] /a
[07/09/2011 03:23:14] /a
[07/09/2011 03:23:14] /a
[07/09/2011 03:23:15] /a
[07/09/2011 03:23:15] /a
[07/09/2011 03:23:15] /a
[07/09/2011 03:23:15] /a
[07/09/2011 03:23:15] /a
[07/09/2011 03:23:15] /a
[07/09/2011 03:23:15] /a
[07/09/2011 03:23:15] /a
[07/09/2011 03:23:17] /a
[07/09/2011 03:23:17] /a
[07/09/2011 03:23:17] /a
[07/09/2011 03:23:17] /a
[07/09/2011 03:23:17] /a
[07/09/2011 03:23:17] /a
[07/09/2011 03:23:17] /a
[07/09/2011 03:23:17] /a
[07/09/2011 03:23:17] /a
[07/09/2011 03:23:17] /a
[07/09/2011 03:23:17] /a
[07/09/2011 03:23:17] /a
[07/09/2011 03:23:17] /a
[07/09/2011 03:23:17] /a
[07/09/2011 03:23:17] /a
[07/09/2011 03:23:18] /a
[07/09/2011 03:23:18] /a
[07/09/2011 03:23:18] /a
[07/09/2011 03:23:18] /a
[07/09/2011 03:23:18] /a
[07/09/2011 03:23:18] /a
[07/09/2011 03:23:18] /a
[07/09/2011 03:23:18] /a
[07/09/2011 03:23:18] /a
[07/09/2011 03:23:18] /a
[07/09/2011 03:23:18] /a
[07/09/2011 03:23:18] /a
[07/09/2011 03:23:18] /a
[07/09/2011 03:23:18] /a
[07/09/2011 03:23:18] /a
[07/09/2011 03:23:18] /a
[07/09/2011 03:23:18] /a
[07/09/2011 03:23:18] /a
[07/09/2011 03:23:18] /a
[07/09/2011 03:23:18] /a
[07/09/2011 03:23:18] /a
[07/09/2011 03:23:19] /a
[07/09/2011 03:23:19] /a
[07/09/2011 03:23:19] /a
[07/09/2011 03:23:19] /a
[07/09/2011 03:23:19] /a
[07/09/2011 03:23:19] /a
[07/09/2011 03:23:19] /a
[07/09/2011 03:23:19] /a
[07/09/2011 03:23:19] /a
[07/09/2011 03:23:19] /a
[07/09/2011 03:23:19] /a
[07/09/2011 03:23:19] /a
[07/09/2011 03:23:19] /a
[07/09/2011 03:23:19] /a
[07/09/2011 03:23:19] /a
[07/09/2011 03:23:19] /a
[07/09/2011 03:23:19] /a
[07/09/2011 03:23:19] /a
[07/09/2011 03:23:19] /a
[07/09/2011 03:23:19] /a
[07/09/2011 03:23:19] /a
[07/09/2011 03:23:19] /a
[07/09/2011 03:23:20] /a
[07/09/2011 03:23:20] /a
[07/09/2011 03:23:20] /a
[07/09/2011 03:23:20] /a
[07/09/2011 03:23:20] /a
[07/09/2011 03:23:20] /a
[07/09/2011 03:23:20] /a
[07/09/2011 03:23:20] /a
[07/09/2011 03:23:20] /a
[07/09/2011 03:23:20] /a
[07/09/2011 03:23:20] /a
[07/09/2011 03:23:20] /a
[07/09/2011 03:23:20] /a
[07/09/2011 03:23:20] /a
[07/09/2011 03:23:20] /a
[07/09/2011 03:23:20] /a
[07/09/2011 03:23:20] /a
[07/09/2011 03:23:20] /a
[07/09/2011 03:23:20] /a
[07/09/2011 03:23:20] /a
[07/09/2011 03:23:20] /a
[07/09/2011 03:23:20] /a
[07/09/2011 03:23:20] /a
[07/09/2011 03:23:20] /a
[07/09/2011 03:23:20] /a
[07/09/2011 03:23:20] /a
[07/09/2011 03:23:20] /a
[07/09/2011 03:23:20] /a
[07/09/2011 03:23:21] /a
[07/09/2011 03:23:21] /a
[07/09/2011 03:23:21] /a
[07/09/2011 03:23:21] /a
[07/09/2011 03:23:21] /a
[07/09/2011 03:23:21] /a
[07/09/2011 03:23:21] /a
[07/09/2011 03:23:21] /a
[07/09/2011 03:23:21] /a
[07/09/2011 03:23:21] /a
[07/09/2011 03:23:21] /a
[07/09/2011 03:23:21] /a
[07/09/2011 03:23:21] /a
[07/09/2011 03:23:21] /a
[07/09/2011 03:23:21] /a
[07/09/2011 03:23:21] /a
[07/09/2011 03:23:21] /a
[07/09/2011 03:23:21] /a
[07/09/2011 03:23:21] /a
[07/09/2011 03:23:21] /a
[07/09/2011 03:23:21] /a
[07/09/2011 03:23:21] /a
[07/09/2011 03:23:21] /a
[07/09/2011 03:23:21] /a
[07/09/2011 03:23:21] /a
[07/09/2011 03:23:21] /a
[07/09/2011 03:23:22] /a
[07/09/2011 03:23:22] /a
[07/09/2011 03:23:22] /a
[07/09/2011 03:23:22] /a
[07/09/2011 03:23:22] /a
[07/09/2011 03:23:22] /a
[07/09/2011 03:23:22] /a
[07/09/2011 03:23:22] /a
[07/09/2011 03:23:22] /a
[07/09/2011 03:23:22] /a
[07/09/2011 03:23:22] /a
[07/09/2011 03:23:22] /a
[07/09/2011 03:23:22] /a
[07/09/2011 03:23:22] /a
[07/09/2011 03:23:22] /a
[07/09/2011 03:23:22] /a
[07/09/2011 03:23:22] /a
[07/09/2011 03:23:22] /a
[07/09/2011 03:23:22] /a
[07/09/2011 03:23:22] /a
[07/09/2011 03:23:22] /a
[07/09/2011 03:23:23] /a
[07/09/2011 03:23:23] /a
[07/09/2011 03:23:23] /a
[07/09/2011 03:23:23] /a
[07/09/2011 03:23:23] /a
[07/09/2011 03:23:23] /a
[07/09/2011 03:23:23] /a
[07/09/2011 03:23:23] /a
[07/09/2011 03:23:23] /a
[07/09/2011 03:23:23] /a
[07/09/2011 03:23:23] /a
[07/09/2011 03:23:23] /a
[07/09/2011 03:23:23] /a
[07/09/2011 03:23:23] /a
[07/09/2011 03:23:23] /a
[07/09/2011 03:23:23] /a
[07/09/2011 03:23:23] /a
[07/09/2011 03:23:23] /a
[07/09/2011 03:23:23] /a
[07/09/2011 03:23:23] /a
[07/09/2011 03:23:23] /a
[07/09/2011 03:23:23] /a
[07/09/2011 03:23:23] /a
[07/09/2011 03:23:23] /a
[07/09/2011 03:23:23] /a
[07/09/2011 03:23:23] /a
[07/09/2011 03:23:24] /a
[07/09/2011 03:23:24] /a
[07/09/2011 03:23:24] /a
[07/09/2011 03:23:24] /a
[07/09/2011 03:23:24] /a
[07/09/2011 03:23:24] /a
[07/09/2011 03:23:24] /a
[07/09/2011 03:23:24] /a
[07/09/2011 03:23:24] /a
[07/09/2011 03:23:24] /a
[07/09/2011 03:23:24] /a
[07/09/2011 03:23:24] /a
[07/09/2011 03:23:24] /a
[07/09/2011 03:23:24] /a
[07/09/2011 03:23:24] /a
[07/09/2011 03:23:24] /a
[07/09/2011 03:23:24] /a
[07/09/2011 03:23:24] /a
[07/09/2011 03:23:24] /a
[07/09/2011 03:23:24] /a
[07/09/2011 03:23:24] /a
[07/09/2011 03:23:24] /a
[07/09/2011 03:23:24] /a
[07/09/2011 03:23:24] /a
[07/09/2011 03:23:24] /a
[07/09/2011 03:23:24] /a
[07/09/2011 03:23:24] /a
[07/09/2011 03:23:25] /a
[07/09/2011 03:23:25] /a
[07/09/2011 03:23:25] /a
[07/09/2011 03:23:25] /a
[07/09/2011 03:23:25] /a
[07/09/2011 03:23:25] /a
[07/09/2011 03:23:25] /a
[07/09/2011 03:23:25] /a
[07/09/2011 03:23:25] /a
[07/09/2011 03:23:26] /a
[07/09/2011 03:23:27] /a
[07/09/2011 03:23:27] /a
[07/09/2011 03:23:27] /a
[07/09/2011 03:23:27] /a
[07/09/2011 03:23:27] /a
[07/09/2011 03:23:27] /a
[07/09/2011 03:23:27] /a
[07/09/2011 03:23:27] /a
[07/09/2011 03:23:27] /a
[07/09/2011 03:23:27] /a
[07/09/2011 03:23:27] /a
[07/09/2011 03:23:27] /a
[07/09/2011 03:23:27] /a
[07/09/2011 03:23:28] /a
[07/09/2011 03:23:28] /a
[07/09/2011 03:23:28] /a
[07/09/2011 03:23:29] /a
[07/09/2011 03:23:38] /a 2
[07/09/2011 03:23:38] /a 2
[07/09/2011 03:23:38] /a 2
[07/09/2011 03:23:38] /a 2
[07/09/2011 03:23:38] /a 2
[07/09/2011 03:23:38] /a 2
[07/09/2011 03:23:38] /a 2
[07/09/2011 03:23:39] /a 2
[07/09/2011 03:23:39] /a 2
[07/09/2011 03:23:39] /a 2
[07/09/2011 03:23:39] /a 2
[07/09/2011 03:23:39] /a 2
[07/09/2011 03:23:39] /a 2
[07/09/2011 03:23:39] /a 2
[07/09/2011 03:23:39] /a 2
[07/09/2011 03:23:39] /a 2
[07/09/2011 03:23:39] /a 2
[07/09/2011 03:23:39] /a 2
[07/09/2011 03:23:39] /a 2
[07/09/2011 03:23:39] /a 2
[07/09/2011 03:23:39] /a 2
[07/09/2011 03:23:39] /a 2
[07/09/2011 03:23:39] /a 2
[07/09/2011 03:23:39] /a 2
[07/09/2011 03:23:39] /a 2
[07/09/2011 03:23:39] /a 2
[07/09/2011 03:23:39] /a 2
[07/09/2011 03:23:39] /a 2
[07/09/2011 03:23:39] /a 2
[07/09/2011 03:23:39] /a 2
[07/09/2011 03:23:39] /a 2
[07/09/2011 03:23:39] /a 2
[07/09/2011 03:23:39] /a 2
[07/09/2011 03:23:39] /a 2
[07/09/2011 03:23:40] /a 2
[07/09/2011 03:23:40] /a 2
[07/09/2011 03:23:40] /a 2
[07/09/2011 03:23:40] /a 2
[07/09/2011 03:23:40] /a 2
[07/09/2011 03:23:40] /a 2
[07/09/2011 03:23:40] /a 2
[07/09/2011 03:23:40] /a 2
[07/09/2011 03:23:40] /a 2
[07/09/2011 03:23:40] /a 2
[07/09/2011 03:23:40] /a 2
[07/09/2011 03:23:40] /a 2
[07/09/2011 03:23:40] /a 2
[07/09/2011 03:23:41] /a 2
[07/09/2011 03:23:41] /a 2
[07/09/2011 03:23:41] /a 2
[07/09/2011 03:23:41] /a 2
[07/09/2011 03:23:41] /a 2
[07/09/2011 03:23:41] /a 2
[07/09/2011 03:23:41] /a 2
[07/09/2011 03:23:41] /a 2
[07/09/2011 03:23:41] /a 2
[07/09/2011 03:23:41] /a 2
[07/09/2011 03:23:41] /a 2
[07/09/2011 03:23:41] /a 2
[07/09/2011 03:23:41] /a 2
[07/09/2011 03:23:41] /a 2
[07/09/2011 03:23:41] /a 2
[07/09/2011 03:23:41] /a 2
[07/09/2011 03:23:41] /a 2
[07/09/2011 03:23:41] /a 2
[07/09/2011 03:23:41] /a 2
[07/09/2011 03:23:41] /a 2
[07/09/2011 03:23:41] /a 2
[07/09/2011 03:23:41] /a 2
[07/09/2011 03:23:41] /a 2
[07/09/2011 03:23:41] /a 2
[07/09/2011 03:23:41] /a 2
[07/09/2011 03:23:41] /a 2
[07/09/2011 03:23:41] /a 2
[07/09/2011 03:23:41] /a 2
[07/09/2011 03:23:42] /a 2
[07/09/2011 03:23:42] /a 2
[07/09/2011 03:23:42] /a 2
[07/09/2011 03:23:42] /a 2
[07/09/2011 03:23:42] /a 2
[07/09/2011 03:23:42] /a 2
[07/09/2011 03:23:42] /a 2
[07/09/2011 03:23:42] /a 2
[07/09/2011 03:23:42] /a 2
[07/09/2011 03:23:43] /a 2
[07/09/2011 03:23:43] /a 2
[07/09/2011 03:23:43] /a 2
[07/09/2011 03:23:43] /a 2
[07/09/2011 03:23:44] /a 2
[07/09/2011 03:23:44] /a 2
[07/09/2011 03:23:44] /a 2
[07/09/2011 03:23:44] /a 2
[07/09/2011 03:23:44] /a 2
[07/09/2011 03:23:44] /a 2
[07/09/2011 03:23:44] /a 2
[07/09/2011 03:23:44] /a 2
[07/09/2011 03:23:44] /a 2
[07/09/2011 03:23:44] /a 2
[07/09/2011 03:23:44] /a 2
[07/09/2011 03:23:44] /a 2
[07/09/2011 03:23:44] /a 2
[07/09/2011 03:23:44] /a 2
[07/09/2011 03:23:44] /a 2
[07/09/2011 03:23:44] /a 2
[07/09/2011 03:23:44] /a 2
[07/09/2011 03:23:44] /a 2
[07/09/2011 03:23:44] /a 2
[07/09/2011 03:23:44] /a 2
[07/09/2011 03:23:44] /a 2
[07/09/2011 03:23:44] /a 2
[07/09/2011 03:23:44] /a 2
[07/09/2011 03:23:44] /a 2
[07/09/2011 03:23:44] /a 2
[07/09/2011 03:23:44] /a 2
[07/09/2011 03:23:44] /a 2
[07/09/2011 03:23:44] /a 2
[07/09/2011 03:23:45] /a 2
[07/09/2011 03:23:45] /a 2
[07/09/2011 03:23:45] /a 2
[07/09/2011 03:23:45] /a 2
[07/09/2011 03:23:45] /a 2
[07/09/2011 03:23:45] /a 2
[07/09/2011 03:23:45] /a 2
[07/09/2011 03:23:45] /a 2
[07/09/2011 03:23:45] /a 2
[07/09/2011 03:23:45] /a 2
[07/09/2011 03:23:45] /a 2
[07/09/2011 03:23:45] /a 2
[07/09/2011 03:23:45] /a 2
[07/09/2011 03:23:45] /a 2
[07/09/2011 03:23:45] /a 2
[07/09/2011 03:23:45] /a 2
[07/09/2011 03:23:45] /a 2
[07/09/2011 03:23:45] /a 2
[07/09/2011 03:23:45] /a 2
[07/09/2011 03:23:45] /a 2
[07/09/2011 03:23:45] /a 2
[07/09/2011 03:23:45] /a 2
[07/09/2011 03:23:45] /a 2
[07/09/2011 03:23:45] /a 2
[07/09/2011 03:23:45] /a 2
[07/09/2011 03:23:45] /a 2
[07/09/2011 03:23:45] /a 2
[07/09/2011 03:23:46] /a 2
[07/09/2011 03:23:46] /a 2
[07/09/2011 03:23:46] /a 2
[07/09/2011 03:23:46] /a 2
[07/09/2011 03:23:46] /a 2
[07/09/2011 03:23:46] /a 2
[07/09/2011 03:23:46] /a 2
[07/09/2011 03:23:46] /a 2
[07/09/2011 03:23:46] /a 2
[07/09/2011 03:23:46] /a 2
[07/09/2011 03:23:46] /a 2
[07/09/2011 03:23:46] /a 2
[07/09/2011 03:23:46] /a 2
[07/09/2011 03:23:46] /a 2
[07/09/2011 03:23:46] /a 2
[07/09/2011 03:23:46] /a 2
[07/09/2011 03:23:46] /a 2
[07/09/2011 03:23:46] /a 2
[07/09/2011 03:23:46] /a 2
[07/09/2011 03:23:46] /a 2
[07/09/2011 03:23:46] /a 2
[07/09/2011 03:23:46] /a 2
[07/09/2011 03:23:46] /a 2
[07/09/2011 03:23:46] /a 2
[07/09/2011 03:23:46] /a 2
[07/09/2011 03:23:46] /a 2
[07/09/2011 03:23:46] /a 2
[07/09/2011 03:23:46] /a 2
[07/09/2011 03:23:47] /a 2
[07/09/2011 03:23:47] /a 2
[07/09/2011 03:23:47] /a 2
[07/09/2011 03:23:47] /a 2
[07/09/2011 03:23:47] /a 2
[07/09/2011 03:23:47] /a 2
[07/09/2011 03:23:47] /a 2
[07/09/2011 03:23:47] /a 2
[07/09/2011 03:23:47] /a 2
[07/09/2011 03:23:47] /a 2
[07/09/2011 03:23:47] /a 2
[07/09/2011 03:23:47] /a 2
[07/09/2011 03:23:47] /a 2
[07/09/2011 03:23:47] /a 2
[07/09/2011 03:23:47] /a 2
[07/09/2011 03:23:47] /a 2
[07/09/2011 03:23:47] /a 2
[07/09/2011 03:23:47] /a 2
[07/09/2011 03:23:47] /a 2
[07/09/2011 03:23:47] /a 2
[07/09/2011 03:23:47] /a 2
[07/09/2011 03:23:47] /a 2
[07/09/2011 03:23:47] /a 2
[07/09/2011 03:23:47] /a 2
[07/09/2011 03:23:48] /a 2
[07/09/2011 03:23:48] /a 2
[07/09/2011 03:23:48] /a 2
[07/09/2011 03:23:48] /a 2
[07/09/2011 03:23:48] /a 2
[07/09/2011 03:23:48] /a 2
[07/09/2011 03:23:48] /a 2
[07/09/2011 03:23:48] /a 2
[07/09/2011 03:23:48] /a 2
[07/09/2011 03:23:48] /a 2
[07/09/2011 03:23:48] /a 2
[07/09/2011 03:23:48] /a 2
[07/09/2011 03:23:48] /a 2
[07/09/2011 03:23:48] /a 2
[07/09/2011 03:23:49] /a 2
[07/09/2011 03:23:50] /a 2
[07/09/2011 03:23:50] /a 2
[07/09/2011 03:23:50] /a 2
[07/09/2011 03:23:51] /a 2
[07/09/2011 03:23:51] /a 2
[07/09/2011 03:23:51] /a 2
[07/09/2011 03:23:51] /a 2
[07/09/2011 03:23:51] /a 2
[07/09/2011 03:23:51] /a 2
[07/09/2011 03:23:51] /a 2
[07/09/2011 03:23:51] /a 2
[07/09/2011 03:23:51] /a 2
[07/09/2011 03:23:51] /a 2
[07/09/2011 03:23:51] /a 2
[07/09/2011 03:23:51] /a 2
[07/09/2011 03:23:51] /a 2
[07/09/2011 03:23:51] /a 2
[07/09/2011 03:23:51] /a 2
[07/09/2011 03:23:51] /a 2
[07/09/2011 03:23:51] /a 2
[07/09/2011 03:23:51] /a 2
[07/09/2011 03:23:51] /a 2
[07/09/2011 03:23:51] /a 2
[07/09/2011 03:23:51] /a 2
[07/09/2011 03:23:51] /a 2
[07/09/2011 03:23:51] /a 2
[07/09/2011 03:23:51] /a 2
[07/09/2011 03:23:51] /a 2
[07/09/2011 03:23:51] /a 2
[07/09/2011 03:23:51] /a 2
[07/09/2011 03:23:51] /a 2
[07/09/2011 03:23:52] /a 2
[07/09/2011 03:23:52] /a 2
[07/09/2011 03:23:52] /a 2
[07/09/2011 03:23:52] /a 2
[07/09/2011 03:23:52] /a 2
[07/09/2011 03:23:52] /a 2
[07/09/2011 03:23:52] /a 2
[07/09/2011 03:23:52] /a 2
[07/09/2011 03:23:52] /a 2
[07/09/2011 03:23:52] /a 2
[07/09/2011 03:23:52] /a 2
[07/09/2011 03:23:52] /a 2
[07/09/2011 03:23:52] /a 2
[07/09/2011 03:23:52] /a 2
[07/09/2011 03:23:52] /a 2
[07/09/2011 03:23:52] /a 2
[07/09/2011 03:23:52] /a 2
[07/09/2011 03:23:52] /a 2
[07/09/2011 03:23:52] /a 2
[07/09/2011 03:23:52] /a 2
[07/09/2011 03:23:52] /a 2
[07/09/2011 03:23:52] /a 2
[07/09/2011 03:23:52] /a 2
[07/09/2011 03:23:52] /a 2
[07/09/2011 03:23:52] /a 2
[07/09/2011 03:23:52] /a 2
[07/09/2011 03:23:52] /a 2
[07/09/2011 03:23:52] /a 2
[07/09/2011 03:23:53] /a 2
[07/09/2011 03:23:53] /a 2
[07/09/2011 03:23:53] /a 2
[07/09/2011 03:23:53] /a 2
[07/09/2011 03:23:53] /a 2
[07/09/2011 03:23:53] /a 2
[07/09/2011 03:23:53] /a 2
[07/09/2011 03:23:53] /a 2
[07/09/2011 03:23:53] /a 2
[07/09/2011 03:23:53] /a 2
[07/09/2011 03:23:53] /a 2
[07/09/2011 03:23:53] /a 2
[07/09/2011 03:23:53] /a 2
[07/09/2011 03:23:53] /a 2
[07/09/2011 03:23:53] /a 2
[07/09/2011 03:23:53] /a 2
[07/09/2011 03:23:53] /a 2
[07/09/2011 03:23:53] /a 2
[07/09/2011 03:23:53] /a 2
[07/09/2011 03:23:53] /a 2
[07/09/2011 03:23:53] /a 2
[07/09/2011 03:23:53] /a 2
[07/09/2011 03:23:53] /a 2
[07/09/2011 03:23:53] /a 2
[07/09/2011 03:23:53] /a 2
[07/09/2011 03:23:53] /a 2
[07/09/2011 03:23:53] /a 2
[07/09/2011 03:23:53] /a 2
[07/09/2011 03:23:54] /a 2
[07/09/2011 03:23:54] /a 2
[07/09/2011 03:23:54] /a 2
[07/09/2011 03:23:54] /a 2
[07/09/2011 03:23:54] /a 2
[07/09/2011 03:23:54] /a 2
[07/09/2011 03:23:54] /a 2
[07/09/2011 03:23:54] /a 2
[07/09/2011 03:23:54] /a 2
[07/09/2011 03:23:54] /a 2
[07/09/2011 03:23:54] /a 2
[07/09/2011 03:23:54] /a 2
[07/09/2011 03:23:54] /a 2
[07/09/2011 03:23:54] /a 2
[07/09/2011 03:23:54] /a 2
[07/09/2011 03:23:54] /a 2
[07/09/2011 03:23:54] /a 2
[07/09/2011 03:23:54] /a 2
[07/09/2011 03:23:54] /a 2
[07/09/2011 03:23:54] /a 2
[07/09/2011 03:23:54] /a 2
[07/09/2011 03:23:54] /a 2
[07/09/2011 03:23:54] /a 2
[07/09/2011 03:23:54] /a 2
[07/09/2011 03:23:55] /a 2
[07/09/2011 03:23:55] /a 2
[07/09/2011 03:23:55] /a 2
[07/09/2011 03:23:55] /a 2
[07/09/2011 03:23:55] /a 2
[07/09/2011 03:23:55] /a 2
[07/09/2011 03:23:55] /a 2
[07/09/2011 03:23:55] /a 2
[07/09/2011 03:23:55] /a 2
[07/09/2011 03:23:55] /a 2
[07/09/2011 03:23:55] /a 2
[07/09/2011 03:23:56] /a 2
[07/09/2011 03:23:56] /a 2
[07/09/2011 03:23:56] /a 2
[07/09/2011 03:23:56] /a 2
[07/09/2011 03:23:56] /a 2
[07/09/2011 03:23:56] /a 2
[07/09/2011 03:23:56] /a 2
[07/09/2011 03:23:56] /a 2
[07/09/2011 03:23:56] /a 2
[07/09/2011 03:23:56] /a 2
[07/09/2011 03:23:56] /a 2
[07/09/2011 03:23:56] /a 2
[07/09/2011 03:23:56] /a 2
[07/09/2011 03:23:57] /a 2
[07/09/2011 03:23:57] /a 2
[07/09/2011 03:23:57] /a 2
[07/09/2011 03:23:57] /a 2
[07/09/2011 03:23:57] /a 2
[07/09/2011 03:23:57] /a 2
[07/09/2011 03:23:57] /a 2
[07/09/2011 03:23:57] /a 2
[07/09/2011 03:23:57] /a 2
[07/09/2011 03:23:57] /a 2
[07/09/2011 03:23:57] /a 2
[07/09/2011 03:23:57] /a 2
[07/09/2011 03:23:57] /a 2
[07/09/2011 03:23:57] /a 2
[07/09/2011 03:23:57] /a 2
[07/09/2011 03:23:57] /a 2
[07/09/2011 03:23:57] /a 2
[07/09/2011 03:23:57] /a 2
[07/09/2011 03:23:57] /a 2
[07/09/2011 03:23:57] /a 2
[07/09/2011 03:23:58] /a 2
[07/09/2011 03:23:58] /a 2
[07/09/2011 03:23:58] /a 2
[07/09/2011 03:23:58] /a 2
[07/09/2011 03:23:58] /a 2
[07/09/2011 03:23:58] /a 2
[07/09/2011 03:23:58] /a 2
[07/09/2011 03:23:58] /a 2
[07/09/2011 03:23:58] /a 2
[07/09/2011 03:23:58] /a 2
[07/09/2011 03:23:59] /a 2
[07/09/2011 03:23:59] /a 2
[07/09/2011 03:23:59] /a 2
[07/09/2011 03:23:59] /a 2
[07/09/2011 03:23:59] /a 2
[07/09/2011 03:23:59] /a 2
[07/09/2011 03:23:59] /a 2
[07/09/2011 03:23:59] /a 2
[07/09/2011 03:23:59] /a 2
[07/09/2011 03:23:59] /a 2
[07/09/2011 03:23:59] /a 2
[07/09/2011 03:23:59] /a 2
[07/09/2011 03:23:59] /a 2
[07/09/2011 03:23:59] /a 2
[07/09/2011 03:23:59] /a 2
[07/09/2011 03:23:59] /a 2
[07/09/2011 03:24:00] /a 2
[07/09/2011 03:24:00] /a 2
[07/09/2011 03:24:00] /a 2
[07/09/2011 03:24:00] /a 2
[07/09/2011 03:24:00] /a 2
[07/09/2011 03:24:00] /a 2
[07/09/2011 03:24:00] /a 2
[07/09/2011 03:24:00] /a 2
[07/09/2011 03:24:00] /a 2
[07/09/2011 03:24:00] /a 2
[07/09/2011 03:24:00] /a 2
[07/09/2011 03:24:00] /a 2
[07/09/2011 03:24:01] /a 2
[07/09/2011 03:24:01] /a 2
[07/09/2011 03:24:01] /a 2
[07/09/2011 03:24:01] /a 2
[07/09/2011 03:24:01] /a 2
[07/09/2011 03:24:02] /a 2
[07/09/2011 03:24:02] /a 2
[07/09/2011 03:24:02] /a 2
[07/09/2011 03:24:02] /a 2
[07/09/2011 03:24:02] /a 2
[07/09/2011 03:24:02] /a 2
[07/09/2011 03:24:02] /a 2
[07/09/2011 03:24:03] /a 2
[07/09/2011 03:24:03] /a 2
[07/09/2011 03:24:03] /a 2
[07/09/2011 03:24:03] /a 2
[07/09/2011 03:24:03] /a 2
[07/09/2011 03:24:03] /a 2
[07/09/2011 03:24:03] /a 2
[07/09/2011 03:24:03] /a 2
[07/09/2011 03:24:03] /a 2
[07/09/2011 03:24:03] /a 2
[07/09/2011 03:24:03] /a 2
[07/09/2011 03:24:03] /a 2
[07/09/2011 03:24:03] /a 2
[07/09/2011 03:24:03] /a 2
[07/09/2011 03:24:03] /a 2
[07/09/2011 03:24:03] /a 2
[07/09/2011 03:24:03] /a 2
[07/09/2011 03:24:03] /a 2
[07/09/2011 03:24:03] /a 2
[07/09/2011 03:24:03] /a 2
[07/09/2011 03:24:03] /a 2
[07/09/2011 03:24:03] /a 2
[07/09/2011 03:24:03] /a 2
[07/09/2011 03:24:03] /a 2
[07/09/2011 03:24:03] /a 2
[07/09/2011 03:24:03] /a 2
[07/09/2011 03:24:03] /a 2
[07/09/2011 03:24:03] /a 2
[07/09/2011 03:24:04] /a 2
[07/09/2011 03:24:04] /a 2
[07/09/2011 03:24:04] /a 2
[07/09/2011 03:24:04] /a 2
[07/09/2011 03:24:04] /a 2
[07/09/2011 03:24:04] /a 2
[07/09/2011 03:24:04] /a 2
[07/09/2011 03:24:04] /a 2
[07/09/2011 03:24:04] /a 2
[07/09/2011 03:24:04] /a 2
[07/09/2011 03:24:04] /a 2
[07/09/2011 03:24:04] /a 2
[07/09/2011 03:24:04] /a 2
[07/09/2011 03:24:04] /a 2
[07/09/2011 03:24:04] /a 2
[07/09/2011 03:24:04] /a 2
[07/09/2011 03:24:04] /a 2
[07/09/2011 03:24:04] /a 2
[07/09/2011 03:24:04] /a 2
[07/09/2011 03:24:04] /a 2
[07/09/2011 03:24:04] /a 2
[07/09/2011 03:24:04] /a 2
[07/09/2011 03:24:04] /a 2
[07/09/2011 03:24:04] /a 2
[07/09/2011 03:24:04] /a 2
[07/09/2011 03:24:04] /a 2
[07/09/2011 03:24:04] /a 2
[07/09/2011 03:24:04] /a 2
[07/09/2011 03:24:05] /a 2
[07/09/2011 03:24:05] /a 2
[07/09/2011 03:24:05] /a 2
[07/09/2011 03:24:05] /a 2
[07/09/2011 03:24:05] /a 2
[07/09/2011 03:24:05] /a 2
[07/09/2011 03:24:05] /a 2
[07/09/2011 03:24:05] /a 2
[07/09/2011 03:24:05] /a 2
[07/09/2011 03:24:05] /a 2
[07/09/2011 03:24:05] /a 2
[07/09/2011 03:24:05] /a 2
[07/09/2011 03:24:05] /a 2
[07/09/2011 03:24:05] /a 2
[07/09/2011 03:24:05] /a 2
[07/09/2011 03:24:05] /a 2
[07/09/2011 03:24:05] /a 2
[07/09/2011 03:24:05] /a 2
[07/09/2011 03:24:05] /a 2
[07/09/2011 03:24:05] /a 2
[07/09/2011 03:24:05] /a 2
[07/09/2011 03:24:05] /a 2
[07/09/2011 03:24:05] /a 2
[07/09/2011 03:24:05] /a 2
[07/09/2011 03:24:05] /a 2
[07/09/2011 03:24:05] /a 2
[07/09/2011 03:24:05] /a 2
[07/09/2011 03:24:05] /a 2
[07/09/2011 03:24:06] /a 2
[07/09/2011 03:24:06] /a 2
[07/09/2011 03:24:06] /a 2
[07/09/2011 03:24:06] /a 2
[07/09/2011 03:24:06] /a 2
[07/09/2011 03:24:06] /a 2
[07/09/2011 03:24:06] /a 2
[07/09/2011 03:24:06] /a 2
[07/09/2011 03:24:06] /a 2
[07/09/2011 03:24:06] /a 2
[07/09/2011 03:24:07] /a 2
[07/09/2011 03:24:07] /a 2
[07/09/2011 03:24:08] /a 2
[07/09/2011 03:24:08] /a 2
[07/09/2011 03:24:08] /a 2
[07/09/2011 03:24:08] /a 2
[07/09/2011 03:24:08] /a 2
[07/09/2011 03:24:08] /a 2
[07/09/2011 03:24:08] /a 2
[07/09/2011 03:24:08] /a 2
[07/09/2011 03:24:08] /a 2
[07/09/2011 03:24:08] /a 2
[07/09/2011 03:24:08] /a 2
[07/09/2011 03:24:08] /a 2
[07/09/2011 03:24:08] /a 2
[07/09/2011 03:24:08] /a 2
[07/09/2011 03:24:08] /a 2
[07/09/2011 03:24:08] /a 2
[07/09/2011 03:24:08] /a 2
[07/09/2011 03:24:08] /a 2
[07/09/2011 03:24:08] /a 2
[07/09/2011 03:24:08] /a 2
[07/09/2011 03:24:08] /a 2
[07/09/2011 03:24:08] /a 2
[07/09/2011 03:24:08] /a 2
[07/09/2011 03:24:08] /a 2
[07/09/2011 03:24:08] /a 2
[07/09/2011 03:24:08] /a 2
[07/09/2011 03:24:08] /a 2
[07/09/2011 03:24:08] /a 2
[07/09/2011 03:24:09] /a 2
[07/09/2011 03:24:09] /a 2
[07/09/2011 03:24:09] /a 2
[07/09/2011 03:24:09] /a 2
[07/09/2011 03:24:09] /a 2
[07/09/2011 03:24:09] /a 2
[07/09/2011 03:24:09] /a 2
[07/09/2011 03:24:09] /a 2
[07/09/2011 03:24:09] /a 2
[07/09/2011 03:24:09] /a 2
[07/09/2011 03:24:09] /a 2
[07/09/2011 03:24:09] /a 2
[07/09/2011 03:24:09] /a 2
[07/09/2011 03:24:09] /a 2
[07/09/2011 03:24:09] /a 2
[07/09/2011 03:24:09] /a 2
[07/09/2011 03:24:09] /a 2
[07/09/2011 03:24:09] /a 2
[07/09/2011 03:24:09] /a 2
[07/09/2011 03:24:09] /a 2
[07/09/2011 03:24:09] /a 2
[07/09/2011 03:24:09] /a 2
[07/09/2011 03:24:09] /a 2
[07/09/2011 03:24:09] /a 2
[07/09/2011 03:24:09] /a 2
[07/09/2011 03:24:09] /a 2
[07/09/2011 03:24:09] /a 2
[07/09/2011 03:24:09] /a 2
[07/09/2011 03:24:10] /a 2
[07/09/2011 03:24:10] /a 2
[07/09/2011 03:24:10] /a 2
[07/09/2011 03:24:10] /a 2
[07/09/2011 03:24:10] /a 2
[07/09/2011 03:24:10] /a 2
[07/09/2011 03:24:10] /a 2
[07/09/2011 03:24:10] /a 2
[07/09/2011 03:24:10] /a 2
[07/09/2011 03:24:10] /a 2
[07/09/2011 03:24:10] /a 2
[07/09/2011 03:24:10] /a 2
[07/09/2011 03:24:10] /a 2
[07/09/2011 03:24:10] /a 2
[07/09/2011 03:24:10] /a 2
[07/09/2011 03:24:10] /a 2
[07/09/2011 03:24:10] /a 2
[07/09/2011 03:24:10] /a 2
[07/09/2011 03:24:10] /a 2
[07/09/2011 03:24:10] /a 2
[07/09/2011 03:24:10] /a 2
[07/09/2011 03:24:10] /a 2
[07/09/2011 03:24:10] /a 2
[07/09/2011 03:24:10] /a 2
[07/09/2011 03:24:10] /a 2
[07/09/2011 03:24:10] /a 2
[07/09/2011 03:24:11] /a 2
[07/09/2011 03:24:11] /a 2
[07/09/2011 03:24:11] /a 2
[07/09/2011 03:24:11] /a 2
[07/09/2011 03:24:11] /a 2
[07/09/2011 03:24:11] /a 2
[07/09/2011 03:24:11] /a 2
[07/09/2011 03:24:11] /a 2
[07/09/2011 03:24:11] /a 2
[07/09/2011 03:24:11] /a 2
[07/09/2011 03:24:11] /a 2
[07/09/2011 03:24:11] /a 2
[07/09/2011 03:24:11] /a 2
[07/09/2011 03:24:11] /a 2
[07/09/2011 03:24:11] /a 2
[07/09/2011 03:24:11] /a 2
[07/09/2011 03:24:11] /a 2
[07/09/2011 03:24:11] /a 2
[07/09/2011 03:24:11] /a 2
[07/09/2011 03:24:11] /a 2
[07/09/2011 03:24:11] /a 2
[07/09/2011 03:24:11] /a 2
[07/09/2011 03:24:11] /a 2
[07/09/2011 03:24:11] /a 2
[07/09/2011 03:24:11] /a 2
[07/09/2011 03:24:11] /a 2
[07/09/2011 03:24:11] /a 2
[07/09/2011 03:24:11] /a 2
[07/09/2011 03:24:12] /a 2
[07/09/2011 03:24:12] /a 2
[07/09/2011 03:24:12] /a 2
[07/09/2011 03:24:12] /a 2
[07/09/2011 03:24:12] /a 2
[07/09/2011 03:24:12] /a 2
[07/09/2011 03:24:12] /a 2
[07/09/2011 03:24:12] /a 2
[07/09/2011 03:24:12] /a 2
[07/09/2011 03:24:12] /a 2
[07/09/2011 03:24:12] /a 2
[07/09/2011 03:24:12] /a 2
[07/09/2011 03:24:14] /a 2
[07/09/2011 03:24:14] /a 2
[07/09/2011 03:24:14] /a 2
[07/09/2011 03:24:14] /a 2
[07/09/2011 03:24:14] /a 2
[07/09/2011 03:24:14] /a 2
[07/09/2011 03:24:14] /a 2
[07/09/2011 03:24:15] /a 2
[07/09/2011 03:24:15] /a 2
[07/09/2011 03:24:15] /a 2
[07/09/2011 03:24:15] /a 2
[07/09/2011 03:24:15] /a 2
[07/09/2011 03:24:15] /a 2
[07/09/2011 03:24:15] /a 2
[07/09/2011 03:24:15] /a 2
[07/09/2011 03:24:15] /a 2
[07/09/2011 03:24:15] /a 2
[07/09/2011 03:24:15] /a 2
[07/09/2011 03:24:15] /a 2
[07/09/2011 03:24:15] /a 2
[07/09/2011 03:24:15] /a 2
[07/09/2011 03:24:15] /a 2
[07/09/2011 03:24:16] /a 2
[07/09/2011 03:24:16] /a 2
[07/09/2011 03:24:16] /a 2
[07/09/2011 03:24:16] /a 2
[07/09/2011 03:24:16] /a 2
[07/09/2011 03:24:16] /a 2
[07/09/2011 03:24:16] /a 2
[07/09/2011 03:24:16] /a 2
[07/09/2011 03:24:16] /a 2
[07/09/2011 03:24:16] /a 2
[07/09/2011 03:24:16] /a 2
[07/09/2011 03:24:16] /a 2
[07/09/2011 03:24:16] /a 2
[07/09/2011 03:24:16] /a 2
[07/09/2011 03:24:16] /a 2
[07/09/2011 03:24:16] /a 2
[07/09/2011 03:24:16] /a 2
[07/09/2011 03:24:16] /a 2
[07/09/2011 03:24:16] /a 2
[07/09/2011 03:24:16] /a 2
[07/09/2011 03:24:17] /a 2
[07/09/2011 03:24:17] /a 2
[07/09/2011 03:24:17] /a 2
[07/09/2011 03:24:17] /a 2
[07/09/2011 03:24:17] /a 2
[07/09/2011 03:24:17] /a 2
[07/09/2011 03:24:17] /a 2
[07/09/2011 03:24:17] /a 2
[07/09/2011 03:24:17] /a 2
[07/09/2011 03:24:17] /a 2
[07/09/2011 03:24:17] /a 2
[07/09/2011 03:24:17] /a 2
[07/09/2011 03:24:17] /a 2
[07/09/2011 03:24:17] /a 2
[07/09/2011 03:24:17] /a 2
[07/09/2011 03:24:17] /a 2
[07/09/2011 03:24:17] /a 2
[07/09/2011 03:24:17] /a 2
[07/09/2011 03:24:17] /a 2
[07/09/2011 03:24:17] /a 2
[07/09/2011 03:24:17] /a 2
[07/09/2011 03:24:17] /a 2
[07/09/2011 03:24:17] /a 2
[07/09/2011 03:24:17] /a 2
[07/09/2011 03:24:17] /a 2
[07/09/2011 03:24:17] /a 2
[07/09/2011 03:24:17] /a 2
[07/09/2011 03:24:18] /a 2
[07/09/2011 03:24:18] /a 2
[07/09/2011 03:24:18] /a 2
[07/09/2011 03:24:18] /a 2
[07/09/2011 03:24:18] /a 2
[07/09/2011 03:24:18] /a 2
[07/09/2011 03:24:18] /a 2
[07/09/2011 03:24:18] /a 2
[07/09/2011 03:24:18] /a 2
[07/09/2011 03:24:18] /a 2
[07/09/2011 03:24:18] /a 2
[07/09/2011 03:24:18] /a 2
[07/09/2011 03:24:18] /a 2
[07/09/2011 03:24:18] /a 2
[07/09/2011 03:24:18] /a 2
[07/09/2011 03:24:18] /a 2
[07/09/2011 03:24:18] /a 2
[07/09/2011 03:24:18] /a 2
[07/09/2011 03:24:18] /a 2
[07/09/2011 03:24:18] /a 2
[07/09/2011 03:24:18] /a 2
[07/09/2011 03:24:18] /a 2
[07/09/2011 03:24:18] /a 2
[07/09/2011 03:24:18] /a 2
[07/09/2011 03:24:18] /a 2
[07/09/2011 03:24:18] /a 2
[07/09/2011 03:24:18] /a 2
[07/09/2011 03:24:19] /a 2
[07/09/2011 03:24:19] /a 2
[07/09/2011 03:24:19] /a 2
[07/09/2011 03:24:19] /a 2
[07/09/2011 03:24:19] /a 2
[07/09/2011 03:24:19] /a 2
[07/09/2011 03:24:19] /a 2
[07/09/2011 03:24:19] /a 2
[07/09/2011 03:24:19] /a 2
[07/09/2011 03:24:19] /a 2
[07/09/2011 03:24:19] /a 2
[07/09/2011 03:24:19] /a 2
[07/09/2011 03:24:19] /a 2
[07/09/2011 03:24:19] /a 2
[07/09/2011 03:24:19] /a 2
[07/09/2011 03:24:19] /a 2
[07/09/2011 03:24:19] /a 2
[07/09/2011 03:24:19] /a 2
[07/09/2011 03:24:19] /a 2
[07/09/2011 03:24:19] /a 2
[07/09/2011 03:24:19] /a 2
[07/09/2011 03:24:19] /a 2
[07/09/2011 03:24:19] /a 2
[07/09/2011 03:24:19] /a 2
[07/09/2011 03:24:19] /a 2
[07/09/2011 03:24:19] /a 2
[07/09/2011 03:24:19] /a 2
[07/09/2011 03:24:19] /a 2
[07/09/2011 03:24:20] /a 2
[07/09/2011 03:24:20] /a 2
[07/09/2011 03:24:20] /a 2
[07/09/2011 03:24:20] /a 2
[07/09/2011 03:24:20] /a 2
[07/09/2011 03:24:20] /a 2
[07/09/2011 03:24:20] /a 2
[07/09/2011 03:24:20] /a 2
[07/09/2011 03:24:20] /a 2
[07/09/2011 03:24:20] /a 2
[07/09/2011 03:24:20] /a 2
[07/09/2011 03:24:20] /a 2
[07/09/2011 03:24:21] /a 2
[07/09/2011 03:24:21] /a 2
[07/09/2011 03:24:21] /a 2
[07/09/2011 03:24:21] /a 2
[07/09/2011 03:24:21] /a 2
[07/09/2011 03:24:21] /a 2
[07/09/2011 03:24:21] /a 2
[07/09/2011 03:24:21] /a 2
[07/09/2011 03:24:21] /a 2
[07/09/2011 03:24:21] /a 2
[07/09/2011 03:24:21] /a 2
[07/09/2011 03:24:21] /a 2
[07/09/2011 03:24:22] /a 2
[07/09/2011 03:24:22] /a 2
[07/09/2011 03:24:22] /a 2
[07/09/2011 03:24:22] /a 2
[07/09/2011 03:24:22] /a 2
[07/09/2011 03:24:22] /a 2
[07/09/2011 03:24:22] /a 2
[07/09/2011 03:24:22] /a 2
[07/09/2011 03:24:22] /a 2
[07/09/2011 03:24:23] /a 2
[07/09/2011 03:24:23] /a 2
[07/09/2011 03:24:23] /a 2
[07/09/2011 03:24:23] /a 2
[07/09/2011 03:24:23] /a 2
[07/09/2011 03:24:23] /a 2
[07/09/2011 03:24:23] /a 2
[07/09/2011 03:24:23] /a 2
[07/09/2011 03:24:23] /a 2
[07/09/2011 03:24:23] /a 2
[07/09/2011 03:24:23] /a 2
[07/09/2011 03:24:23] /a 2
[07/09/2011 03:24:23] /a 2
[07/09/2011 03:24:23] /a 2
[07/09/2011 03:24:23] /a 2
[07/09/2011 03:24:23] /a 2
[07/09/2011 03:24:23] /a 2
[07/09/2011 03:24:24] /a 2
[07/09/2011 03:24:24] /a 2
[07/09/2011 03:24:24] /a 2
[07/09/2011 03:24:24] /a 2
[07/09/2011 03:24:24] /a 2
[07/09/2011 03:24:24] /a 2
[07/09/2011 03:24:24] /a 2
[07/09/2011 03:24:24] /a 2
[07/09/2011 03:24:24] /a 2
[07/09/2011 03:24:24] /a 2
[07/09/2011 03:24:25] /a 2
[07/09/2011 03:24:25] /a 2
[07/09/2011 03:24:25] /a 2
[07/09/2011 03:24:25] /a 2
[07/09/2011 03:24:25] /a 2
[07/09/2011 03:24:25] /a 2
[07/09/2011 03:24:25] /a 2
[07/09/2011 03:24:26] /a 2
[07/09/2011 03:24:26] /a 2
[07/09/2011 03:24:26] /a 2
[07/09/2011 03:24:26] /a 2
[07/09/2011 03:24:26] /a 2
[07/09/2011 03:24:26] /a 2
[07/09/2011 03:24:26] /a 2
[07/09/2011 03:24:26] /a 2
[07/09/2011 03:24:26] /a 2
[07/09/2011 03:24:26] /a 2
[07/09/2011 03:24:26] /a 2
[07/09/2011 03:24:26] /a 2
[07/09/2011 03:24:26] /a 2
[07/09/2011 03:24:26] /a 2
[07/09/2011 03:24:26] /a 2
[07/09/2011 03:24:26] /a 2
[07/09/2011 03:24:26] /a 2
[07/09/2011 03:24:26] /a 2
[07/09/2011 03:24:26] /a 2
[07/09/2011 03:24:26] /a 2
[07/09/2011 03:24:26] /a 2
[07/09/2011 03:24:26] /a 2
[07/09/2011 03:24:26] /a 2
[07/09/2011 03:24:26] /a 2
[07/09/2011 03:24:26] /a 2
[07/09/2011 03:24:26] /a 2
[07/09/2011 03:24:27] /a 2
[07/09/2011 03:24:27] /a 2
[07/09/2011 03:24:27] /a 2
[07/09/2011 03:24:28] /a 2
[07/09/2011 03:24:28] /a 2
[07/09/2011 03:24:28] /a 2
[07/09/2011 03:24:30] /a 2
[07/09/2011 03:24:30] /a 2
[07/09/2011 03:24:30] /a 2
[07/09/2011 03:24:30] /a 2
[07/09/2011 03:24:30] /a 2
[07/09/2011 03:24:30] /a 2
[07/09/2011 03:24:30] /a 2
[07/09/2011 03:24:30] /a 2
[07/09/2011 03:24:31] /a 2
[07/09/2011 03:24:31] /a 2
[07/09/2011 03:24:31] /a 2
[07/09/2011 03:24:31] /a 2
[07/09/2011 03:24:31] /a 2
[07/09/2011 03:24:31] /a 2
[07/09/2011 03:24:31] /a 2
[07/09/2011 03:24:31] /a 2
[07/09/2011 03:24:32] /a 2
[07/09/2011 03:24:32] /a 2
[07/09/2011 03:24:32] /a 2
[07/09/2011 03:24:32] /a 2
[07/09/2011 03:24:32] /a 2
[07/09/2011 03:24:32] /a 2
[07/09/2011 03:24:32] /a 2
[07/09/2011 03:24:32] /a 2
[07/09/2011 03:24:32] /a 2
[07/09/2011 03:24:32] /a 2
[07/09/2011 03:24:32] /a 2
[07/09/2011 03:24:32] /a 2
[07/09/2011 03:24:34] /a 2
[07/09/2011 03:24:34] /a 2
[07/09/2011 03:24:34] /a 2
[07/09/2011 03:24:34] /a 2
[07/09/2011 03:24:34] /a 2
[07/09/2011 03:24:34] /a 2
[07/09/2011 03:24:34] /a 2
[07/09/2011 03:24:34] /a 2
[07/09/2011 03:24:34] /a 2
[07/09/2011 03:24:35] /a 2
[07/09/2011 03:24:35] /a 2
[07/09/2011 03:24:35] /a 2
[07/09/2011 03:24:35] /a 2
[07/09/2011 03:24:35] /a 2
[07/09/2011 03:24:35] /a 2
