[01/12/2022 10:01:04] /r
[01/12/2022 10:01:09] /r
[01/12/2022 10:02:32] /a
[01/12/2022 10:02:51] /a
[01/12/2022 10:02:57] /town cerulean
[01/12/2022 10:03:01] /town 3
[01/12/2022 10:03:03] /town 4
[01/12/2022 10:03:07] /a 10
[01/12/2022 10:03:09] /a 10
[01/12/2022 10:03:10] /a 10
[01/12/2022 10:03:10] /a 10
[01/12/2022 10:03:12] /a 10
[01/12/2022 10:04:30] /a
[01/12/2022 10:04:33] /a
[01/12/2022 10:04:35] /town 3
[01/12/2022 10:04:36] /town 5
[01/12/2022 14:31:58] /goto chamander
[01/12/2022 14:32:00] /goto charmander
[01/12/2022 14:37:49] /i fire stone
[01/12/2022 14:58:17] /town 5
[01/12/2022 16:31:58] /a 100
[01/12/2022 16:32:00] /a 100
[01/12/2022 16:57:05] /reload actions
[01/12/2022 16:57:46] /reload actions
[01/12/2022 16:57:57] /reload actions
[01/12/2022 16:58:07] /reload actions
[01/12/2022 16:58:27] /reload actions
[01/12/2022 16:59:18] /reload actions
[01/12/2022 17:05:44] /reload actions
[02/12/2022 08:11:35] /town 5
[02/12/2022 08:12:38] /reload actions
[02/12/2022 08:13:03] /reload actions
[02/12/2022 08:13:34] /save
[02/12/2022 08:13:46] /save
[02/12/2022 08:16:27] /reload actions
[02/12/2022 08:17:28] /reload actions
[02/12/2022 08:18:34] /reload actions
[02/12/2022 08:20:22] /reload actions
[02/12/2022 08:26:59] /reload actions
[02/12/2022 08:28:46] /reload actions
[02/12/2022 08:29:20] /reload action
[15/12/2022 13:31:24] /m squirtle
[15/12/2022 13:31:36] /m charmander
[15/12/2022 13:31:39] /r
[15/12/2022 13:32:58] /m squirtle
[15/12/2022 13:33:13] /save
[15/12/2022 13:34:29] /m squirtle
[15/12/2022 13:34:30] /save
[15/12/2022 13:47:24] /m squirtle
[15/12/2022 13:49:40] /m rattata
[15/12/2022 13:49:49] /r
[15/12/2022 13:49:56] /m squirtle
[15/12/2022 13:59:43] /m bulbasaur
[15/12/2022 13:59:49] /r
[15/12/2022 14:00:07] /m squirtle
[15/12/2022 14:10:01] /m bulbasaur
[15/12/2022 14:10:05] /r
[15/12/2022 14:10:07] /m squirtle
[15/12/2022 14:11:10] /a
[15/12/2022 14:11:12] /addskill
[15/12/2022 14:11:16] /addskill Tungs, level, 100
[15/12/2022 14:11:28] /m bulbasaur
[15/12/2022 14:11:43] /m venusaur
[15/12/2022 14:46:05] /m bulbasaur
[15/12/2022 14:46:15] /m shiny bulbasaur
[15/12/2022 14:46:18] /m shiny oddish
[15/12/2022 14:46:30] /m venusaur
[15/12/2022 14:51:30] /reload action
[15/12/2022 15:17:44] /m bulbasaur
[15/12/2022 15:17:51] /m venusaur
[15/12/2022 15:20:02] /m ivysaur
[15/12/2022 15:21:12] /m ivysaur
[15/12/2022 15:21:44] /m blastoise
[15/12/2022 15:21:46] /r
[15/12/2022 15:23:38] /m ivysaur
[15/12/2022 15:24:28] /m ivisaur
[15/12/2022 15:24:30] /m ivysaur
[15/12/2022 15:25:27] /m charmander
[15/12/2022 15:28:12] /m ivysaur
[15/12/2022 15:30:20] /m ivyraus
[15/12/2022 15:30:22] /m ivysaur
[15/12/2022 15:32:11] /m ivysaur
[15/12/2022 15:34:33] /m ivysaur
[15/12/2022 15:40:09] /m ivysaur
[15/12/2022 15:41:40] /m ivysaur
[15/12/2022 15:43:55] /m ivysaur
[15/12/2022 15:44:23] /m ivysaur
[15/12/2022 15:46:44] /m venusaur
[15/12/2022 15:52:30] /m venusaur
[15/12/2022 15:53:29] /m ivysaur
[15/12/2022 15:56:04] /i revive, 1
[15/12/2022 15:56:09] /i revive
[15/12/2022 16:09:01] /m ivysaur
[15/12/2022 16:09:47] /reload talkactions
[15/12/2022 16:14:17] /reload talkactions
[15/12/2022 16:14:24] /n nick
[15/12/2022 16:14:42] /i 2160
[15/12/2022 16:14:53] /r
[15/12/2022 16:14:57] /m venusaur
[15/12/2022 16:15:51] /reload talkactions
[15/12/2022 16:16:30] /r
[15/12/2022 16:16:34] /m ivysaur
[15/12/2022 16:18:04] /m ivysaur
[15/12/2022 16:20:50] /r
[15/12/2022 16:20:51] /r
[15/12/2022 16:21:00] /m ivysaur
[15/12/2022 16:24:06] /m ivysaur
[15/12/2022 16:24:45] /r
[15/12/2022 16:35:39] /m ivysaur
[15/12/2022 16:40:58] /m ivysaur
[15/12/2022 16:43:13] /m ivysaur
[16/12/2022 08:23:50] /m ivysaur
[16/12/2022 08:26:34] /m ivysaur
[16/12/2022 08:31:25] /m ivysaur
[16/12/2022 08:33:44] /m ivysaur
[16/12/2022 08:34:26] /r
[16/12/2022 08:37:03] /m ivysaur
[16/12/2022 08:38:05] /m ivysaur
[16/12/2022 08:41:27] /m ivysaur
[16/12/2022 08:42:21] /m ivysaur
[16/12/2022 08:44:29] /m ivysaur
[16/12/2022 08:45:25] /m rattata
[16/12/2022 08:45:47] /m ivysaur
[16/12/2022 08:49:59] /m ivysaur
[16/12/2022 08:53:23] /m ivysaur
[16/12/2022 08:54:19] /m ivysaur
[16/12/2022 08:56:03] /m raticate
[16/12/2022 08:57:18] /m hitmonchan
[16/12/2022 08:57:26] /r
[16/12/2022 09:19:08] /m dodrio
[16/12/2022 09:19:35] /r
[16/12/2022 09:19:36] /m fearow
[16/12/2022 09:19:55] /r
[16/12/2022 09:20:00] /m vulpix
[16/12/2022 09:20:21] /r
[16/12/2022 09:20:39] /m 
[16/12/2022 09:20:42] /m charmander
[16/12/2022 09:21:05] /r
[16/12/2022 09:21:07] /m charmeleon
[16/12/2022 09:21:22] /r
[16/12/2022 09:21:26] /m squirtle
[16/12/2022 09:21:42] /r
[16/12/2022 10:36:47] /m ivysaur
[16/12/2022 10:59:55] /m ivysaur
[16/12/2022 11:02:09] /m charmander
[16/12/2022 11:05:52] /m ivysaur
[16/12/2022 11:08:22] /m ivysaur
[16/12/2022 11:10:35] /m ivysaur
[16/12/2022 11:13:05] /m ivysaur
[16/12/2022 11:14:56] /m ivysaur
[16/12/2022 11:23:17] /m ivysaur
[16/12/2022 11:26:30] /m ivysaur
