[27/07/2014 23:50:48] /t
[27/07/2014 23:51:29] /i bike
[27/07/2014 23:54:03] /i Heart stone
[27/07/2014 23:54:03] /i Heart stone
[27/07/2014 23:54:04] /i Heart stone
[27/07/2014 23:54:04] /i Heart stone
[27/07/2014 23:54:20] /addskill Valakinhas, level up, 500
[27/07/2014 23:56:46] /t
[27/07/2014 23:56:52] /town 1
[27/07/2014 23:56:54] /town 2
[27/07/2014 23:56:56] /town 3
[27/07/2014 23:56:59] /town 4
[27/07/2014 23:57:03] /town 4
[27/07/2014 23:57:07] /town 5
[28/07/2014 11:00:28] /t
[28/07/2014 11:00:34] /t
[28/07/2014 11:00:35] /t
[28/07/2014 11:00:39] /a
[28/07/2014 11:01:35] /t
[28/07/2014 11:01:38] /t
[28/07/2014 11:01:39] /t
[28/07/2014 11:03:12] /t
[28/07/2014 11:03:13] /t
[28/07/2014 11:03:14] /t
[28/07/2014 11:03:15] /t
[28/07/2014 11:03:16] /t
[28/07/2014 11:06:01] /t
[28/07/2014 11:06:12] /m caterpies s
[28/07/2014 11:06:20] /m Caterpie s
[28/07/2014 11:09:14] /goto shiny charizard
[28/07/2014 11:57:12] /c account manage
[28/07/2014 11:57:22] /c Account Manager
[28/07/2014 11:57:24] /c Account Manager
[28/07/2014 11:57:26] /goto Account Manager
[28/07/2014 11:57:39] /attr group 6
[28/07/2014 11:57:40] /r
[28/07/2014 12:01:28] /addskill Masle, level up, 150
[28/07/2014 12:02:49] /n nurse
[28/07/2014 12:06:33] /a 50
[28/07/2014 12:06:36] /a 5
[28/07/2014 12:06:37] /a 5
[28/07/2014 12:06:59] /b aqui tem o bug que o pokemon some
[28/07/2014 12:07:11] /b e de source, da para tirar
[28/07/2014 12:07:56] /b quem colocou essas aura no pokemon e um grande filho da puta
[28/07/2014 12:08:05] /a 4
[28/07/2014 12:08:08] /a 5
[28/07/2014 12:08:15] /a
[28/07/2014 12:08:28] /goto masle
[28/07/2014 12:08:31] /goto masle
[28/07/2014 12:09:17] /b no criatures xml  os pokemons tem uma passiva aura, mo bodta da ero na distro dps eu tiro
[28/07/2014 12:11:32] /reload talkaction
[28/07/2014 12:13:48] /cliport
[28/07/2014 12:13:51] /send
[28/07/2014 12:13:56] /send 210
[28/07/2014 12:14:20] /i 1287
[28/07/2014 12:14:26] /i 1387
[28/07/2014 12:14:55] /attr position 1047 808 6
[28/07/2014 12:16:41] /a
[28/07/2014 12:16:44] /a
[28/07/2014 12:16:44] /a
[28/07/2014 12:16:45] /a
[28/07/2014 12:16:46] /a
[28/07/2014 12:16:46] /a
[28/07/2014 12:16:47] /a
[28/07/2014 12:16:48] /a
[28/07/2014 12:16:48] /a
[28/07/2014 12:16:49] /a
[28/07/2014 12:16:49] /a
[28/07/2014 12:16:50] /a
[28/07/2014 12:16:50] /a
[28/07/2014 12:16:51] /a
[28/07/2014 12:33:48] /m caterpie s
[28/07/2014 12:33:57] /attr maxhealth 999999999
[28/07/2014 12:34:00] /attr health 999999999
[28/07/2014 12:34:28] /n nurse
[28/07/2014 12:34:30] /r
[28/07/2014 14:10:30] /t
[28/07/2014 14:10:55] /i 1987
[28/07/2014 14:11:07] /m caterpie s
[28/07/2014 14:11:16] /attr maxhealth 999999999
[28/07/2014 14:11:22] /attr health 999999999
[28/07/2014 14:16:37] /m caterpie
[28/07/2014 14:17:02] /r
[28/07/2014 14:18:43] /m caterpie SS
[28/07/2014 14:18:47] /m caterpie S
[28/07/2014 14:24:53] /n nurse
[28/07/2014 14:35:25] /attr group 6
[28/07/2014 14:36:27] /r
[28/07/2014 14:58:18] /i Heart stone
[28/07/2014 14:58:18] /i Heart stone
[28/07/2014 15:15:43] /m Caterpie
[28/07/2014 15:16:24] /m caterpie
[28/07/2014 15:16:35] /m caterpie s
[28/07/2014 15:17:39] /m Caterpie s
[28/07/2014 15:17:45] /attr maxhealth 999999999
[28/07/2014 15:17:50] /attr  health 999999999
[28/07/2014 15:29:27] /m farfetchd
[28/07/2014 15:29:32] /r
[28/07/2014 15:29:40] /m farfetchd
[28/07/2014 15:29:44] /r
[28/07/2014 15:37:32] /m caterpie
[28/07/2014 18:31:50] /n nurse
[28/07/2014 18:31:56] /m caterpie s
[28/07/2014 18:32:02] /r
[28/07/2014 18:32:05] /m caterpie
[28/07/2014 18:32:20] /r
[28/07/2014 18:32:40] /m caterpie s
[28/07/2014 18:32:54] /attr maxhealth 99999999
[28/07/2014 18:33:00] /attr health 99999999
[28/07/2014 18:33:01] /attr health 99999999
[28/07/2014 18:53:34] /newtype 160
[28/07/2014 18:53:46] /newtype 143
[28/07/2014 19:04:18] /i Saffari ball
[28/07/2014 19:12:45] /clean
[28/07/2014 19:33:50] /clean
[28/07/2014 20:40:17] /reload talkaction
[28/07/2014 20:50:09] /newtype 262
[28/07/2014 20:50:25] /reload talkaction
[28/07/2014 20:52:17] /m caterpie
[28/07/2014 20:53:24] /m caterpie s
[28/07/2014 20:53:30] /attr maxhealth 99999999
[28/07/2014 20:53:36] /attr health 99999999
[29/07/2014 00:01:54] /clean
[29/07/2014 12:46:34] /n nurse
[29/07/2014 12:47:03] /m caterpie s
[29/07/2014 12:47:13] /attr maxhealth 99999999
[29/07/2014 12:47:18] /attr health 99999999
[29/07/2014 12:58:11] /newtype 284
[29/07/2014 13:27:45] /m Slowpoke
[29/07/2014 13:27:49] /r
[29/07/2014 13:30:08] /reload talkaction
[29/07/2014 13:30:48] /reload talkaction
[29/07/2014 14:29:54] /n nurse
[29/07/2014 14:30:16] /attr maxhealth 99999999
[29/07/2014 14:30:20] /attr maxhealth 99999999
[29/07/2014 14:30:21] /attr maxhealth 99999999
[29/07/2014 14:30:26] /attr health 99999999
[29/07/2014 14:30:28] /attr health 99999999
[29/07/2014 14:30:29] /attr health 99999999
[29/07/2014 14:47:12] /attr maxhealth 999999999
[29/07/2014 14:47:16] /attr health 999999999
[29/07/2014 14:47:18] /attr health 999999999
[29/07/2014 14:47:22] /n nurse
[29/07/2014 14:50:08] /m charizard s
[29/07/2014 14:53:41] /m charizard
[29/07/2014 14:53:54] /r
[29/07/2014 14:54:04] /r
[29/07/2014 19:41:35] /t
[29/07/2014 19:43:01] /t
[30/07/2014 11:32:29] /t
[30/07/2014 11:32:38] /r
[30/07/2014 12:00:36] /attr maxhealth 99999999
[30/07/2014 12:00:40] /attr health 99999999
[30/07/2014 12:03:10] /reload talkaction
[30/07/2014 12:05:32] /reload talkaction
[30/07/2014 12:08:08] /reload talkaction
[30/07/2014 12:20:20] /reload talkaction
[30/07/2014 12:23:14] /m charmander s
[30/07/2014 12:23:21] /r
[30/07/2014 12:23:24] /m charmander
[30/07/2014 12:23:43] /m Abra
[30/07/2014 12:23:56] /r
[30/07/2014 12:25:35] /m abra
[30/07/2014 12:25:42] /r
[30/07/2014 12:25:44] /m abra s
[30/07/2014 12:25:50] /r
[30/07/2014 12:27:51] /reload talkaction
[30/07/2014 12:30:22] /reload talkaction
[30/07/2014 12:32:09] /reload talkaction
[30/07/2014 12:34:00] /reload talkaction
[30/07/2014 12:34:49] /reload talkaction
[30/07/2014 12:37:17] /reload talkaction
[30/07/2014 12:40:10] /reload talkaction
[30/07/2014 12:40:32] /reload talkaction
[30/07/2014 12:46:11] /reload talkaction
[30/07/2014 12:52:51] /reload config
[30/07/2014 12:53:21] /reload talkaction
[30/07/2014 13:25:25] /r all
[30/07/2014 13:25:26] /r all
[30/07/2014 13:25:27] /r all
[30/07/2014 13:25:27] /r all
[30/07/2014 13:25:28] /r all
[30/07/2014 13:25:29] /r
[30/07/2014 13:25:29] /r
[30/07/2014 13:25:31] /r
[30/07/2014 13:25:31] /r
[30/07/2014 13:25:32] /r
[30/07/2014 13:25:32] /r
[30/07/2014 13:25:35] /r all
[30/07/2014 13:25:35] /r all
[30/07/2014 13:25:36] /r all
[30/07/2014 13:25:36] /r all
[30/07/2014 13:25:37] /r all
[30/07/2014 13:25:37] /r all
[30/07/2014 13:25:38] /r all
[30/07/2014 13:25:38] /r all
[30/07/2014 13:25:38] /r all
[30/07/2014 13:25:39] /r all
[30/07/2014 13:25:39] /r all
[30/07/2014 13:25:40] /r all
[30/07/2014 13:25:40] /r all
[30/07/2014 13:25:40] /r all
[30/07/2014 13:25:41] /r all
[30/07/2014 13:25:41] /r all
[30/07/2014 13:25:41] /r all
[30/07/2014 13:25:42] /r all
[30/07/2014 13:25:42] /r all
[30/07/2014 13:25:42] /r all
[30/07/2014 13:25:43] /r all
[30/07/2014 13:25:44] /r all
[30/07/2014 13:25:45] /r all
[30/07/2014 13:25:45] /r all
[30/07/2014 13:25:47] /r all
[30/07/2014 13:25:51] /r 
[30/07/2014 13:25:52] /r 
[30/07/2014 13:25:56] /r 100
[30/07/2014 13:25:57] /r 100
[30/07/2014 13:25:58] /r 100
[30/07/2014 13:25:58] /r 100
[30/07/2014 13:25:59] /r 100
[30/07/2014 13:25:59] /r 100
[30/07/2014 13:35:21] /reload xml
[30/07/2014 13:46:29] /i 
[30/07/2014 13:46:32] /i 
[30/07/2014 13:46:36] /i 433
[30/07/2014 13:46:42] /t
[30/07/2014 13:48:57] /i bike
[30/07/2014 14:02:15] /reload monsters
[30/07/2014 14:02:25] /m catepie s
[30/07/2014 14:02:41] /attr maxhealth 999999999
[30/07/2014 14:02:46] /attr health 999999999
[30/07/2014 14:44:08] /addskill Testepvp, level up, 500
[30/07/2014 14:44:15] /town 2
[30/07/2014 14:44:36] /c testepvp
[30/07/2014 14:47:59] /t
[30/07/2014 14:52:09] /reload config
[30/07/2014 14:52:28] /t
[30/07/2014 14:52:31] /town 2
[30/07/2014 14:52:34] /town 3
[30/07/2014 15:05:38] /t
[30/07/2014 15:08:54] /n mark
[30/07/2014 15:10:54] /i revive
[30/07/2014 15:11:04] /t
[30/07/2014 15:11:06] /town 3
[30/07/2014 15:11:27] /t
[30/07/2014 15:20:18] /i 2160
[30/07/2014 15:27:58] /n mark
[31/07/2014 13:07:33] /reload talkaction
[31/07/2014 13:08:17] /attr maxhealth 999999999
[31/07/2014 13:08:20] /attr health 999999999
[31/07/2014 13:11:56] /reload talkaction
[31/07/2014 13:13:20] /reload talkaction
[31/07/2014 13:15:35] /reload talkaction
[31/07/2014 13:16:48] /reload talkaction
[31/07/2014 13:24:44] /reload talkaction
[31/07/2014 13:31:42] /reload monsters
[31/07/2014 13:38:44] /m elekid s
[31/07/2014 13:38:47] /r
[31/07/2014 13:38:52] /m chikorita
[31/07/2014 13:38:56] /m chikorita
[31/07/2014 13:38:59] /m meganium
[01/08/2014 16:33:26] /attr maxhealth 8888888888
[01/08/2014 16:33:30] /attr health 8888888888
[01/08/2014 17:06:13] /reload spells
[02/08/2014 13:00:06] /reload creaturescript
[02/08/2014 14:44:07] /reload monsters
[02/08/2014 14:47:54] /reload monsters
[02/08/2014 14:47:56] /reload spells
[02/08/2014 14:48:43] /reload spells
[02/08/2014 14:55:50] /reload spells
[02/08/2014 14:56:43] /reload spells
[02/08/2014 14:57:41] /reload spells
[02/08/2014 14:59:53] /reload spells
[02/08/2014 15:01:55] /reload spells
[02/08/2014 15:03:29] /reload spells
[02/08/2014 15:05:06] /reload spells
[02/08/2014 15:08:13] /reload spells
[02/08/2014 15:12:21] /reload spells
[02/08/2014 15:13:36] /reload spells
[02/08/2014 15:14:31] /reload spells
[02/08/2014 15:15:30] /reload spells
[02/08/2014 15:16:15] /reload spells
[02/08/2014 15:16:37] /reload spells
[02/08/2014 15:17:01] /reload spells
[02/08/2014 15:17:51] /reload spells
[02/08/2014 15:18:30] /reload spells
[02/08/2014 15:19:49] /reload spells
[02/08/2014 15:20:42] /reload spells
[02/08/2014 15:21:31] /reload spells
[02/08/2014 15:22:41] /reload spells
[02/08/2014 15:23:24] /reload spells
[02/08/2014 15:23:49] /reload spells
[02/08/2014 15:24:14] /reload spells
[02/08/2014 15:25:54] /reload spells
[02/08/2014 15:26:45] /reload spells
[02/08/2014 15:28:53] /reload spells
[28/01/2015 23:52:50] /t
[29/01/2015 00:15:18] /r
[29/01/2015 00:15:21] /r
[29/01/2015 18:33:02] /m Wartortle
[29/01/2015 22:24:33] /m Charmeleon
[29/01/2015 22:46:31] /m Margikarp
[29/01/2015 22:46:36] /m magikarp
[29/01/2015 22:47:42] /m magikarp
[29/01/2015 22:51:04] /i ultraball
[29/01/2015 22:51:16] /i 2146
[29/01/2015 22:51:22] /m charmander
[29/01/2015 22:51:36] /m charmander
[29/01/2015 22:51:52] /m charmander
[29/01/2015 22:52:07] /m charmander
[29/01/2015 22:53:48] /m magikarp
[29/01/2015 22:54:24] /m magikarp
[29/01/2015 22:56:16] /m magikarp
[29/01/2015 22:57:26] /m magikarp
[29/01/2015 22:58:39] /m magikarp
[29/01/2015 22:59:42] /i 2147
[29/01/2015 22:59:53] /m margikarp
[29/01/2015 22:59:58] /m magikarp
[29/01/2015 23:01:32] /m magikarp
[01/02/2015 13:43:44] /i 7884
[01/02/2015 13:43:57] /i 7885
[01/02/2015 13:44:08] /i 7886
[01/02/2015 13:44:18] /i 7891
